   0.000000000      0.9313789310E-03
  0.1615885685E-01  0.9303940073E-03
  0.3231771371E-01  0.9274507963E-03
  0.4847657056E-01  0.9225839020E-03
  0.6463542742E-01  0.9158507437E-03
  0.8079428427E-01  0.9073311667E-03
  0.9695314113E-01  0.8971268825E-03
  0.1131119980      0.8853607200E-03
  0.1292708548      0.8721756662E-03
  0.1454297117      0.8577336626E-03
  0.1615885685      0.8422141196E-03
  0.1777474254      0.8258120974E-03
  0.1939062823      0.8087360971E-03
  0.2100651391      0.7912053973E-03
  0.2262239960      0.7734468687E-03
  0.2423828528      0.7556912109E-03
  0.2585417097      0.7381685722E-03
  0.2747005665      0.7211035555E-03
  0.2908594234      0.7047096723E-03
  0.3070182802      0.6891833964E-03
  0.3231771371      0.6746980641E-03
  0.3393359940      0.6613979832E-03
  0.3554948508      0.6493931993E-03
  0.3716537077      0.6387554203E-03
  0.3878125645      0.6295155797E-03
  0.4039714214      0.6216634186E-03
  0.4201302782      0.6151492849E-03
  0.4362891351      0.6098881202E-03
  0.4524479919      0.6057653615E-03
  0.4686068488      0.6026442942E-03
  0.4847657056      0.6003742697E-03
  0.5009245625      0.5987991762E-03
  0.5170834194      0.5977656120E-03
  0.5332422762      0.5971303200E-03
  0.5494011331      0.5967665825E-03
  0.5655599899      0.5965694050E-03
  0.5817188468      0.5964594204E-03
  0.5978777036      0.5963855154E-03
  0.6140365605      0.5963262158E-03
  0.6301954173      0.5962898763E-03
  0.6463542742      0.5963137131E-03
  0.6625131310      0.5964617045E-03
  0.6786719879      0.5968213789E-03
  0.6948308448      0.5974995157E-03
  0.7109897016      0.5986168176E-03
  0.7271485585      0.6003016690E-03
  0.7433074153      0.6026831748E-03
  0.7594662722      0.6058837735E-03
  0.7756251290      0.6100118113E-03
  0.7917839859      0.6151545343E-03
  0.8079428427      0.6213719841E-03
  0.8241016996      0.6286922382E-03
  0.8402605564      0.6371083352E-03
  0.8564194133      0.6465770640E-03
  0.8725782702      0.6570196131E-03
  0.8887371270      0.6513614582E-03
  0.9048959839      0.6452710535E-03
  0.9210548407      0.6387375567E-03
  0.9372136976      0.6317569222E-03
  0.9533725544      0.6243317486E-03
  0.9695314113      0.6164710038E-03
  0.9856902681      0.6081896356E-03
   1.001849125      0.5995080724E-03
   1.018007982      0.5904516228E-03
   1.034166839      0.5810497823E-03
   1.050325696      0.5713354552E-03
   1.066484552      0.5613441042E-03
   1.082643409      0.5511128389E-03
   1.098802266      0.5406794584E-03
   1.114961123      0.5300814662E-03
   1.131119980      0.5193550767E-03
   1.147278837      0.5085342356E-03
   1.163437694      0.4976496805E-03
   1.179596550      0.4867280678E-03
   1.195755407      0.4757911944E-03
   1.211914264      0.4648553414E-03
   1.228073121      0.4539307661E-03
   1.244231978      0.4430213649E-03
   1.260390835      0.4321245241E-03
   1.276549692      0.4212311691E-03
   1.292708548      0.4103260157E-03
   1.308867405      0.3993880164E-03
   1.325026262      0.3883909878E-03
   1.341185119      0.3773043973E-03
   1.357343976      0.3660942780E-03
   1.373502833      0.3547242407E-03
   1.389661690      0.3431565434E-03
   1.405820546      0.3313531830E-03
   1.421979403      0.3192769728E-03
   1.438138260      0.3068925731E-03
   1.454297117      0.2941674475E-03
   1.470455974      0.2810727219E-03
   1.486614831      0.2675839295E-03
   1.502773687      0.2536816305E-03
   1.518932544      0.2393519002E-03
   1.535091401      0.2245866829E-03
   1.551250258      0.2093840159E-03
   1.567409115      0.1937481246E-03
   1.583567972      0.1776894001E-03
   1.599726829      0.1612242639E-03
   1.615885685      0.1443749321E-03
   1.632044542      0.1271690869E-03
   1.648203399      0.1096394675E-03
   1.664362256      0.9182338853E-04
   1.680521113      0.7376219778E-04
   1.696679970      0.5550068126E-04
   1.712838827      0.3708642597E-04
   1.728997683      0.1856914872E-04
   1.745156540     -0.2119926836E-10
   1.761407614      0.1167636695E-04
   1.777658689      0.2335431344E-04
   1.793909763      0.3503448487E-04
   1.810160837      0.4671580312E-04
   1.826411911      0.5839495466E-04
   1.842662985      0.7006626520E-04
   1.858914059      0.8172203856E-04
   1.875165134      0.9335340005E-04
   1.891416208      0.1049516447E-03
   1.907667282      0.1165100499E-03
   1.923918356      0.1280260726E-03
   1.940169430      0.1395038111E-03
   1.956420504      0.1509565740E-03
   1.972671579      0.1624093640E-03
   1.988922653      0.1739010497E-03
   2.005173727      0.1854859764E-03
   2.021424801      0.1972347558E-03
   2.037675875      0.2092339914E-03
   2.053926949      0.2215847406E-03
   2.070178024      0.2343996099E-03
   2.086429098      0.2477985034E-03
   2.102680172      0.2619032110E-03
   2.118931246      0.2768311811E-03
   2.135182320      0.2926889640E-03
   2.151433394      0.3095658799E-03
   2.167684469      0.3275284552E-03
   2.183935543      0.3466160737E-03
   2.200186617      0.3668381258E-03
   2.216437691      0.3881727572E-03
   2.232688765      0.4105671446E-03
   2.248939839      0.4339391020E-03
   2.265190914      0.4581797485E-03
   2.281441988      0.4831569511E-03
   2.297693062      0.5087192755E-03
   2.313944136      0.5347002181E-03
   2.330195210      0.5609225416E-03
   2.346446284      0.5872025797E-03
   2.362697359      0.6133544140E-03
   2.378948433      0.6391938507E-03
   2.395199507      0.6645421426E-03
   2.411450581      0.6892294124E-03
   2.427701655      0.7130977362E-03
   2.443952729      0.7360038507E-03
   2.460203804      0.7578214455E-03
   2.476454878      0.7784430045E-03
   2.492705952      0.7977811601E-03
   2.508957026      0.8097202637E-03
   2.525208100      0.8127621752E-03
   2.541459174      0.8180722519E-03
   2.557710249      0.8254818699E-03
   2.573961323      0.8347083870E-03
   2.590212397      0.8453755210E-03
   2.606463471      0.8570387029E-03
   2.622714545      0.8692123423E-03
   2.638965619      0.8813963913E-03
   2.655216694      0.8931003777E-03
   2.671467768      0.9038639182E-03
   2.687718842      0.9132734116E-03
   2.703969916      0.9209750747E-03
   2.720220990      0.9266847244E-03
   2.736472064      0.9301947813E-03
   2.752723139      0.9313789310E-03
   2.768555520      0.9303531086E-03
   2.784387902      0.9272842776E-03
   2.800220284      0.9221983529E-03
   2.816052665      0.9151385507E-03
   2.831885047      0.9061654245E-03
   2.847717429      0.8953569170E-03
   2.863549810      0.8828084247E-03
   2.879382192      0.8686328742E-03
   2.895214573      0.8529608019E-03
   2.911046955      0.8359404245E-03
   2.926879337      0.8177376792E-03
   2.942711718      0.7985361970E-03
   2.958544100      0.7785371540E-03
   2.974376482      0.7579589211E-03
   2.990208863      0.7370363950E-03
   3.006041245      0.7160198562E-03
   3.021873627      0.6951731494E-03
   3.037706008      0.6747709401E-03
   3.053538390      0.6550947651E-03
   3.069370772      0.6364276021E-03
   3.085203153      0.6190467399E-03
   3.101035535      0.6032148873E-03
   3.116867917      0.5891697155E-03
   3.132700298      0.5771123957E-03
   3.148532680      0.5671961006E-03
   3.164365062      0.5595157879E-03
   3.180197443      0.5541007253E-03
   3.196029825      0.5509110379E-03
   3.211862206      0.5498390276E-03
   3.227694588      0.5507152506E-03
   3.243526970      0.5533185561E-03
   3.259359351      0.5573887192E-03
   3.275191733      0.5626400906E-03
   3.291024115      0.5687748269E-03
   3.306856496      0.5754946519E-03
   3.322688878      0.5825105677E-03
   3.338521260      0.5895503534E-03
   3.354353641      0.5963639971E-03
   3.370186023      0.6027273776E-03
   3.386018405      0.6084445755E-03
   3.401850786      0.6133491862E-03
   3.417683168      0.6173049555E-03
   3.433515550      0.6202059978E-03
   3.449347931      0.6219767898E-03
   3.465180313      0.6225720780E-03
   3.480923541      0.6224633663E-03
   3.496666769      0.6221416606E-03
   3.512409997      0.6216199729E-03
   3.528153225      0.6209190876E-03
   3.543896453      0.6200662807E-03
   3.559639681      0.6190936654E-03
   3.575382910      0.6180362977E-03
   3.591126138      0.6169301989E-03
   3.606869366      0.6158104665E-03
   3.622612594      0.6147096509E-03
   3.638355822      0.6136565575E-03
   3.654099050      0.6126756127E-03
   3.669842278      0.6117868828E-03
   3.685585506      0.6110067870E-03
   3.701328734      0.6103494790E-03
   3.717071962      0.6098288103E-03
   3.732815191      0.6094607245E-03
   3.748558419      0.6092658797E-03
   3.764301647      0.6092722532E-03
   3.780044875      0.6095174562E-03
   3.795788103      0.6100504754E-03
   3.811531331      0.6109325682E-03
   3.827274559      0.6122370704E-03
   3.843017787      0.6140479307E-03
   3.858761015      0.6164568725E-03
   3.874504243      0.6195591931E-03
   3.890247471      0.6234483486E-03
   3.905990700      0.6282096182E-03
   3.921733928      0.6339132832E-03
   3.937477156      0.6406078635E-03
   3.953220384      0.6483140087E-03
   3.968963612      0.6570196131E-03
   3.984706840      0.6483140087E-03
   4.000450068      0.6406078635E-03
   4.016193296      0.6339132832E-03
   4.031936524      0.6282096182E-03
   4.047679752      0.6234483486E-03
   4.063422981      0.6195591931E-03
   4.079166209      0.6164568725E-03
   4.094909437      0.6140479307E-03
   4.110652665      0.6122370704E-03
   4.126395893      0.6109325682E-03
   4.142139121      0.6100504754E-03
   4.157882349      0.6095174562E-03
   4.173625577      0.6092722532E-03
   4.189368805      0.6092658797E-03
   4.205112033      0.6094607245E-03
   4.220855262      0.6098288103E-03
   4.236598490      0.6103494790E-03
   4.252341718      0.6110067870E-03
   4.268084946      0.6117868828E-03
   4.283828174      0.6126756127E-03
   4.299571402      0.6136565575E-03
   4.315314630      0.6147096509E-03
   4.331057858      0.6158104665E-03
   4.346801086      0.6169301989E-03
   4.362544314      0.6180362977E-03
   4.378287543      0.6190936654E-03
   4.394030771      0.6200662807E-03
   4.409773999      0.6209190876E-03
   4.425517227      0.6216199729E-03
   4.441260455      0.6221416606E-03
   4.457003683      0.6224633663E-03
   4.472746911      0.6225720780E-03
   4.488939120      0.6220862340E-03
   4.505131328      0.6206333514E-03
   4.521323537      0.6182272443E-03
   4.537515745      0.6148904881E-03
   4.553707954      0.6106537567E-03
   4.569900162      0.6055549144E-03
   4.586092371      0.5996378798E-03
   4.602284579      0.5929512904E-03
   4.618476788      0.5855469993E-03
   4.634668996      0.5774784459E-03
   4.650861205      0.5559050825E-03
   4.667053413      0.5288888244E-03
   4.683245622      0.5013051686E-03
   4.699437830      0.4735554711E-03
   4.715630039      0.4460531357E-03
   4.731822247      0.4192161103E-03
   4.748014456      0.3934565688E-03
   4.764206664      0.3691668088E-03
   4.780398873      0.3467005811E-03
   4.796591081      0.3263497953E-03
   4.812783290      0.3083180732E-03
   4.828975498      0.2926948330E-03
   4.845167707      0.2794357397E-03
   4.861359915      0.2683560441E-03
   4.877552124      0.2591412499E-03
   4.893744332      0.2513748742E-03
   4.909936541      0.2445778727E-03
   4.926128749      0.2382513476E-03
   4.942320958      0.2319146819E-03
   4.958513166      0.2251343116E-03
   4.974705375      0.2175418921E-03
   4.990897583      0.2088431506E-03
   5.007089792      0.1988198131E-03
   5.023282000      0.1873270252E-03
   5.039474209      0.1742881956E-03
   5.055666417      0.1596885835E-03
   5.071858626      0.1435684363E-03
   5.088050834      0.1240428180E-03
   5.104243043      0.1009503991E-03
   5.120435251      0.7907343607E-04
   5.136627460      0.5826870712E-04
   5.152819668      0.3833236795E-04
   5.169011877      0.1900797429E-04
   5.185204085     -0.2119926836E-10
   5.201441086      0.1033422711E-04
   5.217678086      0.2089469474E-04
   5.233915086      0.3189318230E-04
   5.250152087      0.4351474729E-04
   5.266389087      0.5590915249E-04
   5.282626087      0.6918641964E-04
   5.298863088      0.8341603766E-04
   5.315100088      0.9862885690E-04
   5.331337088      0.1148206258E-03
   5.347574088      0.1319563140E-03
   5.363811089      0.1499746441E-03
   5.380048089      0.1687925087E-03
   5.396285089      0.1883091323E-03
   5.412522090      0.2012853089E-03
   5.428759090      0.2137982084E-03
   5.444996090      0.2261163411E-03
   5.461233091      0.2382806007E-03
   5.477470091      0.2503376397E-03
   5.493707091      0.2623387280E-03
   5.509944092      0.2743383859E-03
   5.526181092      0.2863928232E-03
   5.542418092      0.2985582326E-03
   5.558655093      0.3108889987E-03
   5.574892093      0.3234358919E-03
   5.591129093      0.3362443283E-03
   5.607366093      0.3493527684E-03
   5.623603094      0.3627913301E-03
   5.639840094      0.3765806694E-03
   5.656077094      0.3907311732E-03
   5.672314095      0.4052424841E-03
   5.688551095      0.4201033591E-03
   5.704788095      0.4352918452E-03
   5.721025096      0.4507757426E-03
   5.737262096      0.4665133132E-03
   5.753499096      0.4824541889E-03
   5.769736097      0.4985404332E-03
   5.785973097      0.5147077090E-03
   5.802210097      0.5308865137E-03
   5.818447098      0.5470034456E-03
   5.834684098      0.5629824736E-03
   5.850921098      0.5787461868E-03
   5.867158099      0.5942170073E-03
   5.883395099      0.6093183540E-03
   5.899632099      0.6165899083E-03
   5.915869099      0.6189637603E-03
   5.932106100      0.6208029282E-03
   5.948343100      0.6221303714E-03
   5.964580100      0.6229658505E-03
   5.980817101      0.6233267409E-03
   5.997054101      0.6232298004E-03
   6.013291101      0.6226941396E-03
   6.029528102      0.6217454728E-03
   6.045765102      0.6204213380E-03
   6.062002102      0.6187763882E-03
   6.078239103      0.6168862483E-03
   6.094476103      0.6148482069E-03
   6.110713103      0.6127775106E-03
   6.126950104      0.6107992751E-03
   6.143187104      0.6090374534E-03
   6.159424104      0.6076031754E-03
   6.175661104      0.6065847174E-03
   6.191898105      0.6060405855E-03
   6.208135105      0.6059962220E-03
   6.224372105      0.6064440814E-03
   6.240609106      0.6073463991E-03
   6.256846106      0.6086398481E-03
   6.273083106      0.6102413185E-03
   6.289320107      0.6120541790E-03
   6.305557107      0.6139745222E-03
   6.321794107      0.6158970378E-03
   6.338031108      0.6177202789E-03
   6.354268108      0.6193511918E-03
   6.370505108      0.6207088565E-03
   6.386742109      0.6217274425E-03
   6.402979109      0.6223584192E-03
   6.419216109      0.6225720780E-03
     
   0.000000000      0.9313789310E-03
  0.1615885685E-01  0.9311502856E-03
  0.3231771371E-01  0.9304644149E-03
  0.4847657056E-01  0.9293215438E-03
  0.6463542742E-01  0.9277221464E-03
  0.8079428427E-01  0.9256670896E-03
  0.9695314113E-01  0.9231578294E-03
  0.1131119980      0.9201966522E-03
  0.1292708548      0.9167869529E-03
  0.1454297117      0.9129335427E-03
  0.1615885685      0.9086429744E-03
  0.1777474254      0.9039238757E-03
  0.1939062823      0.8987872780E-03
  0.2100651391      0.8932469288E-03
  0.2262239960      0.8873195760E-03
  0.2423828528      0.8810252100E-03
  0.2585417097      0.8743872539E-03
  0.2747005665      0.8674326870E-03
  0.2908594234      0.8601920931E-03
  0.3070182802      0.8526996212E-03
  0.3231771371      0.8449928505E-03
  0.3393359940      0.8371125511E-03
  0.3554948508      0.8291023354E-03
  0.3716537077      0.8210081963E-03
  0.3878125645      0.8128779320E-03
  0.4039714214      0.8047604597E-03
  0.4201302782      0.7967050273E-03
  0.4362891351      0.7887603331E-03
  0.4524479919      0.7809735719E-03
  0.4686068488      0.7733894301E-03
  0.4847657056      0.7660490568E-03
  0.5009245625      0.7589890439E-03
  0.5170834194      0.7522404519E-03
  0.5332422762      0.7458279180E-03
  0.5494011331      0.7397688866E-03
  0.5655599899      0.7340729975E-03
  0.5817188468      0.7287416631E-03
  0.5978777036      0.7237678599E-03
  0.6140365605      0.7191361480E-03
  0.6301954173      0.7148229260E-03
  0.6463542742      0.7107969124E-03
  0.6625131310      0.7070198397E-03
  0.6786719879      0.7034473335E-03
  0.6948308448      0.7000299443E-03
  0.7109897016      0.6967142929E-03
  0.7271485585      0.6934442895E-03
  0.7433074153      0.6901623855E-03
  0.7594662722      0.6868108190E-03
  0.7756251290      0.6833328195E-03
  0.7917839859      0.6796737430E-03
  0.8079428427      0.6757821120E-03
  0.8241016996      0.6716105421E-03
  0.8402605564      0.6671165427E-03
  0.8564194133      0.6622631820E-03
  0.8725782702      0.6570196131E-03
  0.8887371270      0.6513614582E-03
  0.9048959839      0.6452710535E-03
  0.9210548407      0.6387375567E-03
  0.9372136976      0.6317569222E-03
  0.9533725544      0.6243317486E-03
  0.9695314113      0.6164710038E-03
  0.9856902681      0.6081896356E-03
   1.001849125      0.5995080724E-03
   1.018007982      0.5904516228E-03
   1.034166839      0.5810497823E-03
   1.050325696      0.5713354552E-03
   1.066484552      0.5613441042E-03
   1.082643409      0.5511128389E-03
   1.098802266      0.5406794584E-03
   1.114961123      0.5300814662E-03
   1.131119980      0.5193550767E-03
   1.147278837      0.5085342356E-03
   1.163437694      0.4976496805E-03
   1.179596550      0.4867280678E-03
   1.195755407      0.4757911944E-03
   1.211914264      0.4648553414E-03
   1.228073121      0.4539307661E-03
   1.244231978      0.4430213649E-03
   1.260390835      0.4321245241E-03
   1.276549692      0.4212311691E-03
   1.292708548      0.4103260157E-03
   1.308867405      0.3993880164E-03
   1.325026262      0.3883909878E-03
   1.341185119      0.3773043973E-03
   1.357343976      0.3660942780E-03
   1.373502833      0.3547242407E-03
   1.389661690      0.3431565434E-03
   1.405820546      0.3313531830E-03
   1.421979403      0.3192769728E-03
   1.438138260      0.3068925731E-03
   1.454297117      0.2941674475E-03
   1.470455974      0.2810727219E-03
   1.486614831      0.2675839295E-03
   1.502773687      0.2536816305E-03
   1.518932544      0.2393519002E-03
   1.535091401      0.2245866829E-03
   1.551250258      0.2093840159E-03
   1.567409115      0.1937481246E-03
   1.583567972      0.1776894001E-03
   1.599726829      0.1612242639E-03
   1.615885685      0.1443749321E-03
   1.632044542      0.1271690869E-03
   1.648203399      0.1096394675E-03
   1.664362256      0.9182338853E-04
   1.680521113      0.7376219778E-04
   1.696679970      0.5550068126E-04
   1.712838827      0.3708642597E-04
   1.728997683      0.1856914872E-04
   1.745156540     -0.2119926836E-10
   1.761407614      0.1167636695E-04
   1.777658689      0.2335431344E-04
   1.793909763      0.3503448487E-04
   1.810160837      0.4671580312E-04
   1.826411911      0.5839495466E-04
   1.842662985      0.7006626520E-04
   1.858914059      0.8172203856E-04
   1.875165134      0.9335340005E-04
   1.891416208      0.1049516447E-03
   1.907667282      0.1165100499E-03
   1.923918356      0.1280260726E-03
   1.940169430      0.1395038111E-03
   1.956420504      0.1509565740E-03
   1.972671579      0.1624093640E-03
   1.988922653      0.1739010497E-03
   2.005173727      0.1854859764E-03
   2.021424801      0.1972347558E-03
   2.037675875      0.2092339914E-03
   2.053926949      0.2215847406E-03
   2.070178024      0.2343996099E-03
   2.086429098      0.2477985034E-03
   2.102680172      0.2619032110E-03
   2.118931246      0.2768311811E-03
   2.135182320      0.2926889640E-03
   2.151433394      0.3095658799E-03
   2.167684469      0.3275284552E-03
   2.183935543      0.3466160737E-03
   2.200186617      0.3668381258E-03
   2.216437691      0.3881727572E-03
   2.232688765      0.4105671446E-03
   2.248939839      0.4339391020E-03
   2.265190914      0.4581797485E-03
   2.281441988      0.4831569511E-03
   2.297693062      0.5087192755E-03
   2.313944136      0.5347002181E-03
   2.330195210      0.5609225416E-03
   2.346446284      0.5872025797E-03
   2.362697359      0.6133544140E-03
   2.378948433      0.6391938507E-03
   2.395199507      0.6645421426E-03
   2.411450581      0.6892294124E-03
   2.427701655      0.7130977362E-03
   2.443952729      0.7360038507E-03
   2.460203804      0.7578214455E-03
   2.476454878      0.7784430045E-03
   2.492705952      0.7977811601E-03
   2.508957026      0.8157695289E-03
   2.525208100      0.8323629988E-03
   2.541459174      0.8475374491E-03
   2.557710249      0.8612888924E-03
   2.573961323      0.8736320412E-03
   2.590212397      0.8845983202E-03
   2.606463471      0.8942333621E-03
   2.622714545      0.9025940497E-03
   2.638965619      0.9097451893E-03
   2.655216694      0.9157559245E-03
   2.671467768      0.9206960231E-03
   2.687718842      0.9246321869E-03
   2.703969916      0.9276245453E-03
   2.720220990      0.9297235006E-03
   2.736472064      0.9309670795E-03
   2.752723139      0.9313789310E-03
   2.768555520      0.9310415145E-03
   2.784387902      0.9300318416E-03
   2.800220284      0.9283576210E-03
   2.816052665      0.9260316320E-03
   2.831885047      0.9230716207E-03
   2.847717429      0.9195001550E-03
   2.863549810      0.9153444378E-03
   2.879382192      0.9106360779E-03
   2.895214573      0.9054108183E-03
   2.911046955      0.8997082232E-03
   2.926879337      0.8935713220E-03
   2.942711718      0.8870462122E-03
   2.958544100      0.8801816225E-03
   2.974376482      0.8730284369E-03
   2.990208863      0.8656391834E-03
   3.006041245      0.8580674899E-03
   3.021873627      0.8503675138E-03
   3.037706008      0.8425933502E-03
   3.053538390      0.8347984260E-03
   3.069370772      0.8270348916E-03
   3.085203153      0.8193530174E-03
   3.101035535      0.8118006112E-03
   3.116867917      0.8044224661E-03
   3.132700298      0.7972598562E-03
   3.148532680      0.7903500920E-03
   3.164365062      0.7837261508E-03
   3.180197443      0.7774163956E-03
   3.196029825      0.7714443911E-03
   3.211862206      0.7658288284E-03
   3.227694588      0.7605835607E-03
   3.243526970      0.7557177532E-03
   3.259359351      0.7512361438E-03
   3.275191733      0.7471394074E-03
   3.291024115      0.7434246133E-03
   3.306856496      0.7400857612E-03
   3.322688878      0.7371143773E-03
   3.338521260      0.7345001530E-03
   3.354353641      0.7322316028E-03
   3.370186023      0.7302967217E-03
   3.386018405      0.7286836213E-03
   3.401850786      0.7273811237E-03
   3.417683168      0.7263792965E-03
   3.433515550      0.7256699122E-03
   3.449347931      0.7252468199E-03
   3.465180313      0.7251062178E-03
   3.480923541      0.7248313455E-03
   3.496666769      0.7240062022E-03
   3.512409997      0.7226296219E-03
   3.528153225      0.7207010079E-03
   3.543896453      0.7182222425E-03
   3.559639681      0.7152001460E-03
   3.575382910      0.7116492886E-03
   3.591126138      0.7075949175E-03
   3.606869366      0.7030757389E-03
   3.622612594      0.6981462775E-03
   3.638355822      0.6928785350E-03
   3.654099050      0.6873626761E-03
   3.669842278      0.6817064970E-03
   3.685585506      0.6760334738E-03
   3.701328734      0.6704792586E-03
   3.717071962      0.6651865916E-03
   3.732815191      0.6602987345E-03
   3.748558419      0.6559516975E-03
   3.764301647      0.6522657171E-03
   3.780044875      0.6493366182E-03
   3.795788103      0.6472278275E-03
   3.811531331      0.6459638457E-03
   3.827274559      0.6455259236E-03
   3.843017787      0.6458504953E-03
   3.858761015      0.6468306416E-03
   3.874504243      0.6483205301E-03
   3.890247471      0.6501424771E-03
   3.905990700      0.6520960499E-03
   3.921733928      0.6539685115E-03
   3.937477156      0.6555459029E-03
   3.953220384      0.6566241383E-03
   3.968963612      0.6570196131E-03
   3.984706840      0.6566241383E-03
   4.000450068      0.6555459029E-03
   4.016193296      0.6539685115E-03
   4.031936524      0.6520960499E-03
   4.047679752      0.6501424771E-03
   4.063422981      0.6483205301E-03
   4.079166209      0.6468306416E-03
   4.094909437      0.6458504953E-03
   4.110652665      0.6455259236E-03
   4.126395893      0.6459638457E-03
   4.142139121      0.6472278275E-03
   4.157882349      0.6493366182E-03
   4.173625577      0.6522657171E-03
   4.189368805      0.6559516975E-03
   4.205112033      0.6602987345E-03
   4.220855262      0.6651865916E-03
   4.236598490      0.6704792586E-03
   4.252341718      0.6760334738E-03
   4.268084946      0.6817064970E-03
   4.283828174      0.6873626761E-03
   4.299571402      0.6928785350E-03
   4.315314630      0.6981462775E-03
   4.331057858      0.7030757389E-03
   4.346801086      0.7075949175E-03
   4.362544314      0.7116492886E-03
   4.378287543      0.7152001460E-03
   4.394030771      0.7182222425E-03
   4.409773999      0.7207010079E-03
   4.425517227      0.7226296219E-03
   4.441260455      0.7240062022E-03
   4.457003683      0.7248313455E-03
   4.472746911      0.7251062178E-03
   4.488939120      0.7235143564E-03
   4.505131328      0.7187587152E-03
   4.521323537      0.7108989667E-03
   4.537515745      0.7000340463E-03
   4.553707954      0.6863013838E-03
   4.569900162      0.6698758436E-03
   4.586092371      0.6509683880E-03
   4.602284579      0.6298244767E-03
   4.618476788      0.6067222063E-03
   4.634668996      0.5819701823E-03
   4.650861205      0.5687989475E-03
   4.667053413      0.5595599677E-03
   4.683245622      0.5498094229E-03
   4.699437830      0.5395900901E-03
   4.715630039      0.5289381856E-03
   4.731822247      0.5178821764E-03
   4.748014456      0.5064418846E-03
   4.764206664      0.4946279331E-03
   4.780398873      0.4824415667E-03
   4.796591081      0.4698748664E-03
   4.812783290      0.4569113536E-03
   4.828975498      0.4435269622E-03
   4.845167707      0.4296913364E-03
   4.861359915      0.4153693970E-03
   4.877552124      0.4005231054E-03
   4.893744332      0.3851133484E-03
   4.909936541      0.3691018636E-03
   4.926128749      0.3524531298E-03
   4.942320958      0.3351361515E-03
   4.958513166      0.3171260770E-03
   4.974705375      0.2984056039E-03
   4.990897583      0.2789661338E-03
   5.007089792      0.2584665104E-03
   5.023282000      0.2292622790E-03
   5.039474209      0.2011055267E-03
   5.055666417      0.1741312921E-03
   5.071858626      0.1484305000E-03
   5.088050834      0.1260161104E-03
   5.104243043      0.1071613779E-03
   5.120435251      0.8716898304E-04
   5.136627460      0.6623244272E-04
   5.152819668      0.4456805630E-04
   5.169011877      0.2240907709E-04
   5.185204085     -0.2119926836E-10
   5.201441086      0.1552421927E-04
   5.217678086      0.3100431672E-04
   5.233915086      0.4639714298E-04
   5.250152087      0.6166148290E-04
   5.266389087      0.7675899565E-04
   5.282626087      0.9165512120E-04
   5.298863088      0.1063199403E-03
   5.315100088      0.1207289731E-03
   5.331337088      0.1348639006E-03
   5.347574088      0.1487131902E-03
   5.363811089      0.1622726050E-03
   5.380048089      0.1755455749E-03
   5.396285089      0.1885434067E-03
   5.412522090      0.2084099482E-03
   5.428759090      0.2289702160E-03
   5.444996090      0.2498584163E-03
   5.461233091      0.2709394545E-03
   5.477470091      0.2920776823E-03
   5.493707091      0.3131397230E-03
   5.509944092      0.3339970630E-03
   5.526181092      0.3545283570E-03
   5.542418092      0.3746213881E-03
   5.558655093      0.3941746297E-03
   5.574892093      0.4130983715E-03
   5.591129093      0.4313153987E-03
   5.607366093      0.4487612390E-03
   5.623603094      0.4653840207E-03
   5.639840094      0.4811440041E-03
   5.656077094      0.4960128630E-03
   5.672314095      0.5099727912E-03
   5.688551095      0.5230155091E-03
   5.704788095      0.5351412266E-03
   5.721025096      0.5463576099E-03
   5.737262096      0.5566787792E-03
   5.753499096      0.5661243544E-03
   5.769736097      0.5747185510E-03
   5.785973097      0.5824893226E-03
   5.802210097      0.5894675395E-03
   5.818447098      0.5956861911E-03
   5.834684098      0.6011795991E-03
   5.850921098      0.6059826331E-03
   5.867158099      0.6101299231E-03
   5.883395099      0.6136550749E-03
   5.899632099      0.6239757469E-03
   5.915869099      0.6381178474E-03
   5.932106100      0.6516774287E-03
   5.948343100      0.6645922746E-03
   5.964580100      0.6768060026E-03
   5.980817101      0.6882688104E-03
   5.997054101      0.6989381423E-03
   6.013291101      0.7087792742E-03
   6.029528102      0.7177658112E-03
   6.045765102      0.7258800971E-03
   6.062002102      0.7331135280E-03
   6.078239103      0.7394667658E-03
   6.094476103      0.7401205845E-03
   6.110713103      0.7355894382E-03
   6.126950104      0.7318374866E-03
   6.143187104      0.7288203223E-03
   6.159424104      0.7264730008E-03
   6.175661104      0.7247190388E-03
   6.191898105      0.7234777089E-03
   6.208135105      0.7226691657E-03
   6.224372105      0.7222175804E-03
   6.240609106      0.7220527590E-03
   6.256846106      0.7221107664E-03
   6.273083106      0.7223339807E-03
   6.289320107      0.7226708812E-03
   6.305557107      0.7230757563E-03
   6.321794107      0.7235084363E-03
   6.338031108      0.7239341004E-03
   6.354268108      0.7243231744E-03
   6.370505108      0.7246513112E-03
   6.386742109      0.7248994364E-03
   6.402979109      0.7250538307E-03
   6.419216109      0.7251062178E-03
     
   0.000000000      0.9313789310E-03
  0.1615885685E-01  0.9311502856E-03
  0.3231771371E-01  0.9304644149E-03
  0.4847657056E-01  0.9293215438E-03
  0.6463542742E-01  0.9277221464E-03
  0.8079428427E-01  0.9256670896E-03
  0.9695314113E-01  0.9231578294E-03
  0.1131119980      0.9201966522E-03
  0.1292708548      0.9167869529E-03
  0.1454297117      0.9129335427E-03
  0.1615885685      0.9086429744E-03
  0.1777474254      0.9039238757E-03
  0.1939062823      0.8987872780E-03
  0.2100651391      0.8932469288E-03
  0.2262239960      0.8873195760E-03
  0.2423828528      0.8810252100E-03
  0.2585417097      0.8743872539E-03
  0.2747005665      0.8674326870E-03
  0.2908594234      0.8601920931E-03
  0.3070182802      0.8526996212E-03
  0.3231771371      0.8449928505E-03
  0.3393359940      0.8371125511E-03
  0.3554948508      0.8291023354E-03
  0.3716537077      0.8210081963E-03
  0.3878125645      0.8128779320E-03
  0.4039714214      0.8047604597E-03
  0.4201302782      0.7967050273E-03
  0.4362891351      0.7887603331E-03
  0.4524479919      0.7809735719E-03
  0.4686068488      0.7733894301E-03
  0.4847657056      0.7660490568E-03
  0.5009245625      0.7589890439E-03
  0.5170834194      0.7522404519E-03
  0.5332422762      0.7458279180E-03
  0.5494011331      0.7397688866E-03
  0.5655599899      0.7340729975E-03
  0.5817188468      0.7287416631E-03
  0.5978777036      0.7237678599E-03
  0.6140365605      0.7191361480E-03
  0.6301954173      0.7148229260E-03
  0.6463542742      0.7107969124E-03
  0.6625131310      0.7070198397E-03
  0.6786719879      0.7034473335E-03
  0.6948308448      0.7000299443E-03
  0.7109897016      0.6967142929E-03
  0.7271485585      0.6934442895E-03
  0.7433074153      0.6901623855E-03
  0.7594662722      0.6868108190E-03
  0.7756251290      0.6833328195E-03
  0.7917839859      0.6796737430E-03
  0.8079428427      0.6757821120E-03
  0.8241016996      0.6716105421E-03
  0.8402605564      0.6671165427E-03
  0.8564194133      0.6622631820E-03
  0.8725782702      0.6570196131E-03
  0.8887371270      0.6683238988E-03
  0.9048959839      0.6803482590E-03
  0.9210548407      0.6929261176E-03
  0.9372136976      0.7058712118E-03
  0.9533725544      0.7189830094E-03
  0.9695314113      0.7320520112E-03
  0.9856902681      0.7448647193E-03
   1.001849125      0.7572081318E-03
   1.018007982      0.7688736961E-03
   1.034166839      0.7796607052E-03
   1.050325696      0.7893791555E-03
   1.066484552      0.7978521100E-03
   1.082643409      0.8049176147E-03
   1.098802266      0.8104302227E-03
   1.114961123      0.8142621738E-03
   1.131119980      0.8163042735E-03
   1.147278837      0.8164665077E-03
   1.163437694      0.8146784219E-03
   1.179596550      0.8108892910E-03
   1.195755407      0.8050680964E-03
   1.211914264      0.7972033252E-03
   1.228073121      0.7873026040E-03
   1.244231978      0.7753921755E-03
   1.260390835      0.7615162248E-03
   1.276549692      0.7457360622E-03
   1.292708548      0.7281291671E-03
   1.308867405      0.7087880980E-03
   1.325026262      0.6878192731E-03
   1.341185119      0.6653416253E-03
   1.357343976      0.6414851366E-03
   1.373502833      0.6163892550E-03
   1.389661690      0.5902011992E-03
   1.405820546      0.5630741550E-03
   1.421979403      0.5351653677E-03
   1.438138260      0.5066341370E-03
   1.454297117      0.4776397192E-03
   1.470455974      0.4483391453E-03
   1.486614831      0.4188849648E-03
   1.502773687      0.3894229296E-03
   1.518932544      0.3600896367E-03
   1.535091401      0.3310101564E-03
   1.551250258      0.3022956831E-03
   1.567409115      0.2740412582E-03
   1.583567972      0.2463236294E-03
   1.599726829      0.2191993292E-03
   1.615885685      0.1927030736E-03
   1.632044542      0.1668465978E-03
   1.648203399      0.1416180566E-03
   1.664362256      0.1169821191E-03
   1.680521113      0.9288087213E-04
   1.696679970      0.6923561438E-04
   1.712838827      0.4594957182E-04
   1.728997683      0.2291149243E-04
   1.745156540     -0.2119926836E-10
   1.761407614      0.3380318417E-04
   1.777658689      0.6757659530E-04
   1.793909763      0.1012919656E-03
   1.810160837      0.1349238606E-03
   1.826411911      0.1684506640E-03
   1.842662985      0.2018550785E-03
   1.858914059      0.2351240334E-03
   1.875165134      0.2682479362E-03
   1.891416208      0.3012192555E-03
   1.907667282      0.3340304763E-03
   1.923918356      0.3666715269E-03
   1.940169430      0.3991268246E-03
   1.956420504      0.4313721293E-03
   1.972671579      0.4633714226E-03
   1.988922653      0.4950740404E-03
   2.005173727      0.5264122773E-03
   2.021424801      0.5572996633E-03
   2.037675875      0.5876300687E-03
   2.053926949      0.6172777520E-03
   2.070178024      0.6460984093E-03
   2.086429098      0.6739312349E-03
   2.102680172      0.7006019556E-03
   2.118931246      0.7259267608E-03
   2.135182320      0.7497170216E-03
   2.151433394      0.7717846701E-03
   2.167684469      0.7919480976E-03
   2.183935543      0.8100384241E-03
   2.200186617      0.8259059892E-03
   2.216437691      0.8394269182E-03
   2.232688765      0.8505096115E-03
   2.248939839      0.8591010100E-03
   2.265190914      0.8651924743E-03
   2.281441988      0.8688251010E-03
   2.297693062      0.8700942668E-03
   2.313944136      0.8691531462E-03
   2.330195210      0.8662148826E-03
   2.346446284      0.8615530121E-03
   2.362697359      0.8554996464E-03
   2.378948433      0.8484408364E-03
   2.395199507      0.8408084909E-03
   2.411450581      0.8330682650E-03
   2.427701655      0.8257030272E-03
   2.443952729      0.8191919259E-03
   2.460203804      0.8139857362E-03
   2.476454878      0.8104800285E-03
   2.492705952      0.8089886005E-03
   2.508957026      0.8157695289E-03
   2.525208100      0.8323629988E-03
   2.541459174      0.8475374491E-03
   2.557710249      0.8612888924E-03
   2.573961323      0.8736320412E-03
   2.590212397      0.8845983202E-03
   2.606463471      0.8942333621E-03
   2.622714545      0.9025940497E-03
   2.638965619      0.9097451893E-03
   2.655216694      0.9157559245E-03
   2.671467768      0.9206960231E-03
   2.687718842      0.9246321869E-03
   2.703969916      0.9276245453E-03
   2.720220990      0.9297235006E-03
   2.736472064      0.9309670795E-03
   2.752723139      0.9313789310E-03
   2.768555520      0.9310966440E-03
   2.784387902      0.9302518739E-03
   2.800220284      0.9288508759E-03
   2.816052665      0.9269040163E-03
   2.831885047      0.9244256845E-03
   2.847717429      0.9214341697E-03
   2.863549810      0.9179515025E-03
   2.879382192      0.9140032623E-03
   2.895214573      0.9096183505E-03
   2.911046955      0.9048287296E-03
   2.926879337      0.8996691312E-03
   2.942711718      0.8941767318E-03
   2.958544100      0.8883907998E-03
   2.974376482      0.8823523156E-03
   2.990208863      0.8761035678E-03
   3.006041245      0.8696877289E-03
   3.021873627      0.8631484152E-03
   3.037706008      0.8565292368E-03
   3.053538390      0.8498733423E-03
   3.069370772      0.8432229666E-03
   3.085203153      0.8366189896E-03
   3.101035535      0.8301005125E-03
   3.116867917      0.8237044628E-03
   3.132700298      0.8174652358E-03
   3.148532680      0.8114143807E-03
   3.164365062      0.8055803421E-03
   3.180197443      0.7999882620E-03
   3.196029825      0.7946598493E-03
   3.211862206      0.7896133222E-03
   3.227694588      0.7848634246E-03
   3.243526970      0.7804215173E-03
   3.259359351      0.7762957418E-03
   3.275191733      0.7724912522E-03
   3.291024115      0.7690105075E-03
   3.306856496      0.7658536155E-03
   3.322688878      0.7630187173E-03
   3.338521260      0.7605024002E-03
   3.354353641      0.7583001248E-03
   3.370186023      0.7564066541E-03
   3.386018405      0.7548164693E-03
   3.401850786      0.7535241602E-03
   3.417683168      0.7525247786E-03
   3.433515550      0.7518141418E-03
   3.449347931      0.7513890796E-03
   3.465180313      0.7512476160E-03
   3.480923541      0.7515873200E-03
   3.496666769      0.7525911446E-03
   3.512409997      0.7542139299E-03
   3.528153225      0.7563826918E-03
   3.543896453      0.7589998576E-03
   3.559639681      0.7619474463E-03
   3.575382910      0.7650919047E-03
   3.591126138      0.7682892956E-03
   3.606869366      0.7713905551E-03
   3.622612594      0.7742465744E-03
   3.638355822      0.7767129180E-03
   3.654099050      0.7786540447E-03
   3.669842278      0.7799469525E-03
   3.685585506      0.7804842107E-03
   3.701328734      0.7801763774E-03
   3.717071962      0.7789538235E-03
   3.732815191      0.7767679959E-03
   3.748558419      0.7735921605E-03
   3.764301647      0.7694216678E-03
   3.780044875      0.7642737763E-03
   3.795788103      0.7581870685E-03
   3.811531331      0.7512204855E-03
   3.827274559      0.7434519997E-03
   3.843017787      0.7349769400E-03
   3.858761015      0.7259059804E-03
   3.874504243      0.7163627969E-03
   3.890247471      0.7064814052E-03
   3.905990700      0.6964031908E-03
   3.921733928      0.6862736587E-03
   3.937477156      0.6762389447E-03
   3.953220384      0.6664421526E-03
   3.968963612      0.6570196131E-03
   3.984706840      0.6664421526E-03
   4.000450068      0.6762389447E-03
   4.016193296      0.6862736587E-03
   4.031936524      0.6964031908E-03
   4.047679752      0.7064814052E-03
   4.063422981      0.7163627969E-03
   4.079166209      0.7259059804E-03
   4.094909437      0.7349769400E-03
   4.110652665      0.7434519997E-03
   4.126395893      0.7512204855E-03
   4.142139121      0.7581870685E-03
   4.157882349      0.7642737763E-03
   4.173625577      0.7694216678E-03
   4.189368805      0.7735921605E-03
   4.205112033      0.7767679959E-03
   4.220855262      0.7789538235E-03
   4.236598490      0.7801763774E-03
   4.252341718      0.7804842107E-03
   4.268084946      0.7799469525E-03
   4.283828174      0.7786540447E-03
   4.299571402      0.7767129180E-03
   4.315314630      0.7742465744E-03
   4.331057858      0.7713905551E-03
   4.346801086      0.7682892956E-03
   4.362544314      0.7650919047E-03
   4.378287543      0.7619474463E-03
   4.394030771      0.7589998576E-03
   4.409773999      0.7563826918E-03
   4.425517227      0.7542139299E-03
   4.441260455      0.7525911446E-03
   4.457003683      0.7515873200E-03
   4.472746911      0.7512476160E-03
   4.488939120      0.7514290962E-03
   4.505131328      0.7519486287E-03
   4.521323537      0.7527327840E-03
   4.537515745      0.7536633756E-03
   4.553707954      0.7545833550E-03
   4.569900162      0.7553043340E-03
   4.586092371      0.7556151499E-03
   4.602284579      0.7552908805E-03
   4.618476788      0.7541017803E-03
   4.634668996      0.7518217103E-03
   4.650861205      0.7482357559E-03
   4.667053413      0.7431468408E-03
   4.683245622      0.7363812499E-03
   4.699437830      0.7277930438E-03
   4.715630039      0.7172674045E-03
   4.731822247      0.7047229816E-03
   4.748014456      0.6901133227E-03
   4.764206664      0.6734274775E-03
   4.780398873      0.6546898601E-03
   4.796591081      0.6339594493E-03
   4.812783290      0.6113283946E-03
   4.828975498      0.5869200909E-03
   4.845167707      0.5608867720E-03
   4.861359915      0.5334066674E-03
   4.877552124      0.5046807581E-03
   4.893744332      0.4749291604E-03
   4.909936541      0.4443871577E-03
   4.926128749      0.4133008932E-03
   4.942320958      0.3819227266E-03
   4.958513166      0.3505062498E-03
   4.974705375      0.3193009453E-03
   4.990897583      0.2885464660E-03
   5.007089792      0.2588086547E-03
   5.023282000      0.2379443380E-03
   5.039474209      0.2163948486E-03
   5.055666417      0.1941923737E-03
   5.071858626      0.1713793852E-03
   5.088050834      0.1480081520E-03
   5.104243043      0.1241400259E-03
   5.120435251      0.9984452528E-04
   5.136627460      0.7519824415E-04
   5.152819668      0.5028361428E-04
   5.169011877      0.2518754928E-04
   5.185204085     -0.2119926836E-10
   5.201441086      0.3016069697E-04
   5.217678086      0.6029173035E-04
   5.233915086      0.9036358696E-04
   5.250152087      0.1203470472E-03
   5.266389087      0.1502133130E-03
   5.282626087      0.1799341124E-03
   5.298863088      0.2094817707E-03
   5.315100088      0.2388292376E-03
   5.331337088      0.2679500575E-03
   5.347574088      0.2968182704E-03
   5.363811089      0.3254082282E-03
   5.380048089      0.3536943149E-03
   5.396285089      0.3816505584E-03
   5.412522090      0.4092501290E-03
   5.428759090      0.4364647261E-03
   5.444996090      0.4632638661E-03
   5.461233091      0.4896140979E-03
   5.477470091      0.5154781886E-03
   5.493707091      0.5408143373E-03
   5.509944092      0.5655754880E-03
   5.526181092      0.5897088185E-03
   5.542418092      0.6131554830E-03
   5.558655093      0.6358506710E-03
   5.574892093      0.6577240277E-03
   5.591129093      0.6787004496E-03
   5.607366093      0.6987012402E-03
   5.623603094      0.7176455813E-03
   5.639840094      0.7354522528E-03
   5.656077094      0.7520415213E-03
   5.672314095      0.7673371150E-03
   5.688551095      0.7812682064E-03
   5.704788095      0.7937713375E-03
   5.721025096      0.8047922369E-03
   5.737262096      0.8142874912E-03
   5.753499096      0.8222260504E-03
   5.769736097      0.8285905564E-03
   5.785973097      0.8333784910E-03
   5.802210097      0.8366031478E-03
   5.818447098      0.8382944308E-03
   5.834684098      0.8384994834E-03
   5.850921098      0.8372831478E-03
   5.867158099      0.8347282455E-03
   5.883395099      0.8309356591E-03
   5.899632099      0.8260241791E-03
   5.915869099      0.8201300499E-03
   5.932106100      0.8134061168E-03
   5.948343100      0.8060204255E-03
   5.964580100      0.7981540638E-03
   5.980817101      0.7899979762E-03
   5.997054101      0.7817484417E-03
   6.013291101      0.7736009433E-03
   6.029528102      0.7657423478E-03
   6.045765102      0.7583417257E-03
   6.062002102      0.7515407693E-03
   6.078239103      0.7454454176E-03
   6.094476103      0.7449498444E-03
   6.110713103      0.7495821620E-03
   6.126950104      0.7533923492E-03
   6.143187104      0.7564180072E-03
   6.159424104      0.7587053047E-03
   6.175661104      0.7603084261E-03
   6.191898105      0.7612888633E-03
   6.208135105      0.7617145443E-03
   6.224372105      0.7616587968E-03
   6.240609106      0.7611991469E-03
   6.256846106      0.7604159594E-03
   6.273083106      0.7593909337E-03
   6.289320107      0.7582054748E-03
   6.305557107      0.7569389729E-03
   6.321794107      0.7556670282E-03
   6.338031108      0.7544596729E-03
   6.354268108      0.7533796452E-03
   6.370505108      0.7524807790E-03
   6.386742109      0.7518065730E-03
   6.402979109      0.7513890004E-03
   6.419216109      0.7512476160E-03
     
