 -0.1651537560E-03  0.3965264126E-03
 -0.1615203733E-03  0.4136230544E-03
 -0.1578869907E-03  0.3494326032E-03
 -0.1542536081E-03  0.3846940402E-03
 -0.1506202254E-03  0.4233210607E-03
 -0.1469868428E-03  0.3906850028E-03
 -0.1433534602E-03  0.4646618975E-03
 -0.1397200775E-03  0.4524371011E-03
 -0.1360866949E-03  0.4116574747E-03
 -0.1324533123E-03  0.3323831236E-03
 -0.1288199297E-03  0.4598471186E-03
 -0.1251865470E-03  0.4836071864E-03
 -0.1215531644E-03  0.3793013646E-03
 -0.1179197818E-03  0.3744979470E-03
 -0.1142863991E-03  0.4512089095E-03
 -0.1106530165E-03  0.4963632505E-03
 -0.1070196339E-03  0.4147807011E-03
 -0.1033862512E-03  0.4436985981E-03
 -0.9975286860E-04  0.2899279380E-03
 -0.9611948597E-04  0.3788484454E-03
 -0.9248610334E-04  0.4340368299E-03
 -0.8885272071E-04  0.3243077377E-03
 -0.8521933808E-04  0.4953336437E-03
 -0.8158595545E-04  0.2572634738E-03
 -0.7795257281E-04  0.4016929802E-03
 -0.7431919018E-04  0.2141521200E-03
 -0.7068580755E-04  0.2377948821E-03
 -0.6705242492E-04  0.4754569294E-03
 -0.6341904229E-04  0.2610044056E-03
 -0.5978565966E-04  0.2771416165E-03
 -0.5615227703E-04  0.3879840813E-03
 -0.5251889440E-04  0.3167382140E-03
 -0.4888551176E-04  0.1293408684E-03
 -0.4525212913E-04  0.2467127044E-03
 -0.4161874650E-04  0.8667786860E-04
 -0.3798536387E-04  0.1059519544E-03
 -0.3435198124E-04  0.2015424233E-03
 -0.3071859861E-04  0.1215816103E-03
 -0.2708521598E-04  0.1257166931E-03
 -0.2345183335E-04  0.2071457683E-03
 -0.1981845072E-04  0.1814336619E-03
 -0.1618506808E-04  0.7553635157E-04
 -0.1255168545E-04  0.4470619010E-04
 -0.8918302822E-05  0.8609423480E-04
 -0.5284920191E-05   0.000000000    
 -0.1651537560E-05  0.1948355313E-36
  0.1981845072E-05   0.000000000    
  0.5615227703E-05  0.2367822316E-04
  0.9248610334E-05  0.6335923507E-04
  0.1288199297E-04  0.5235438557E-04
  0.1651537560E-04  0.7586022265E-04
  0.2014875823E-04  0.1157740174E-03
  0.2378214086E-04  0.9340082565E-04
  0.2741552349E-04  0.5222682099E-04
  0.3104890612E-04  0.1337708212E-03
  0.3468228875E-04  0.3243267217E-03
  0.3831567138E-04  0.2571491060E-03
  0.4194905401E-04  0.2585188337E-03
  0.4558243665E-04  0.1232776369E-03
  0.4921581928E-04  0.3009292496E-03
  0.5284920191E-04  0.3786932411E-03
  0.5648258454E-04  0.1574893136E-03
  0.6011596717E-04  0.2055524787E-03
  0.6374934980E-04  0.3068094449E-03
  0.6738273243E-04  0.5161503958E-03
  0.7101611506E-04  0.4218928928E-03
  0.7464949769E-04  0.4811535596E-03
  0.7828288033E-04  0.4502950565E-03
  0.8191626296E-04  0.3545333718E-03
  0.8554964559E-04  0.5149897540E-03
  0.8918302822E-04  0.5743837056E-03
  0.9281641085E-04  0.7470899497E-03
  0.9644979348E-04  0.3814869526E-03
  0.1000831761E-03  0.7118054236E-03
  0.1037165587E-03  0.5018940444E-03
  0.1073499414E-03  0.8456329421E-03
  0.1109833240E-03  0.7067144912E-03
  0.1146167066E-03  0.6476651903E-03
  0.1182500893E-03  0.8535764585E-03
  0.1218834719E-03  0.8456136302E-03
  0.1255168545E-03  0.8209966161E-03
  0.1291502372E-03  0.8295019793E-03
  0.1327836198E-03  0.9250588866E-03
  0.1364170024E-03  0.9092662904E-03
  0.1400503851E-03  0.1431513627E-02
  0.1436837677E-03  0.1121485670E-02
  0.1473171503E-03  0.9363515179E-03
  0.1509505329E-03  0.1287549084E-02
  0.1545839156E-03  0.1085972253E-02
  0.1582172982E-03  0.1184930247E-02
  0.1618506808E-03  0.1255795595E-02
  0.1654840635E-03  0.1453942750E-02
  0.1691174461E-03  0.1517156198E-02
  0.1727508287E-03  0.1808406286E-02
  0.1763842114E-03  0.1383647565E-02
  0.1800175940E-03  0.1769846598E-02
  0.1836509766E-03  0.1970446833E-02
  0.1872843593E-03  0.1636772288E-02
  0.1909177419E-03  0.1583682668E-02
  0.1945511245E-03  0.2024258570E-02
  0.1981845072E-03  0.1741813392E-02
  0.2018178898E-03  0.2397935521E-02
  0.2054512724E-03  0.1952274853E-02
  0.2090846550E-03  0.2971436710E-02
  0.2127180377E-03  0.2408238705E-02
  0.2163514203E-03  0.2523113298E-02
  0.2199848029E-03  0.2273200554E-02
  0.2236181856E-03  0.2254382180E-02
  0.2272515682E-03  0.2828330831E-02
  0.2308849508E-03  0.3192948855E-02
  0.2345183335E-03  0.2811394439E-02
  0.2381517161E-03  0.3543264279E-02
  0.2417850987E-03  0.3446436259E-02
  0.2454184814E-03  0.3513383897E-02
  0.2490518640E-03  0.3229330221E-02
  0.2526852466E-03  0.3011176752E-02
  0.2563186293E-03  0.4099445505E-02
  0.2599520119E-03  0.4253439828E-02
  0.2635853945E-03  0.4411340839E-02
  0.2672187771E-03  0.3984209887E-02
  0.2708521598E-03  0.4855303428E-02
  0.2744855424E-03  0.4805062546E-02
  0.2781189250E-03  0.4613710830E-02
  0.2817523077E-03  0.4525521122E-02
  0.2853856903E-03  0.5387544552E-02
  0.2890190729E-03  0.5251685376E-02
  0.2926524556E-03  0.6471423987E-02
  0.2962858382E-03  0.6430011115E-02
  0.2999192208E-03  0.5560780148E-02
  0.3035526035E-03  0.5589027304E-02
  0.3071859861E-03  0.6870358256E-02
  0.3108193687E-03  0.7330248950E-02
  0.3144527514E-03  0.7228268685E-02
  0.3180861340E-03  0.7196704175E-02
  0.3217195166E-03  0.8001898421E-02
  0.3253528992E-03  0.8249694492E-02
  0.3289862819E-03  0.6971668677E-02
  0.3326196645E-03  0.9479753492E-02
  0.3362530471E-03  0.8964405627E-02
  0.3398864298E-03  0.9223051420E-02
  0.3435198124E-03  0.1008556784E-01
  0.3471531950E-03  0.9975850534E-02
  0.3507865777E-03  0.9692578830E-02
  0.3544199603E-03  0.1106291041E-01
  0.3580533429E-03  0.1231547414E-01
  0.3616867256E-03  0.1193791866E-01
  0.3653201082E-03  0.1080856513E-01
  0.3689534908E-03  0.1162302878E-01
  0.3725868735E-03  0.1396772201E-01
  0.3762202561E-03  0.1395619610E-01
  0.3798536387E-03  0.1442842967E-01
  0.3834870213E-03  0.1534332633E-01
  0.3871204040E-03  0.1433395869E-01
  0.3907537866E-03  0.1542094673E-01
  0.3943871692E-03  0.1529094621E-01
  0.3980205519E-03  0.1765686448E-01
  0.4016539345E-03  0.1879005926E-01
  0.4052873171E-03  0.1668157924E-01
  0.4089206998E-03  0.1937021802E-01
  0.4125540824E-03  0.1878129668E-01
  0.4161874650E-03  0.1870338812E-01
  0.4198208477E-03  0.2130227286E-01
  0.4234542303E-03  0.2413211237E-01
  0.4270876129E-03  0.2097625024E-01
  0.4307209955E-03  0.2305435300E-01
  0.4343543782E-03  0.2372531937E-01
  0.4379877608E-03  0.2694417599E-01
  0.4416211434E-03  0.2585958709E-01
  0.4452545261E-03  0.2617943798E-01
  0.4488879087E-03  0.2575096785E-01
  0.4525212913E-03  0.3124869639E-01
  0.4561546740E-03  0.3136329991E-01
  0.4597880566E-03  0.3061852050E-01
  0.4634214392E-03  0.3231086548E-01
  0.4670548219E-03  0.3442087895E-01
  0.4706882045E-03  0.3520158570E-01
  0.4743215871E-03  0.3666589425E-01
  0.4779549698E-03  0.4023186094E-01
  0.4815883524E-03  0.3907744591E-01
  0.4852217350E-03  0.3981112305E-01
  0.4888551176E-03  0.4185844991E-01
  0.4924885003E-03  0.4386811312E-01
  0.4961218829E-03  0.4878921415E-01
  0.4997552655E-03  0.4695664119E-01
  0.5033886482E-03  0.5187062854E-01
  0.5070220308E-03  0.5041331397E-01
  0.5106554134E-03  0.5085046341E-01
  0.5142887961E-03  0.5970823637E-01
  0.5179221787E-03  0.5660483468E-01
  0.5215555613E-03  0.6212477464E-01
  0.5251889440E-03  0.6288321069E-01
  0.5288223266E-03  0.6507043360E-01
  0.5324557092E-03  0.6874586800E-01
  0.5360890919E-03  0.7261210458E-01
  0.5397224745E-03  0.7774632024E-01
  0.5433558571E-03  0.7547803780E-01
  0.5469892397E-03  0.8551446073E-01
  0.5506226224E-03  0.8565448262E-01
  0.5542560050E-03  0.8975824370E-01
  0.5578893876E-03  0.9261416552E-01
  0.5615227703E-03  0.1003426510    
  0.5651561529E-03  0.1033048412    
  0.5687895355E-03  0.1081863290    
  0.5724229182E-03  0.1217515120    
  0.5760563008E-03  0.1231611707    
  0.5796896834E-03  0.1241704050    
  0.5833230661E-03  0.1372056903    
  0.5869564487E-03  0.1655884301    
  0.5905898313E-03  0.1728910272    
  0.5942232140E-03  0.1639159771    
  0.5978565966E-03  0.3061619323    
  0.6014899792E-03  0.1663888841    
  0.6051233618E-03  0.1993922331    
  0.6087567445E-03  0.2010886672    
  0.6123901271E-03  0.1826430846    
  0.6160235097E-03  0.1659156793    
  0.6196568924E-03  0.1743652863    
  0.6232902750E-03  0.1772057028    
  0.6269236576E-03  0.1696289631    
  0.6305570403E-03  0.1660090225    
  0.6341904229E-03  0.1661969949    
  0.6378238055E-03  0.1747393609    
  0.6414571882E-03  0.1669911987    
  0.6450905708E-03  0.1594619718    
  0.6487239534E-03  0.1666309407    
  0.6523573361E-03  0.1724515902    
  0.6559907187E-03  0.1664822384    
  0.6596241013E-03  0.1599465306    
  0.6632574839E-03  0.1679242331    
  0.6668908666E-03  0.1692390836    
  0.6705242492E-03  0.1624942354    
  0.6741576318E-03  0.1621926686    
  0.6777910145E-03  0.1735568084    
  0.6814243971E-03  0.1623143254    
  0.6850577797E-03  0.1640366988    
  0.6886911624E-03  0.1724985802    
  0.6923245450E-03  0.1651757860    
  0.6959579276E-03  0.1624485489    
  0.6995913103E-03  0.1646891524    
  0.7032246929E-03  0.1708587253    
  0.7068580755E-03  0.1697481964    
  0.7104914581E-03  0.1650805837    
  0.7141248408E-03  0.1615012221    
  0.7177582234E-03  0.1803095682    
  0.7213916060E-03  0.1639867353    
  0.7250249887E-03  0.1630080429    
  0.7286583713E-03  0.1674645892    
  0.7322917539E-03  0.1766367684    
  0.7359251366E-03  0.1690986853    
  0.7395585192E-03  0.1584275009    
  0.7431919018E-03  0.1723529369    
  0.7468252845E-03  0.1806714341    
  0.7504586671E-03  0.1758145005    
  0.7540920497E-03  0.1648365591    
  0.7577254324E-03  0.1764928508    
  0.7613588150E-03  0.1784778832    
  0.7649921976E-03  0.1789874588    
  0.7686255802E-03  0.1688732974    
  0.7722589629E-03  0.1880419086    
  0.7758923455E-03  0.1867502759    
  0.7795257281E-03  0.1874921663    
  0.7831591108E-03  0.1848476398    
  0.7867924934E-03  0.1811187908    
  0.7904258760E-03  0.2047309427    
  0.7940592587E-03  0.2268788751    
  0.7976926413E-03  0.2240511962    
  0.8013260239E-03  0.2421975852    
  0.8049594066E-03  0.2505850323    
  0.8085927892E-03  0.2571368545    
  0.8122261718E-03  0.2689934463    
  0.8158595545E-03  0.2588218380    
  0.8194929371E-03  0.2679529025    
  0.8231263197E-03  0.2688740436    
  0.8267597023E-03  0.2676772749    
  0.8303930850E-03  0.2697171259    
  0.8340264676E-03  0.2728527019    
  0.8376598502E-03  0.2945944228    
  0.8412932329E-03  0.2847858091    
  0.8449266155E-03  0.2789113885    
  0.8485599981E-03  0.2810216024    
  0.8521933808E-03  0.2834367044    
  0.8558267634E-03  0.3007777805    
  0.8594601460E-03  0.2843574166    
  0.8630935287E-03  0.2996279107    
  0.8667269113E-03  0.2894400649    
  0.8703602939E-03  0.2835939124    
  0.8739936766E-03  0.2955139809    
  0.8776270592E-03  0.2886585363    
  0.8812604418E-03  0.3060584486    
  0.8848938244E-03  0.3269219172    
  0.8885272071E-03  0.2579686062    
  0.8921605897E-03  0.2423800543    
  0.8957939723E-03  0.2644794992    
  0.8994273550E-03  0.2433179461    
  0.9030607376E-03  0.2373131331    
  0.9066941202E-03  0.2387353088    
  0.9103275029E-03  0.2329035249    
  0.9139608855E-03  0.2154212836    
  0.9175942681E-03  0.2304273119    
  0.9212276508E-03  0.2226192353    
  0.9248610334E-03  0.2186615040    
  0.9284944160E-03  0.2108786314    
  0.9321277987E-03  0.2044270488    
  0.9357611813E-03  0.2121751763    
  0.9393945639E-03  0.2040623185    
  0.9430279465E-03  0.1963570971    
  0.9466613292E-03  0.2017239912    
  0.9502947118E-03  0.1931291315    
  0.9539280944E-03  0.2034276254    
  0.9575614771E-03  0.1935440246    
  0.9611948597E-03  0.1823878749    
  0.9648282423E-03  0.1848080683    
  0.9684616250E-03  0.1882068901    
  0.9720950076E-03  0.1909033463    
  0.9757283902E-03  0.1657625548    
  0.9793617729E-03  0.1847394162    
  0.9829951555E-03  0.1724685145    
  0.9866285381E-03  0.1670717103    
  0.9902619207E-03  0.1782165900    
  0.9938953034E-03  0.1582387802    
  0.9975286860E-03  0.1659582570    
  0.1001162069E-02  0.1567903574    
  0.1004795451E-02  0.1637132043    
  0.1008428834E-02  0.1672185897    
  0.1012062217E-02  0.1629641482    
  0.1015695599E-02  0.1598591941    
  0.1019328982E-02  0.1632713189    
  0.1022962364E-02  0.1683764101    
  0.1026595747E-02  0.1726588860    
  0.1030229130E-02  0.1702656774    
  0.1033862512E-02  0.1728579672    
  0.1037495895E-02  0.1810802782    
  0.1041129278E-02  0.1896066432    
  0.1044762660E-02  0.1856029948    
  0.1048396043E-02  0.1927193027    
  0.1052029425E-02  0.1995338160    
  0.1055662808E-02  0.2118293891    
  0.1059296191E-02  0.2152595987    
  0.1062929573E-02  0.2311412362    
  0.1066562956E-02  0.2586827772    
  0.1070196339E-02  0.2595738061    
  0.1073829721E-02  0.2652010573    
  0.1077463104E-02  0.2689950564    
  0.1081096487E-02  0.2593549391    
  0.1084729869E-02  0.2887840688    
  0.1088363252E-02  0.2747684982    
  0.1091996634E-02  0.2937470397    
  0.1095630017E-02  0.2829717615    
  0.1099263400E-02  0.2631406755    
  0.1102896782E-02  0.3106199146    
  0.1106530165E-02  0.2963015049    
  0.1110163548E-02  0.3214237332    
  0.1113796930E-02  0.3250928975    
  0.1117430313E-02  0.3176268573    
  0.1121063695E-02  0.3367953732    
  0.1124697078E-02  0.3252866117    
  0.1128330461E-02  0.3470371941    
  0.1131963843E-02  0.3336355865    
  0.1135597226E-02  0.3429130172    
  0.1139230609E-02  0.3580120964    
  0.1142863991E-02  0.3555406456    
  0.1146497374E-02  0.3484975103    
  0.1150130757E-02  0.3718150683    
  0.1153764139E-02  0.3746498818    
  0.1157397522E-02  0.3802907860    
  0.1161030904E-02  0.3606849403    
  0.1164664287E-02  0.3835667133    
  0.1168297670E-02  0.3984128533    
  0.1171931052E-02  0.3992253523    
  0.1175564435E-02  0.4005753725    
  0.1179197818E-02  0.3978715675    
  0.1182831200E-02  0.4195048688    
  0.1186464583E-02  0.4087273493    
  0.1190097965E-02  0.4435261816    
  0.1193731348E-02  0.4263773947    
  0.1197364731E-02  0.4455752270    
  0.1200998113E-02  0.4703803584    
  0.1204631496E-02  0.4474577669    
  0.1208264879E-02  0.4806084306    
  0.1211898261E-02  0.4875796337    
  0.1215531644E-02  0.5180017093    
  0.1219165027E-02  0.5252893451    
  0.1222798409E-02  0.5233172598    
  0.1226431792E-02  0.5328254618    
  0.1230065174E-02  0.5797362666    
  0.1233698557E-02  0.5614074843    
  0.1237331940E-02  0.6200014011    
  0.1240965322E-02  0.6189025766    
  0.1244598705E-02  0.6240952325    
  0.1248232088E-02  0.6787792321    
  0.1251865470E-02  0.6901538090    
  0.1255498853E-02  0.6745465879    
  0.1259132235E-02  0.6637796346    
  0.1262765618E-02  0.6641886050    
  0.1266399001E-02  0.5578814650    
  0.1270032383E-02  0.4407694405    
  0.1273665766E-02  0.3868613772    
  0.1277299149E-02  0.2474150700    
  0.1280932531E-02  0.2332849401    
  0.1284565914E-02  0.2166026203    
  0.1288199297E-02  0.2214464101    
  0.1291832679E-02  0.1985433135    
  0.1295466062E-02  0.1979294020    
  0.1299099444E-02  0.2060186309    
  0.1302732827E-02  0.1797065127    
  0.1306366210E-02  0.1933682611    
  0.1309999592E-02  0.1843211000    
  0.1313632975E-02  0.1662139075    
  0.1317266358E-02  0.1724505354    
  0.1320899740E-02  0.1738347050    
  0.1324533123E-02  0.1625725310    
  0.1328166505E-02  0.1569398523    
  0.1331799888E-02  0.1623224977    
  0.1335433271E-02  0.1542992984    
  0.1339066653E-02  0.1414237130    
  0.1342700036E-02  0.1541693327    
  0.1346333419E-02  0.1415037174    
  0.1349966801E-02  0.1378149650    
  0.1353600184E-02  0.1425247008    
  0.1357233566E-02  0.1343706577    
  0.1360866949E-02  0.1354260768    
  0.1364500332E-02  0.1218427150    
  0.1368133714E-02  0.1297577354    
  0.1371767097E-02  0.1245417265    
  0.1375400480E-02  0.1206339661    
  0.1379033862E-02  0.1146179646    
  0.1382667245E-02  0.1227257221    
  0.1386300628E-02  0.1071850479    
  0.1389934010E-02  0.1101719701    
  0.1393567393E-02  0.1164979166    
  0.1397200775E-02  0.9963295438E-01
  0.1400834158E-02  0.1020289241    
  0.1404467541E-02  0.1014485493    
  0.1408100923E-02  0.9681953173E-01
  0.1411734306E-02  0.9673093915E-01
  0.1415367689E-02  0.9146090572E-01
  0.1419001071E-02  0.9147134610E-01
  0.1422634454E-02  0.8696149208E-01
  0.1426267836E-02  0.8768852200E-01
  0.1429901219E-02  0.8018538719E-01
  0.1433534602E-02  0.8137913787E-01
  0.1437167984E-02  0.8412142998E-01
  0.1440801367E-02  0.6312564426E-01
  0.1444434750E-02  0.7623736071E-01
  0.1448068132E-02  0.6614701788E-01
  0.1451701515E-02  0.7139262332E-01
  0.1455334898E-02  0.6354800708E-01
  0.1458968280E-02  0.6247484708E-01
  0.1462601663E-02  0.5510259833E-01
  0.1466235045E-02  0.5653403787E-01
  0.1469868428E-02  0.5105400442E-01
  0.1473501811E-02  0.4730440402E-01
  0.1477135193E-02  0.4823706013E-01
  0.1480768576E-02  0.4166746730E-01
  0.1484401959E-02  0.3561764177E-01
  0.1488035341E-02  0.3312857989E-01
  0.1491668724E-02  0.2810039916E-01
  0.1495302106E-02  0.2263864558E-01
  0.1498935489E-02  0.1321440457E-01
  0.1502568872E-02  0.1153894930E-02
  0.1506202254E-02   0.000000000    
  0.1509835637E-02   0.000000000    
  0.1513469020E-02   0.000000000    
  0.1517102402E-02   0.000000000    
  0.1520735785E-02   0.000000000    
  0.1524369168E-02   0.000000000    
  0.1528002550E-02   0.000000000    
  0.1531635933E-02   0.000000000    
  0.1535269315E-02   0.000000000    
  0.1538902698E-02   0.000000000    
  0.1542536081E-02   0.000000000    
  0.1546169463E-02   0.000000000    
  0.1549802846E-02   0.000000000    
  0.1553436229E-02   0.000000000    
  0.1557069611E-02   0.000000000    
  0.1560702994E-02   0.000000000    
  0.1564336376E-02   0.000000000    
  0.1567969759E-02   0.000000000    
  0.1571603142E-02   0.000000000    
  0.1575236524E-02   0.000000000    
  0.1578869907E-02   0.000000000    
  0.1582503290E-02   0.000000000    
  0.1586136672E-02   0.000000000    
  0.1589770055E-02   0.000000000    
  0.1593403438E-02   0.000000000    
  0.1597036820E-02   0.000000000    
  0.1600670203E-02   0.000000000    
  0.1604303585E-02   0.000000000    
  0.1607936968E-02   0.000000000    
  0.1611570351E-02   0.000000000    
  0.1615203733E-02   0.000000000    
  0.1618837116E-02   0.000000000    
  0.1622470499E-02   0.000000000    
  0.1626103881E-02   0.000000000    
  0.1629737264E-02   0.000000000    
  0.1633370646E-02   0.000000000    
  0.1637004029E-02   0.000000000    
  0.1640637412E-02   0.000000000    
  0.1644270794E-02   0.000000000    
  0.1647904177E-02   0.000000000    
