  0.2744125218      0.8979159003E-05   1.474334254    
  0.3562548528      0.8973022596E-05   1.474333976    
  0.4380971839      0.8960549309E-05   1.474333761    
  0.5199395149      0.8932652060E-05   1.474334019    
  0.6017818460      0.8870330555E-05   1.474335614    
  0.6836241771      0.8779579809E-05   1.474338346    
  0.7654665081      0.8654459855E-05   1.474342556    
  0.8473088392      0.8475836313E-05   1.474348938    
  0.9291511702      0.8248942361E-05   1.474357233    
   1.010993501      0.7959714938E-05   1.474367892    
   1.092835832      0.7590052091E-05   1.474381392    
   1.174678163      0.7115881661E-05   1.474398023    
   1.256520494      0.6552769722E-05   1.474416845    
   1.338362826      0.5874956277E-05   1.474437784    
   1.420205157      0.4957272309E-05   1.474462743    
   1.502047488      0.3713308200E-05   1.474490381    
   1.583889819      0.1562243241E-05   1.474519706    
   1.665732150      0.1646783492E-07   1.474526374    
   1.747574481      0.2707264062E-09   1.474526827    
   1.829416812      0.1827195339E-09   1.474527363    
   1.911259143      0.1339343389E-09   1.474527737    
   1.993101474      0.1310884744E-09   1.474528192    
   2.074943805      0.9059611454E-10   1.474528701    
   2.156786136      0.8785055405E-10   1.474529216    
   2.238628467      0.7072204392E-10   1.474529670    
   2.320470798      0.6801304529E-10   1.474529971    
   2.402313129      0.6525551230E-10   1.474530496    
   2.484155460      0.5413761390E-10   1.474530991    
   2.565997791      0.5150033356E-10   1.474531334    
   2.647840122      0.4885293873E-10   1.474531735    
   2.729682453      0.4621824378E-10   1.474532243    
   2.811524785      0.4357152232E-10   1.474532719    
   2.893367116      0.4095523831E-10   1.474533007    
   2.975209447      0.3835640086E-10   1.474533512    
   3.057051778      0.3581819638E-10   1.474533884    
   3.138894109      0.3332935945E-10   1.474534342    
   3.220736440      0.3092825377E-10   1.474534710    
   3.302578771      0.2860217955E-10   1.474535215    
   3.384421102      0.2638350628E-10   1.474535672    
   3.466263433      0.2425728191E-10   1.474536098    
