 -0.1024516824E-03  0.9637723274E-04
 -0.1001977454E-03  0.2621094140E-03
 -0.9794380838E-04  0.4270245815E-03
 -0.9568987137E-04  0.7902628405E-04
 -0.9343593435E-04  0.2415767333E-03
 -0.9118199734E-04  0.2748605549E-03
 -0.8892806033E-04  0.3956149697E-03
 -0.8667412331E-04  0.3776163333E-03
 -0.8442018630E-04  0.3455838051E-03
 -0.8216624929E-04  0.2286528907E-03
 -0.7991231228E-04  0.3022310425E-03
 -0.7765837526E-04  0.2956194194E-03
 -0.7540443825E-04  0.3222979643E-03
 -0.7315050124E-04  0.4604075722E-03
 -0.7089656422E-04  0.2738022579E-03
 -0.6864262721E-04  0.5612627089E-03
 -0.6638869020E-04  0.4864904886E-03
 -0.6413475319E-04  0.2007430644E-03
 -0.6188081617E-04  0.2018467249E-03
 -0.5962687916E-04  0.4644216537E-03
 -0.5737294215E-04  0.1408413803E-03
 -0.5511900513E-04  0.3874337575E-03
 -0.5286506812E-04  0.3167435951E-03
 -0.5061113111E-04  0.4210652489E-03
 -0.4835719410E-04  0.1697709368E-03
 -0.4610325708E-04  0.5665115825E-03
 -0.4384932007E-04  0.2618187279E-03
 -0.4159538306E-04  0.2427422770E-03
 -0.3934144604E-04  0.3010548596E-03
 -0.3708750903E-04  0.2533242405E-03
 -0.3483357202E-04  0.2990549909E-03
 -0.3257963500E-04  0.2133876811E-03
 -0.3032569799E-04  0.2303039476E-03
 -0.2807176098E-04  0.2489358711E-03
 -0.2581782397E-04  0.2420237311E-03
 -0.2356388695E-04  0.1087871723E-03
 -0.2130994994E-04  0.1420245227E-03
 -0.1905601293E-04  0.2436944019E-03
 -0.1680207591E-04  0.2555861477E-03
 -0.1454813890E-04  0.7277900037E-04
 -0.1229420189E-04  0.1477807723E-04
 -0.1004026488E-04  0.1930901763E-04
 -0.7786327863E-05  0.1108680986E-04
 -0.5532390850E-05   0.000000000    
 -0.3278453837E-05  0.6259030236E-06
 -0.1024516824E-05  0.3267784005E-33
  0.1229420189E-05   0.000000000    
  0.3483357202E-05   0.000000000    
  0.5737294215E-05  0.2833045743E-04
  0.7991231228E-05  0.1156801828E-03
  0.1024516824E-04  0.1240616109E-03
  0.1249910525E-04  0.5657709307E-04
  0.1475304227E-04  0.2351428314E-03
  0.1700697928E-04  0.6359078559E-04
  0.1926091629E-04  0.1041385196E-03
  0.2151485330E-04  0.1141684782E-03
  0.2376879032E-04  0.1088001619E-03
  0.2602272733E-04  0.2164880183E-03
  0.2827666434E-04  0.2669005899E-03
  0.3053060136E-04  0.5825823710E-03
  0.3278453837E-04  0.2733677583E-03
  0.3503847538E-04  0.9728845104E-04
  0.3729241240E-04  0.5756943321E-03
  0.3954634941E-04  0.3401087402E-03
  0.4180028642E-04  0.3443301472E-03
  0.4405422343E-04  0.2979231013E-03
  0.4630816045E-04  0.2241152098E-03
  0.4856209746E-04  0.3825311590E-03
  0.5081603447E-04  0.5499160419E-03
  0.5306997149E-04  0.4871638861E-03
  0.5532390850E-04  0.6346658064E-03
  0.5757784551E-04  0.5652425063E-03
  0.5983178252E-04  0.5727249651E-03
  0.6208571954E-04  0.6713495096E-03
  0.6433965655E-04  0.8957766427E-03
  0.6659359356E-04  0.4631295218E-03
  0.6884753058E-04  0.7488744489E-03
  0.7110146759E-04  0.9500671097E-03
  0.7335540460E-04  0.8277593668E-03
  0.7560934161E-04  0.7763867693E-03
  0.7786327863E-04  0.6375886167E-03
  0.8011721564E-04  0.1330860506E-02
  0.8237115265E-04  0.1052289245E-02
  0.8462508967E-04  0.1295030335E-02
  0.8687902668E-04  0.1201282900E-02
  0.8913296369E-04  0.1177956941E-02
  0.9138690071E-04  0.1158767531E-02
  0.9364083772E-04  0.1168787619E-02
  0.9589477473E-04  0.1226120849E-02
  0.9814871174E-04  0.1035349092E-02
  0.1004026488E-03  0.1911987440E-02
  0.1026565858E-03  0.1622443906E-02
  0.1049105228E-03  0.2118066644E-02
  0.1071644598E-03  0.2066313118E-02
  0.1094183968E-03  0.2149133704E-02
  0.1116723338E-03  0.1743820935E-02
  0.1139262708E-03  0.1778841086E-02
  0.1161802078E-03  0.2294064409E-02
  0.1184341449E-03  0.2330886634E-02
  0.1206880819E-03  0.2697687891E-02
  0.1229420189E-03  0.2630359551E-02
  0.1251959559E-03  0.2962836802E-02
  0.1274498929E-03  0.2496716471E-02
  0.1297038299E-03  0.3409918911E-02
  0.1319577669E-03  0.3209027746E-02
  0.1342117040E-03  0.2805099400E-02
  0.1364656410E-03  0.5603983665E-02
  0.1387195780E-03  0.2988623173E-02
  0.1409735150E-03  0.3919986014E-02
  0.1432274520E-03  0.4556418722E-02
  0.1454813890E-03  0.4356586559E-02
  0.1477353260E-03  0.5521016287E-02
  0.1499892630E-03  0.5611831338E-02
  0.1522432001E-03  0.4810075108E-02
  0.1544971371E-03  0.5395545900E-02
  0.1567510741E-03  0.5457102329E-02
  0.1590050111E-03  0.7645136621E-02
  0.1612589481E-03  0.7722696118E-02
  0.1635128851E-03  0.6739159106E-02
  0.1657668221E-03  0.7892390836E-02
  0.1680207591E-03  0.8351812356E-02
  0.1702746962E-03  0.8656031691E-02
  0.1725286332E-03  0.1114995316E-01
  0.1747825702E-03  0.1050951947E-01
  0.1770365072E-03  0.1097494217E-01
  0.1792904442E-03  0.9423968712E-02
  0.1815443812E-03  0.1292435652E-01
  0.1837983182E-03  0.1359277905E-01
  0.1860522552E-03  0.1474078170E-01
  0.1883061923E-03  0.1618399776E-01
  0.1905601293E-03  0.1331862983E-01
  0.1928140663E-03  0.1653310830E-01
  0.1950680033E-03  0.1717517430E-01
  0.1973219403E-03  0.1865283153E-01
  0.1995758773E-03  0.2185585689E-01
  0.2018298143E-03  0.2165254096E-01
  0.2040837514E-03  0.1894187978E-01
  0.2063376884E-03  0.2227090750E-01
  0.2085916254E-03  0.2800302665E-01
  0.2108455624E-03  0.2651016103E-01
  0.2130994994E-03  0.2653005549E-01
  0.2153534364E-03  0.2601000656E-01
  0.2176073734E-03  0.3007832894E-01
  0.2198613104E-03  0.3158419580E-01
  0.2221152475E-03  0.3352879543E-01
  0.2243691845E-03  0.3603514482E-01
  0.2266231215E-03  0.3510318104E-01
  0.2288770585E-03  0.3900897434E-01
  0.2311309955E-03  0.3867768719E-01
  0.2333849325E-03  0.4086586731E-01
  0.2356388695E-03  0.4131188417E-01
  0.2378928065E-03  0.4458496031E-01
  0.2401467436E-03  0.4454661340E-01
  0.2424006806E-03  0.4852666511E-01
  0.2446546176E-03  0.4332292091E-01
  0.2469085546E-03  0.5405059124E-01
  0.2491624916E-03  0.5151863214E-01
  0.2514164286E-03  0.5587702914E-01
  0.2536703656E-03  0.5770967319E-01
  0.2559243026E-03  0.5487153882E-01
  0.2581782397E-03  0.5395989204E-01
  0.2604321767E-03  0.6548909245E-01
  0.2626861137E-03  0.5613184214E-01
  0.2649400507E-03  0.6467447568E-01
  0.2671939877E-03  0.6230962863E-01
  0.2694479247E-03  0.6449277074E-01
  0.2717018617E-03  0.7459603381E-01
  0.2739557988E-03  0.6481161695E-01
  0.2762097358E-03  0.6910487282E-01
  0.2784636728E-03  0.7548442275E-01
  0.2807176098E-03  0.7333218389E-01
  0.2829715468E-03  0.7462389577E-01
  0.2852254838E-03  0.8106735641E-01
  0.2874794208E-03  0.7920908329E-01
  0.2897333578E-03  0.7389223150E-01
  0.2919872949E-03  0.8956126052E-01
  0.2942412319E-03  0.8061786354E-01
  0.2964951689E-03  0.8481610980E-01
  0.2987491059E-03  0.8393776305E-01
  0.3010030429E-03  0.9301591780E-01
  0.3032569799E-03  0.9410381443E-01
  0.3055109169E-03  0.9132881201E-01
  0.3077648539E-03  0.9576645698E-01
  0.3100187910E-03  0.9428760932E-01
  0.3122727280E-03  0.9950238462E-01
  0.3145266650E-03  0.9861507624E-01
  0.3167806020E-03  0.1035940895    
  0.3190345390E-03  0.1067650763    
  0.3212884760E-03  0.1017628364    
  0.3235424130E-03  0.1119390327    
  0.3257963500E-03  0.1032543464    
  0.3280502871E-03  0.1116832350    
  0.3303042241E-03  0.1220745326    
  0.3325581611E-03  0.1189120551    
  0.3348120981E-03  0.1145288773    
  0.3370660351E-03  0.1204590276    
  0.3393199721E-03  0.1280142786    
  0.3415739091E-03  0.1249400529    
  0.3438278462E-03  0.1269488500    
  0.3460817832E-03  0.1211082608    
  0.3483357202E-03  0.1350547119    
  0.3505896572E-03  0.1295074635    
  0.3528435942E-03  0.1531992207    
  0.3550975312E-03  0.1394775534    
  0.3573514682E-03  0.1393935873    
  0.3596054052E-03  0.1403029348    
  0.3618593423E-03  0.1502695256    
  0.3641132793E-03  0.1435340833    
  0.3663672163E-03  0.1529447391    
  0.3686211533E-03  0.1587647117    
  0.3708750903E-03  0.1553024613    
  0.3731290273E-03  0.1675083396    
  0.3753829643E-03  0.1603168529    
  0.3776369013E-03  0.1721360473    
  0.3798908384E-03  0.1665033523    
  0.3821447754E-03  0.1601757824    
  0.3843987124E-03  0.1786871533    
  0.3866526494E-03  0.1893843169    
  0.3889065864E-03  0.1748128883    
  0.3911605234E-03  0.1771630931    
  0.3934144604E-03  0.1919126319    
  0.3956683974E-03  0.1951992469    
  0.3979223345E-03  0.2013201799    
  0.4001762715E-03  0.1904604752    
  0.4024302085E-03  0.1912412465    
  0.4046841455E-03  0.2001493964    
  0.4069380825E-03  0.2131793361    
  0.4091920195E-03  0.2058310103    
  0.4114459565E-03  0.2021010362    
  0.4136998936E-03  0.2271428008    
  0.4159538306E-03  0.2149453698    
  0.4182077676E-03  0.2130553738    
  0.4204617046E-03  0.2301051666    
  0.4227156416E-03  0.2352592191    
  0.4249695786E-03  0.2338231073    
  0.4272235156E-03  0.2239269409    
  0.4294774526E-03  0.2228039875    
  0.4317313897E-03  0.2372080598    
  0.4339853267E-03  0.2520266979    
  0.4362392637E-03  0.2521086378    
  0.4384932007E-03  0.2500847673    
  0.4407471377E-03  0.2511599623    
  0.4430010747E-03  0.2615003480    
  0.4452550117E-03  0.2516431693    
  0.4475089487E-03  0.2637776953    
  0.4497628858E-03  0.2458412448    
  0.4520168228E-03  0.2799882700    
  0.4542707598E-03  0.2776204762    
  0.4565246968E-03  0.2850786228    
  0.4587786338E-03  0.2795110632    
  0.4610325708E-03  0.2812894797    
  0.4632865078E-03  0.2766035428    
  0.4655404448E-03  0.3029493553    
  0.4677943819E-03  0.2917074952    
  0.4700483189E-03  0.3007061886    
  0.4723022559E-03  0.2943492923    
  0.4745561929E-03  0.3113544433    
  0.4768101299E-03  0.3143024162    
  0.4790640669E-03  0.3217909013    
  0.4813180039E-03  0.3462637444    
  0.4835719410E-03  0.3041839916    
  0.4858258780E-03  0.3262512550    
  0.4880798150E-03  0.3297720539    
  0.4903337520E-03  0.3272403343    
  0.4925876890E-03  0.3590616165    
  0.4948416260E-03  0.3642727713    
  0.4970955630E-03  0.3615070606    
  0.4993495000E-03  0.3558095889    
  0.5016034371E-03  0.3853576809    
  0.5038573741E-03  0.3779354026    
  0.5061113111E-03  0.3736209860    
  0.5083652481E-03  0.3715987800    
  0.5106191851E-03  0.3830007142    
  0.5128731221E-03  0.4344541896    
  0.5151270591E-03  0.4017166648    
  0.5173809961E-03  0.4112092460    
  0.5196349332E-03  0.4469805318    
  0.5218888702E-03  0.4253885816    
  0.5241428072E-03  0.4440901075    
  0.5263967442E-03  0.4214008710    
  0.5286506812E-03  0.4839667338    
  0.5309046182E-03  0.4842308082    
  0.5331585552E-03  0.4800858077    
  0.5354124922E-03  0.4999131381    
  0.5376664293E-03  0.5151435196    
  0.5399203663E-03  0.5129636480    
  0.5421743033E-03  0.5178858645    
  0.5444282403E-03  0.5749955102    
  0.5466821773E-03  0.5698376972    
  0.5489361143E-03  0.6105312808    
  0.5511900513E-03  0.6544084953    
  0.5534439884E-03  0.7243368117    
  0.5556979254E-03  0.7610158521    
  0.5579518624E-03  0.7846924320    
  0.5602057994E-03  0.7954405182    
  0.5624597364E-03  0.7941751702    
  0.5647136734E-03  0.8469582173    
  0.5669676104E-03  0.8644430019    
  0.5692215474E-03  0.8113168741    
  0.5714754845E-03  0.9034797105    
  0.5737294215E-03  0.8416925946    
  0.5759833585E-03  0.9305042754    
  0.5782372955E-03  0.9009458111    
  0.5804912325E-03  0.9894321954    
  0.5827451695E-03  0.9855269501    
  0.5849991065E-03  0.9960114466    
  0.5872530435E-03   1.054251494    
  0.5895069806E-03   1.121717942    
  0.5917609176E-03   1.189500549    
  0.5940148546E-03   1.265796570    
  0.5962687916E-03   1.355060249    
  0.5985227286E-03   1.234932603    
  0.6007766656E-03   1.221852792    
  0.6030306026E-03   1.187803928    
  0.6052845396E-03   1.161463507    
  0.6075384767E-03   1.153651624    
  0.6097924137E-03   1.115298350    
  0.6120463507E-03   1.106984983    
  0.6143002877E-03   1.044915160    
  0.6165542247E-03   1.002716410    
  0.6188081617E-03  0.9168450650    
  0.6210620987E-03  0.8297164498    
  0.6233160358E-03  0.6957187509    
  0.6255699728E-03  0.5781876495    
  0.6278239098E-03  0.5441131292    
  0.6300778468E-03  0.5650691319    
  0.6323317838E-03  0.5639425120    
  0.6345857208E-03  0.5432974452    
  0.6368396578E-03  0.5165132791    
  0.6390935948E-03  0.5268823557    
  0.6413475319E-03  0.5420665766    
  0.6436014689E-03  0.5433467066    
  0.6458554059E-03  0.5660374090    
  0.6481093429E-03  0.5465171209    
  0.6503632799E-03  0.5353491971    
  0.6526172169E-03  0.5259766194    
  0.6548711539E-03  0.5122183906    
  0.6571250909E-03  0.5334700481    
  0.6593790280E-03  0.5388706689    
  0.6616329650E-03  0.5087524450    
  0.6638869020E-03  0.5026229132    
  0.6661408390E-03  0.5060100729    
  0.6683947760E-03  0.5399817263    
  0.6706487130E-03  0.4784093144    
  0.6729026500E-03  0.4982915854    
  0.6751565870E-03  0.5131521190    
  0.6774105241E-03  0.5043607696    
  0.6796644611E-03  0.5057851656    
  0.6819183981E-03  0.4961170402    
  0.6841723351E-03  0.5104137066    
  0.6864262721E-03  0.5022336732    
  0.6886802091E-03  0.5202386633    
  0.6909341461E-03  0.4995526665    
  0.6931880832E-03  0.5243200494    
  0.6954420202E-03  0.4980908715    
  0.6976959572E-03  0.5364399757    
  0.6999498942E-03  0.5141811845    
  0.7022038312E-03  0.5425326877    
  0.7044577682E-03  0.4994890405    
  0.7067117052E-03  0.5476476798    
  0.7089656422E-03  0.5320698679    
  0.7112195793E-03  0.5653931696    
  0.7134735163E-03  0.5436904247    
  0.7157274533E-03  0.5587597698    
  0.7179813903E-03  0.5298817030    
  0.7202353273E-03  0.6043079083    
  0.7224892643E-03  0.6135299145    
  0.7247432013E-03  0.5543251053    
  0.7269971383E-03  0.5676888329    
  0.7292510754E-03  0.5614434134    
  0.7315050124E-03  0.5718818455    
  0.7337589494E-03  0.5538447997    
  0.7360128864E-03  0.5300053851    
  0.7382668234E-03  0.5679850855    
  0.7405207604E-03  0.5664814004    
  0.7427746974E-03  0.5434249604    
  0.7450286344E-03  0.5969104593    
  0.7472825715E-03  0.5800238197    
  0.7495365085E-03  0.6005653869    
  0.7517904455E-03  0.6880566600    
  0.7540443825E-03  0.8063288884    
  0.7562983195E-03  0.8743390778    
  0.7585522565E-03  0.8894207982    
  0.7608061935E-03  0.8769197159    
  0.7630601306E-03  0.9200685620    
  0.7653140676E-03  0.8739575786    
  0.7675680046E-03  0.9628887168    
  0.7698219416E-03  0.8993387041    
  0.7720758786E-03  0.9543998969    
  0.7743298156E-03  0.9677904921    
  0.7765837526E-03  0.9764541048    
  0.7788376896E-03  0.9690271536    
  0.7810916267E-03   1.025352207    
  0.7833455637E-03   1.026040968    
  0.7855995007E-03   1.033925408    
  0.7878534377E-03   1.062493751    
  0.7901073747E-03   1.064798593    
  0.7923613117E-03   1.085170471    
  0.7946152487E-03   1.106351623    
  0.7968691857E-03   1.085951522    
  0.7991231228E-03   1.154270935    
  0.8013770598E-03   1.141329929    
  0.8036309968E-03   1.186222464    
  0.8058849338E-03   1.238418643    
  0.8081388708E-03   1.246802713    
  0.8103928078E-03   1.335954494    
  0.8126467448E-03   1.377237320    
  0.8149006818E-03   1.466048009    
  0.8171546189E-03   1.621482981    
  0.8194085559E-03   1.705549775    
  0.8216624929E-03   1.907999735    
  0.8239164299E-03   1.918816432    
  0.8261703669E-03   2.007057820    
  0.8284243039E-03   2.195145348    
  0.8306782409E-03   2.124351422    
  0.8329321780E-03   1.698471495    
  0.8351861150E-03   1.442124371    
  0.8374400520E-03   1.233724187    
  0.8396939890E-03  0.9684642639    
  0.8419479260E-03  0.9077156076    
  0.8442018630E-03  0.8393552582    
  0.8464558000E-03  0.7758897581    
  0.8487097370E-03  0.6448872503    
  0.8509636741E-03  0.6711533968    
  0.8532176111E-03  0.5451233400    
  0.8554715481E-03  0.5593159253    
  0.8577254851E-03  0.5255101576    
  0.8599794221E-03  0.5010025277    
  0.8622333591E-03  0.4740393160    
  0.8644872961E-03  0.4650453938    
  0.8667412331E-03  0.4125955342    
  0.8689951702E-03  0.4110073151    
  0.8712491072E-03  0.3569423827    
  0.8735030442E-03  0.3333502180    
  0.8757569812E-03  0.3201721641    
  0.8780109182E-03  0.2731328044    
  0.8802648552E-03  0.2806311540    
  0.8825187922E-03  0.2421452807    
  0.8847727292E-03  0.2304795794    
  0.8870266663E-03  0.2240802827    
  0.8892806033E-03  0.1652359321    
  0.8915345403E-03  0.1942262103    
  0.8937884773E-03  0.1594136989    
  0.8960424143E-03  0.1420788893    
  0.8982963513E-03  0.1201874940    
  0.9005502883E-03  0.9600312400E-01
  0.9028042254E-03  0.7173159889E-01
  0.9050581624E-03  0.6347074167E-01
  0.9073120994E-03  0.6763426045E-01
  0.9095660364E-03  0.5377519544E-01
  0.9118199734E-03  0.5291620427E-01
  0.9140739104E-03  0.5110508861E-01
  0.9163278474E-03  0.3861347120E-01
  0.9185817844E-03  0.4351463148E-01
  0.9208357215E-03  0.3339114895E-01
  0.9230896585E-03  0.2929719614E-01
  0.9253435955E-03  0.2344708453E-01
  0.9275975325E-03  0.1989118170E-01
  0.9298514695E-03  0.1180841827E-01
  0.9321054065E-03  0.8254493707E-03
  0.9343593435E-03   0.000000000    
  0.9366132805E-03   0.000000000    
  0.9388672176E-03   0.000000000    
  0.9411211546E-03   0.000000000    
  0.9433750916E-03   0.000000000    
  0.9456290286E-03   0.000000000    
  0.9478829656E-03   0.000000000    
  0.9501369026E-03   0.000000000    
  0.9523908396E-03   0.000000000    
  0.9546447766E-03   0.000000000    
  0.9568987137E-03   0.000000000    
  0.9591526507E-03   0.000000000    
  0.9614065877E-03   0.000000000    
  0.9636605247E-03   0.000000000    
  0.9659144617E-03   0.000000000    
  0.9681683987E-03   0.000000000    
  0.9704223357E-03   0.000000000    
  0.9726762728E-03   0.000000000    
  0.9749302098E-03   0.000000000    
  0.9771841468E-03   0.000000000    
  0.9794380838E-03   0.000000000    
  0.9816920208E-03   0.000000000    
  0.9839459578E-03   0.000000000    
  0.9861998948E-03   0.000000000    
  0.9884538318E-03   0.000000000    
  0.9907077689E-03   0.000000000    
  0.9929617059E-03   0.000000000    
  0.9952156429E-03   0.000000000    
  0.9974695799E-03   0.000000000    
  0.9997235169E-03   0.000000000    
  0.1001977454E-02   0.000000000    
  0.1004231391E-02   0.000000000    
  0.1006485328E-02   0.000000000    
  0.1008739265E-02   0.000000000    
  0.1010993202E-02   0.000000000    
  0.1013247139E-02   0.000000000    
  0.1015501076E-02   0.000000000    
  0.1017755013E-02   0.000000000    
  0.1020008950E-02   0.000000000    
  0.1022262887E-02   0.000000000    
