   0.000000000      0.8107056139E-05
  0.1615885685E-01  0.8102016278E-05
  0.3231771371E-01  0.8087081550E-05
  0.4847657056E-01  0.8062800025E-05
  0.6463542742E-01  0.8030063864E-05
  0.8079428427E-01  0.7990078601E-05
  0.9695314113E-01  0.7944322464E-05
  0.1131119980      0.7894497830E-05
  0.1292708548      0.7842477212E-05
  0.1454297117      0.7790246270E-05
  0.1615885685      0.7739846278E-05
  0.1777474254      0.7693318253E-05
  0.1939062823      0.7652650564E-05
  0.2100651391      0.7619731420E-05
  0.2262239960      0.7596307152E-05
  0.2423828528      0.7583946723E-05
  0.2585417097      0.7584012544E-05
  0.2747005665      0.7597637340E-05
  0.2908594234      0.7625706646E-05
  0.3070182802      0.7668846450E-05
  0.3231771371      0.7727415538E-05
  0.3393359940      0.7791114969E-05
  0.3554948508      0.7752781485E-05
  0.3716537077      0.7719875245E-05
  0.3878125645      0.7694493444E-05
  0.4039714214      0.7678755023E-05
  0.4201302782      0.7674747885E-05
  0.4362891351      0.7684476939E-05
  0.4524479919      0.7709813723E-05
  0.4686068488      0.7752447938E-05
  0.4847657056      0.7813840874E-05
  0.5009245625      0.7895180508E-05
  0.5170834194      0.7997338020E-05
  0.5332422762      0.8120825666E-05
  0.5494011331      0.8265756291E-05
  0.5655599899      0.8431805300E-05
  0.5817188468      0.8618176538E-05
  0.5978777036      0.8823574116E-05
  0.6140365605      0.9046182795E-05
  0.6301954173      0.9283659878E-05
  0.6463542742      0.9533141673E-05
  0.6625131310      0.9791267339E-05
  0.6786719879      0.1005422239E-04
  0.6948308448      0.1031780318E-04
  0.7109897016      0.1057750246E-04
  0.7271485585      0.1082861476E-04
  0.7433074153      0.1106635877E-04
  0.7594662722      0.1128601233E-04
  0.7756251290      0.1148305461E-04
  0.7917839859      0.1165330877E-04
  0.8079428427      0.1179307804E-04
  0.8241016996      0.1189682840E-04
  0.8402605564      0.1194273726E-04
  0.8564194133      0.1197644856E-04
  0.8725782702      0.1199639978E-04
  0.8887371270      0.1195235353E-04
  0.9048959839      0.1187085104E-04
  0.9210548407      0.1175351247E-04
  0.9372136976      0.1160263145E-04
  0.9533725544      0.1142106579E-04
  0.9695314113      0.1121210967E-04
  0.9856902681      0.1097935402E-04
   1.001849125      0.1072654223E-04
   1.018007982      0.1045742811E-04
   1.034166839      0.1017564241E-04
   1.050325696      0.9884573253E-05
   1.066484552      0.9587264730E-05
   1.082643409      0.9286336588E-05
   1.098802266      0.8983926740E-05
   1.114961123      0.8681657217E-05
   1.131119980      0.8380623241E-05
   1.147278837      0.8081404397E-05
   1.163437694      0.7784096384E-05
   1.179596550      0.7340826372E-05
   1.195755407      0.6821971970E-05
   1.211914264      0.6296480304E-05
   1.228073121      0.5770012394E-05
   1.244231978      0.5248232331E-05
   1.260390835      0.4736643418E-05
   1.276549692      0.4240430914E-05
   1.292708548      0.3764318670E-05
   1.308867405      0.3312446107E-05
   1.325026262      0.2888270826E-05
   1.341185119      0.2494500597E-05
   1.357343976      0.2133056784E-05
   1.373502833      0.1805069450E-05
   1.389661690      0.1510902654E-05
   1.405820546      0.1250206862E-05
   1.421979403      0.1021994101E-05
   1.438138260      0.8247305479E-06
   1.454297117      0.6564406635E-06
   1.470455974      0.5148168893E-06
   1.486614831      0.3973291557E-06
   1.502773687      0.3013290691E-06
   1.518932544      0.2241445155E-06
   1.535091401      0.1631614802E-06
   1.551250258      0.1158910250E-06
   1.567409115      0.8002050479E-07
   1.583567972      0.5344915834E-07
   1.599726829      0.3430910354E-07
   1.615885685      0.2097347367E-07
   1.632044542      0.1205391406E-07
   1.648203399      0.6389927966E-08
   1.664362256      0.3032630975E-08
   1.680521113      0.1225378380E-08
   1.696679970      0.3835100913E-09
   1.712838827      0.7515346195E-10
   1.728997683      0.4674331753E-11
   1.745156540      0.1264001320E-34
   1.761407614      0.7541940591E-10
   1.777658689      0.1194895585E-08
   1.793909763      0.5951081710E-08
   1.810160837      0.1838485160E-07
   1.826411911      0.4359793905E-07
   1.842662985      0.8727209035E-07
   1.858914059      0.1551464553E-06
   1.875165134      0.2525074664E-06
   1.891416208      0.3837413741E-06
   1.907667282      0.5519897718E-06
   1.923918356      0.7589344686E-06
   1.940169430      0.1004722019E-05
   1.956420504      0.1288022310E-05
   1.972671579      0.1606201806E-05
   1.988922653      0.1955581954E-05
   2.005173727      0.2331747573E-05
   2.021424801      0.2729869150E-05
   2.037675875      0.3145006156E-05
   2.053926949      0.3572364945E-05
   2.070178024      0.4007493226E-05
   2.086429098      0.4446402180E-05
   2.102680172      0.4885615972E-05
   2.118931246      0.5322155721E-05
   2.135182320      0.5753470478E-05
   2.151433394      0.6177331263E-05
   2.167684469      0.6591705635E-05
   2.183935543      0.6994630136E-05
   2.200186617      0.7384096273E-05
   2.216437691      0.7757963135E-05
   2.232688765      0.8113906311E-05
   2.248939839      0.8449408976E-05
   2.265190914      0.8761796877E-05
   2.281441988      0.9048314869E-05
   2.297693062      0.9306238740E-05
   2.313944136      0.9533012737E-05
   2.330195210      0.9726400579E-05
   2.346446284      0.9884636299E-05
   2.362697359      0.1000656102E-04
   2.378948433      0.1009173290E-04
   2.395199507      0.1014049986E-04
   2.411450581      0.1015402826E-04
   2.427701655      0.1013428469E-04
   2.443952729      0.1008397240E-04
   2.460203804      0.1000642799E-04
   2.476454878      0.9905487027E-05
   2.492705952      0.9785329729E-05
   2.508957026      0.9650318553E-05
   2.525208100      0.9504839343E-05
   2.541459174      0.9353156265E-05
   2.557710249      0.9199288561E-05
   2.573961323      0.9046914465E-05
   2.590212397      0.8899304862E-05
   2.606463471      0.8759286645E-05
   2.622714545      0.8629233551E-05
   2.638965619      0.8511080562E-05
   2.655216694      0.8406356893E-05
   2.671467768      0.8316231999E-05
   2.687718842      0.8241568939E-05
   2.703969916      0.8182979713E-05
   2.720220990      0.8140877646E-05
   2.736472064      0.8115522673E-05
   2.752723139      0.8107056139E-05
   2.768555520      0.8099636566E-05
   2.784387902      0.8077595488E-05
   2.800220284      0.8041579061E-05
   2.816052665      0.7992642005E-05
   2.831885047      0.7932215494E-05
   2.847717429      0.7862064499E-05
   2.863549810      0.7784236688E-05
   2.879382192      0.7701005327E-05
   2.895214573      0.7614808755E-05
   2.911046955      0.7528189024E-05
   2.926879337      0.7443732069E-05
   2.942711718      0.7364011454E-05
   2.958544100      0.7291537241E-05
   2.974376482      0.7228711002E-05
   2.990208863      0.7177787404E-05
   3.006041245      0.7140842218E-05
   3.021873627      0.7119746135E-05
   3.037706008      0.7116143327E-05
   3.053538390      0.7131433488E-05
   3.069370772      0.7166755971E-05
   3.085203153      0.7222974704E-05
   3.101035535      0.7300662834E-05
   3.116867917      0.7400086404E-05
   3.132700298      0.7521186851E-05
   3.148532680      0.7663562688E-05
   3.164365062      0.7826451248E-05
   3.180197443      0.8008711931E-05
   3.196029825      0.8208812798E-05
   3.211862206      0.8424822653E-05
   3.227694588      0.8654410897E-05
   3.243526970      0.8894857323E-05
   3.259359351      0.9143073803E-05
   3.275191733      0.9395639295E-05
   3.291024115      0.9648849019E-05
   3.306856496      0.9898777834E-05
   3.322688878      0.1014135702E-04
   3.338521260      0.1037246281E-04
   3.354353641      0.1058801414E-04
   3.370186023      0.1064217147E-04
   3.386018405      0.1041397000E-04
   3.401850786      0.1022228621E-04
   3.417683168      0.1007014573E-04
   3.433515550      0.9959857846E-05
   3.449347931      0.9893044722E-05
   3.465180313      0.9870667587E-05
   3.480923541      0.9876070540E-05
   3.496666769      0.9892022431E-05
   3.512409997      0.9917773008E-05
   3.528153225      0.9952139426E-05
   3.543896453      0.9993603176E-05
   3.559639681      0.1004043688E-04
   3.575382910      0.1009085206E-04
   3.591126138      0.1014315661E-04
   3.606869366      0.1019590929E-04
   3.622612594      0.1024805731E-04
   3.638355822      0.1029904416E-04
   3.654099050      0.1034887603E-04
   3.669842278      0.1039813873E-04
   3.685585506      0.1044796077E-04
   3.701328734      0.1049992297E-04
   3.717071962      0.1055591939E-04
   3.732815191      0.1061797825E-04
   3.748558419      0.1068805445E-04
   3.764301647      0.1073529812E-04
   3.780044875      0.1062096046E-04
   3.795788103      0.1058513006E-04
   3.811531331      0.1061778794E-04
   3.827274559      0.1070769441E-04
   3.843017787      0.1084258572E-04
   3.858761015      0.1100942232E-04
   3.874504243      0.1119471435E-04
   3.890247471      0.1138493184E-04
   3.905990700      0.1156698773E-04
   3.921733928      0.1172876347E-04
   3.937477156      0.1185963460E-04
   3.953220384      0.1195094744E-04
   3.968963612      0.1199639978E-04
   3.984706840      0.1195094744E-04
   4.000450068      0.1185963460E-04
   4.016193296      0.1172876347E-04
   4.031936524      0.1156698773E-04
   4.047679752      0.1138493184E-04
   4.063422981      0.1119471435E-04
   4.079166209      0.1100942232E-04
   4.094909437      0.1084258572E-04
   4.110652665      0.1070769441E-04
   4.126395893      0.1061778794E-04
   4.142139121      0.1058513006E-04
   4.157882349      0.1062096046E-04
   4.173625577      0.1073529812E-04
   4.189368805      0.1068805445E-04
   4.205112033      0.1061797825E-04
   4.220855262      0.1055591939E-04
   4.236598490      0.1049992297E-04
   4.252341718      0.1044796077E-04
   4.268084946      0.1039813873E-04
   4.283828174      0.1034887603E-04
   4.299571402      0.1029904416E-04
   4.315314630      0.1024805731E-04
   4.331057858      0.1019590929E-04
   4.346801086      0.1014315661E-04
   4.362544314      0.1009085206E-04
   4.378287543      0.1004043688E-04
   4.394030771      0.9993603176E-05
   4.409773999      0.9952139426E-05
   4.425517227      0.9917773008E-05
   4.441260455      0.9892022431E-05
   4.457003683      0.9876070540E-05
   4.472746911      0.9870667587E-05
   4.488939120      0.9823726639E-05
   4.505131328      0.9684904209E-05
   4.521323537      0.9460049763E-05
   4.537515745      0.9158422829E-05
   4.553707954      0.8792013539E-05
   4.569900162      0.8374693490E-05
   4.586092371      0.7921282156E-05
   4.602284579      0.7446617404E-05
   4.618476788      0.6964710960E-05
   4.634668996      0.6488052629E-05
   4.650861205      0.6027103947E-05
   4.667053413      0.5589996430E-05
   4.683245622      0.5182425734E-05
   4.699437830      0.4807714189E-05
   4.715630039      0.4467002511E-05
   4.731822247      0.4159527895E-05
   4.748014456      0.3882949406E-05
   4.764206664      0.3633690633E-05
   4.780398873      0.3407281229E-05
   4.796591081      0.3198690099E-05
   4.812783290      0.3002651079E-05
   4.828975498      0.2813985111E-05
   4.845167707      0.2627920776E-05
   4.861359915      0.2440408278E-05
   4.877552124      0.2248412618E-05
   4.893744332      0.2050162394E-05
   4.909936541      0.1845324184E-05
   4.926128749      0.1635071331E-05
   4.942320958      0.1422021414E-05
   4.958513166      0.1210028900E-05
   4.974705375      0.1003837156E-05
   4.990897583      0.8086143768E-06
   5.007089792      0.6294177898E-06
   5.023282000      0.4706460019E-06
   5.039474209      0.3355473127E-06
   5.055666417      0.2258501926E-06
   5.071858626      0.1415702112E-06
   5.088050834      0.8102667277E-07
   5.104243043      0.4107476533E-07
   5.120435251      0.1752913451E-07
   5.136627460      0.5726986225E-08
   5.152819668      0.1157534111E-08
   5.169011877      0.7335149420E-10
   5.185204085      0.1264001320E-34
   5.201441086      0.7271268414E-11
   5.217678086      0.1170473555E-09
   5.233915086      0.5984577247E-09
   5.250152087      0.1917148178E-08
   5.266389087      0.4759583611E-08
   5.282626087      0.1006433411E-07
   5.298863088      0.1905750867E-07
   5.315100088      0.3328861335E-07
   5.331337088      0.5466226279E-07
   5.347574088      0.8546046106E-07
   5.363811089      0.1283497088E-06
   5.380048089      0.1863671183E-06
   5.396285089      0.2628801441E-06
   5.412522090      0.3615155546E-06
   5.428759090      0.4860549156E-06
   5.444996090      0.6402961032E-06
   5.461233091      0.8278831070E-06
   5.477470091      0.1052109449E-05
   5.493707091      0.1315703676E-05
   5.509944092      0.1620608320E-05
   5.526181092      0.1967766079E-05
   5.542418092      0.2356928573E-05
   5.558655093      0.2786503474E-05
   5.574892093      0.3181829555E-05
   5.591129093      0.3569103613E-05
   5.607366093      0.3969324469E-05
   5.623603094      0.4378917306E-05
   5.639840094      0.4794104423E-05
   5.656077094      0.5210994482E-05
   5.672314095      0.5625675105E-05
   5.688551095      0.6034305215E-05
   5.704788095      0.6433202569E-05
   5.721025096      0.6818917879E-05
   5.737262096      0.7188259753E-05
   5.753499096      0.7537805342E-05
   5.769736097      0.7776408942E-05
   5.785973097      0.7869647866E-05
   5.802210097      0.7950061643E-05
   5.818447098      0.8021814066E-05
   5.834684098      0.8087711008E-05
   5.850921098      0.8150239930E-05
   5.867158099      0.8211597594E-05
   5.883395099      0.8273673849E-05
   5.899632099      0.8338039568E-05
   5.915869099      0.8405944726E-05
   5.932106100      0.8478326716E-05
   5.948343100      0.8555827751E-05
   5.964580100      0.8638819748E-05
   5.980817101      0.8727434866E-05
   5.997054101      0.8821599662E-05
   6.013291101      0.8921070456E-05
   6.029528102      0.9025467072E-05
   6.045765102      0.9134301363E-05
   6.062002102      0.9246995568E-05
   6.078239103      0.9362882506E-05
   6.094476103      0.9481171645E-05
   6.110713103      0.9600841589E-05
   6.126950104      0.9720341971E-05
   6.143187104      0.9836703289E-05
   6.159424104      0.9942648797E-05
   6.175661104      0.1002035083E-04
   6.191898105      0.1005378367E-04
   6.208135105      0.1005760825E-04
   6.224372105      0.1004864585E-04
   6.240609106      0.1003368963E-04
   6.256846106      0.1001548985E-04
   6.273083106      0.9995520286E-05
   6.289320107      0.9974818205E-05
   6.305557107      0.9954251596E-05
   6.321794107      0.9934604877E-05
   6.338031108      0.9916599017E-05
   6.354268108      0.9900885872E-05
   6.370505108      0.9888032644E-05
   6.386742109      0.9878503842E-05
   6.402979109      0.9872644608E-05
   6.419216109      0.9870667587E-05
     
   0.000000000      0.8107056139E-05
  0.1615885685E-01  0.8102016278E-05
  0.3231771371E-01  0.8087081550E-05
  0.4847657056E-01  0.8062800025E-05
  0.6463542742E-01  0.8030063864E-05
  0.8079428427E-01  0.7990078601E-05
  0.9695314113E-01  0.7944322464E-05
  0.1131119980      0.7894497830E-05
  0.1292708548      0.7842477212E-05
  0.1454297117      0.7790246270E-05
  0.1615885685      0.7739846278E-05
  0.1777474254      0.7693318253E-05
  0.1939062823      0.7652650564E-05
  0.2100651391      0.7619731420E-05
  0.2262239960      0.7596307152E-05
  0.2423828528      0.7583946723E-05
  0.2585417097      0.7584012544E-05
  0.2747005665      0.7597637340E-05
  0.2908594234      0.7625706646E-05
  0.3070182802      0.7668846450E-05
  0.3231771371      0.7727415538E-05
  0.3393359940      0.7801502241E-05
  0.3554948508      0.7890925442E-05
  0.3716537077      0.7995239911E-05
  0.3878125645      0.8113746164E-05
  0.4039714214      0.8245505158E-05
  0.4201302782      0.8389358099E-05
  0.4362891351      0.8543951559E-05
  0.4524479919      0.8707767870E-05
  0.4686068488      0.8879160464E-05
  0.4847657056      0.9056393487E-05
  0.5009245625      0.9237684630E-05
  0.5170834194      0.9421249742E-05
  0.5332422762      0.9605347540E-05
  0.5494011331      0.9788322463E-05
  0.5655599899      0.9968643699E-05
  0.5817188468      0.1014493842E-04
  0.5978777036      0.1031601746E-04
  0.6140365605      0.1048089205E-04
  0.6301954173      0.1063878048E-04
  0.6463542742      0.1078910430E-04
  0.6625131310      0.1093147390E-04
  0.6786719879      0.1106566414E-04
  0.6948308448      0.1119158087E-04
  0.7109897016      0.1130921994E-04
  0.7271485585      0.1141862035E-04
  0.7433074153      0.1151981364E-04
  0.7594662722      0.1161277173E-04
  0.7756251290      0.1169735554E-04
  0.7917839859      0.1177326655E-04
  0.8079428427      0.1184000382E-04
  0.8241016996      0.1189682840E-04
  0.8402605564      0.1194273726E-04
  0.8564194133      0.1197644856E-04
  0.8725782702      0.1199639978E-04
  0.8887371270      0.1200076006E-04
  0.9048959839      0.1198745754E-04
  0.9210548407      0.1195422217E-04
  0.9372136976      0.1189864377E-04
  0.9533725544      0.1181824454E-04
  0.9695314113      0.1171056453E-04
  0.9856902681      0.1157325756E-04
   1.001849125      0.1140419460E-04
   1.018007982      0.1120157064E-04
   1.034166839      0.1096401056E-04
   1.050325696      0.1069066902E-04
   1.066484552      0.1038131900E-04
   1.082643409      0.1003642410E-04
   1.098802266      0.9657189495E-05
   1.114961123      0.9245587695E-05
   1.131119980      0.8804355918E-05
   1.147278837      0.8336963409E-05
   1.163437694      0.7847548433E-05
   1.179596550      0.7340826372E-05
   1.195755407      0.6821971970E-05
   1.211914264      0.6296480304E-05
   1.228073121      0.5770012394E-05
   1.244231978      0.5248232331E-05
   1.260390835      0.4736643418E-05
   1.276549692      0.4240430914E-05
   1.292708548      0.3764318670E-05
   1.308867405      0.3312446107E-05
   1.325026262      0.2888270826E-05
   1.341185119      0.2494500597E-05
   1.357343976      0.2133056784E-05
   1.373502833      0.1805069450E-05
   1.389661690      0.1510902654E-05
   1.405820546      0.1250206862E-05
   1.421979403      0.1021994101E-05
   1.438138260      0.8247305479E-06
   1.454297117      0.6564406635E-06
   1.470455974      0.5148168893E-06
   1.486614831      0.3973291557E-06
   1.502773687      0.3013290691E-06
   1.518932544      0.2241445155E-06
   1.535091401      0.1631614802E-06
   1.551250258      0.1158910250E-06
   1.567409115      0.8002050479E-07
   1.583567972      0.5344915834E-07
   1.599726829      0.3430910354E-07
   1.615885685      0.2097347367E-07
   1.632044542      0.1205391406E-07
   1.648203399      0.6389927966E-08
   1.664362256      0.3032630975E-08
   1.680521113      0.1225378380E-08
   1.696679970      0.3835100913E-09
   1.712838827      0.7515346195E-10
   1.728997683      0.4674331753E-11
   1.745156540      0.1264001320E-34
   1.761407614      0.7541940591E-10
   1.777658689      0.1194895585E-08
   1.793909763      0.5951081710E-08
   1.810160837      0.1838485160E-07
   1.826411911      0.4359793905E-07
   1.842662985      0.8727209035E-07
   1.858914059      0.1551464553E-06
   1.875165134      0.2525074664E-06
   1.891416208      0.3837413741E-06
   1.907667282      0.5519897718E-06
   1.923918356      0.7589344686E-06
   1.940169430      0.1004722019E-05
   1.956420504      0.1288022310E-05
   1.972671579      0.1606201806E-05
   1.988922653      0.1955581954E-05
   2.005173727      0.2331747573E-05
   2.021424801      0.2729869150E-05
   2.037675875      0.3145006156E-05
   2.053926949      0.3572364945E-05
   2.070178024      0.4007493226E-05
   2.086429098      0.4446402180E-05
   2.102680172      0.4885615972E-05
   2.118931246      0.5322155721E-05
   2.135182320      0.5753470478E-05
   2.151433394      0.6177331263E-05
   2.167684469      0.6591705635E-05
   2.183935543      0.6994630136E-05
   2.200186617      0.7384096273E-05
   2.216437691      0.7757963135E-05
   2.232688765      0.8113906311E-05
   2.248939839      0.8449408976E-05
   2.265190914      0.8761796877E-05
   2.281441988      0.9048314869E-05
   2.297693062      0.9306238740E-05
   2.313944136      0.9533012737E-05
   2.330195210      0.9726400579E-05
   2.346446284      0.9884636299E-05
   2.362697359      0.1000656102E-04
   2.378948433      0.1009173290E-04
   2.395199507      0.1014049986E-04
   2.411450581      0.1015402826E-04
   2.427701655      0.1013428469E-04
   2.443952729      0.1008397240E-04
   2.460203804      0.1000642799E-04
   2.476454878      0.9905487027E-05
   2.492705952      0.9785329729E-05
   2.508957026      0.9650318553E-05
   2.525208100      0.9504839343E-05
   2.541459174      0.9353156265E-05
   2.557710249      0.9199288561E-05
   2.573961323      0.9046914465E-05
   2.590212397      0.8899304862E-05
   2.606463471      0.8759286645E-05
   2.622714545      0.8629233551E-05
   2.638965619      0.8511080562E-05
   2.655216694      0.8406356893E-05
   2.671467768      0.8316231999E-05
   2.687718842      0.8241568939E-05
   2.703969916      0.8182979713E-05
   2.720220990      0.8140877646E-05
   2.736472064      0.8115522673E-05
   2.752723139      0.8107056139E-05
   2.768555520      0.8122136123E-05
   2.784387902      0.8167364191E-05
   2.800220284      0.8242702942E-05
   2.816052665      0.8348084271E-05
   2.831885047      0.8483400961E-05
   2.847717429      0.8648495412E-05
   2.863549810      0.8843145956E-05
   2.879382192      0.9067051348E-05
   2.895214573      0.9319814049E-05
   2.911046955      0.9600923021E-05
   2.926879337      0.9909736733E-05
   2.942711718      0.1024546709E-04
   2.958544100      0.1060716499E-04
   2.974376482      0.1099370806E-04
   2.990208863      0.1140379121E-04
   3.006041245      0.1183592036E-04
   3.021873627      0.1228840971E-04
   3.037706008      0.1275938276E-04
   3.053538390      0.1324677710E-04
   3.069370772      0.1374835306E-04
   3.085203153      0.1425438880E-04
   3.101035535      0.1439115115E-04
   3.116867917      0.1446922933E-04
   3.132700298      0.1448776174E-04
   3.148532680      0.1444741068E-04
   3.164365062      0.1435032970E-04
   3.180197443      0.1420007533E-04
   3.196029825      0.1400146857E-04
   3.211862206      0.1376041421E-04
   3.227694588      0.1348368828E-04
   3.243526970      0.1317870508E-04
   3.259359351      0.1285327614E-04
   3.275191733      0.1251537297E-04
   3.291024115      0.1217290445E-04
   3.306856496      0.1183351810E-04
   3.322688878      0.1150443201E-04
   3.338521260      0.1119230168E-04
   3.354353641      0.1090312318E-04
   3.370186023      0.1078407637E-04
   3.386018405      0.1095696719E-04
   3.401850786      0.1110336037E-04
   3.417683168      0.1122038313E-04
   3.433515550      0.1130570274E-04
   3.449347931      0.1135759844E-04
   3.465180313      0.1137501546E-04
   3.480923541      0.1136710293E-04
   3.496666769      0.1134383573E-04
   3.512409997      0.1130659580E-04
   3.528153225      0.1125759128E-04
   3.543896453      0.1119972217E-04
   3.559639681      0.1113640759E-04
   3.575382910      0.1107138789E-04
   3.591126138      0.1100851559E-04
   3.606869366      0.1095154848E-04
   3.622612594      0.1090395689E-04
   3.638355822      0.1086875427E-04
   3.654099050      0.1084835781E-04
   3.669842278      0.1084448329E-04
   3.685585506      0.1085807618E-04
   3.701328734      0.1088927976E-04
   3.717071962      0.1093743988E-04
   3.732815191      0.1100114570E-04
   3.748558419      0.1093675731E-04
   3.764301647      0.1076780746E-04
   3.780044875      0.1085837926E-04
   3.795788103      0.1096018737E-04
   3.811531331      0.1107274840E-04
   3.827274559      0.1119454713E-04
   3.843017787      0.1132296613E-04
   3.858761015      0.1145428961E-04
   3.874504243      0.1158379355E-04
   3.890247471      0.1170593005E-04
   3.905990700      0.1181460767E-04
   3.921733928      0.1190356134E-04
   3.937477156      0.1196679507E-04
   3.953220384      0.1199259603E-04
   3.968963612      0.1199639978E-04
   3.984706840      0.1199259603E-04
   4.000450068      0.1196679507E-04
   4.016193296      0.1190356134E-04
   4.031936524      0.1181460767E-04
   4.047679752      0.1170593005E-04
   4.063422981      0.1158379355E-04
   4.079166209      0.1145428961E-04
   4.094909437      0.1132296613E-04
   4.110652665      0.1119454713E-04
   4.126395893      0.1107274840E-04
   4.142139121      0.1096018737E-04
   4.157882349      0.1085837926E-04
   4.173625577      0.1076780746E-04
   4.189368805      0.1093675731E-04
   4.205112033      0.1100114570E-04
   4.220855262      0.1093743988E-04
   4.236598490      0.1088927976E-04
   4.252341718      0.1085807618E-04
   4.268084946      0.1084448329E-04
   4.283828174      0.1084835781E-04
   4.299571402      0.1086875427E-04
   4.315314630      0.1090395689E-04
   4.331057858      0.1095154848E-04
   4.346801086      0.1100851559E-04
   4.362544314      0.1107138789E-04
   4.378287543      0.1113640759E-04
   4.394030771      0.1119972217E-04
   4.409773999      0.1125759128E-04
   4.425517227      0.1130659580E-04
   4.441260455      0.1134383573E-04
   4.457003683      0.1136710293E-04
   4.472746911      0.1137501546E-04
   4.488939120      0.1132287106E-04
   4.505131328      0.1116882488E-04
   4.521323537      0.1091984763E-04
   4.537515745      0.1058694424E-04
   4.553707954      0.1018430699E-04
   4.569900162      0.9728264003E-05
   4.586092371      0.9236133683E-05
   4.602284579      0.8725098036E-05
   4.618476788      0.8211195371E-05
   4.634668996      0.7708508199E-05
   4.650861205      0.7228590147E-05
   4.667053413      0.6780141873E-05
   4.683245622      0.6368915926E-05
   4.699437830      0.5997808757E-05
   4.715630039      0.5667087361E-05
   4.731822247      0.5374698690E-05
   4.748014456      0.5116620341E-05
   4.764206664      0.4887227402E-05
   4.780398873      0.4679668169E-05
   4.796591081      0.4486256036E-05
   4.812783290      0.4298892402E-05
   4.828975498      0.4109533864E-05
   4.845167707      0.3910706317E-05
   4.861359915      0.3696051003E-05
   4.877552124      0.3460867073E-05
   4.893744332      0.3202596763E-05
   4.909936541      0.2921187767E-05
   4.926128749      0.2619266798E-05
   4.942320958      0.2302070589E-05
   4.958513166      0.1977105433E-05
   4.974705375      0.1653540737E-05
   4.990897583      0.1341381055E-05
   5.007089792      0.1050498136E-05
   5.023282000      0.7896332131E-06
   5.039474209      0.5654942574E-06
   5.055666417      0.3820696321E-06
   5.071858626      0.2402576491E-06
   5.088050834      0.1378731055E-06
   5.104243043      0.7004205941E-07
   5.120435251      0.2994206636E-07
   5.136627460      0.9795023651E-08
   5.152819668      0.1981543079E-08
   5.169011877      0.1256347082E-09
   5.185204085      0.1264001320E-34
   5.201441086      0.1648921692E-10
   5.217678086      0.2631316158E-09
   5.233915086      0.1326245533E-08
   5.250152087      0.4165756508E-08
   5.266389087      0.1008957673E-07
   5.282626087      0.2071831817E-07
   5.298863088      0.3794093859E-07
   5.315100088      0.6386211213E-07
   5.331337088      0.1007423198E-06
   5.347574088      0.1509318659E-06
   5.363811089      0.2168002398E-06
   5.380048089      0.3006624489E-06
   5.396285089      0.4047041383E-06
   5.412522090      0.5309074759E-06
   5.428759090      0.6809798960E-06
   5.444996090      0.8562878655E-06
   5.461233091      0.1057797824E-05
   5.477470091      0.1286026380E-05
   5.493707091      0.1541001659E-05
   5.509944092      0.1822237476E-05
   5.526181092      0.2128721632E-05
   5.542418092      0.2458919234E-05
   5.558655093      0.2810791448E-05
   5.574892093      0.3253455013E-05
   5.591129093      0.3753270779E-05
   5.607366093      0.4280004254E-05
   5.623603094      0.4826398058E-05
   5.639840094      0.5384087526E-05
   5.656077094      0.5943878505E-05
   5.672314095      0.6496087630E-05
   5.688551095      0.7030928207E-05
   5.704788095      0.7242751927E-05
   5.721025096      0.7408181282E-05
   5.737262096      0.7551221196E-05
   5.753499096      0.7675158490E-05
   5.769736097      0.7871678127E-05
   5.785973097      0.8176336036E-05
   5.802210097      0.8458233948E-05
   5.818447098      0.8715269308E-05
   5.834684098      0.8947029383E-05
   5.850921098      0.9153665299E-05
   5.867158099      0.9335780837E-05
   5.883395099      0.9494369272E-05
   5.899632099      0.9630751244E-05
   5.915869099      0.9746508674E-05
   5.932106100      0.9795054754E-05
   5.948343100      0.9741258032E-05
   5.964580100      0.9701609812E-05
   5.980817101      0.9685042289E-05
   5.997054101      0.9699924056E-05
   6.013291101      0.9753964071E-05
   6.029528102      0.9854145386E-05
   6.045765102      0.1000667427E-04
   6.062002102      0.1016407814E-04
   6.078239103      0.1017159642E-04
   6.094476103      0.1017589156E-04
   6.110713103      0.1017793985E-04
   6.126950104      0.1017907407E-04
   6.143187104      0.1018190423E-04
   6.159424104      0.1019323514E-04
   6.175661104      0.1023033726E-04
   6.191898105      0.1030861821E-04
   6.208135105      0.1041275917E-04
   6.224372105      0.1052525900E-04
   6.240609106      0.1063863773E-04
   6.256846106      0.1074946380E-04
   6.273083106      0.1085559839E-04
   6.289320107      0.1095536494E-04
   6.305557107      0.1104729077E-04
   6.321794107      0.1113002999E-04
   6.338031108      0.1120235182E-04
   6.354268108      0.1126315473E-04
   6.370505108      0.1131149009E-04
   6.386742109      0.1134658774E-04
   6.402979109      0.1136787914E-04
   6.419216109      0.1137501546E-04
     
   0.000000000      0.8107056139E-05
  0.1615885685E-01  0.8107942240E-05
  0.3231771371E-01  0.8110506205E-05
  0.4847657056E-01  0.8114469488E-05
  0.6463542742E-01  0.8119382598E-05
  0.8079428427E-01  0.8124646809E-05
  0.9695314113E-01  0.8129543667E-05
  0.1131119980      0.8133271395E-05
  0.1292708548      0.8134986973E-05
  0.1454297117      0.8133852400E-05
  0.1615885685      0.8129083331E-05
  0.1777474254      0.8119998079E-05
  0.1939062823      0.8106064802E-05
  0.2100651391      0.8086944655E-05
  0.2262239960      0.8062528762E-05
  0.2423828528      0.8032967104E-05
  0.2585417097      0.7998687754E-05
  0.2747005665      0.7960405403E-05
  0.2908594234      0.7919118659E-05
  0.3070182802      0.7876096227E-05
  0.3231771371      0.7832852671E-05
  0.3393359940      0.7801502241E-05
  0.3554948508      0.7890925442E-05
  0.3716537077      0.7995239911E-05
  0.3878125645      0.8113746164E-05
  0.4039714214      0.8245505158E-05
  0.4201302782      0.8389358099E-05
  0.4362891351      0.8543951559E-05
  0.4524479919      0.8707767870E-05
  0.4686068488      0.8879160464E-05
  0.4847657056      0.9056393487E-05
  0.5009245625      0.9237684630E-05
  0.5170834194      0.9421249742E-05
  0.5332422762      0.9605347540E-05
  0.5494011331      0.9788322463E-05
  0.5655599899      0.9968643699E-05
  0.5817188468      0.1014493842E-04
  0.5978777036      0.1031601746E-04
  0.6140365605      0.1048089205E-04
  0.6301954173      0.1063878048E-04
  0.6463542742      0.1078910430E-04
  0.6625131310      0.1093147390E-04
  0.6786719879      0.1106566414E-04
  0.6948308448      0.1119158087E-04
  0.7109897016      0.1130921994E-04
  0.7271485585      0.1141862035E-04
  0.7433074153      0.1151981364E-04
  0.7594662722      0.1161277173E-04
  0.7756251290      0.1169735554E-04
  0.7917839859      0.1177326655E-04
  0.8079428427      0.1184000382E-04
  0.8241016996      0.1189926796E-04
  0.8402605564      0.1196948813E-04
  0.8564194133      0.1200212764E-04
  0.8725782702      0.1199639978E-04
  0.8887371270      0.1200076006E-04
  0.9048959839      0.1198745754E-04
  0.9210548407      0.1195422217E-04
  0.9372136976      0.1189864377E-04
  0.9533725544      0.1181824454E-04
  0.9695314113      0.1171056453E-04
  0.9856902681      0.1157325756E-04
   1.001849125      0.1140419460E-04
   1.018007982      0.1120157064E-04
   1.034166839      0.1096401056E-04
   1.050325696      0.1069066902E-04
   1.066484552      0.1038131900E-04
   1.082643409      0.1003642410E-04
   1.098802266      0.9657189495E-05
   1.114961123      0.9245587695E-05
   1.131119980      0.8804355918E-05
   1.147278837      0.8336963409E-05
   1.163437694      0.7847548433E-05
   1.179596550      0.7488361484E-05
   1.195755407      0.7193495728E-05
   1.211914264      0.6898510512E-05
   1.228073121      0.6602226265E-05
   1.244231978      0.6303375454E-05
   1.260390835      0.6000711814E-05
   1.276549692      0.5693122148E-05
   1.292708548      0.5379736435E-05
   1.308867405      0.5060031371E-05
   1.325026262      0.4733921968E-05
   1.341185119      0.4401835511E-05
   1.357343976      0.4064762270E-05
   1.373502833      0.3724277797E-05
   1.389661690      0.3382532682E-05
   1.405820546      0.3042207098E-05
   1.421979403      0.2706429497E-05
   1.438138260      0.2378661155E-05
   1.454297117      0.2062550824E-05
   1.470455974      0.1761766340E-05
   1.486614831      0.1479812375E-05
   1.502773687      0.1219845376E-05
   1.518932544      0.9844979376E-06
   1.535091401      0.7757251461E-06
   1.551250258      0.5946847951E-06
   1.567409115      0.4416616905E-06
   1.583567972      0.3160436729E-06
   1.599726829      0.2163536026E-06
   1.615885685      0.1403376299E-06
   1.632044542      0.8510590700E-07
   1.648203399      0.4731783872E-07
   1.664362256      0.2340034542E-07
   1.680521113      0.9784768126E-08
   1.696679970      0.3146230773E-08
   1.712838827      0.6286839632E-09
   1.728997683      0.3956586397E-10
   1.745156540      0.1264001320E-34
   1.761407614      0.1270274667E-09
   1.777658689      0.2010645802E-08
   1.793909763      0.9997780683E-08
   1.810160837      0.3081460873E-07
   1.826411911      0.7284586501E-07
   1.842662985      0.1452342298E-06
   1.858914059      0.2568940099E-06
   1.875165134      0.4155417596E-06
   1.891416208      0.6268438694E-06
   1.907667282      0.8937678010E-06
   1.923918356      0.1216201107E-05
   1.940169430      0.1590873198E-05
   1.956420504      0.2011582391E-05
   1.972671579      0.2469698769E-05
   1.988922653      0.2954885561E-05
   2.005173727      0.3455961143E-05
   2.021424801      0.3961812724E-05
   2.037675875      0.4462272184E-05
   2.053926949      0.4948874047E-05
   2.070178024      0.5415433465E-05
   2.086429098      0.5858405576E-05
   2.102680172      0.6277013156E-05
   2.118931246      0.6673153497E-05
   2.135182320      0.7051114784E-05
   2.151433394      0.7417144540E-05
   2.167684469      0.7778917061E-05
   2.183935543      0.8144943721E-05
   2.200186617      0.8523961346E-05
   2.216437691      0.8924322504E-05
   2.232688765      0.9353400731E-05
   2.248939839      0.9817016561E-05
   2.265190914      0.1031888884E-04
   2.281441988      0.1086012103E-04
   2.297693062      0.1143874297E-04
   2.313944136      0.1204934268E-04
   2.330195210      0.1268283613E-04
   2.346446284      0.1332643128E-04
   2.362697359      0.1396384297E-04
   2.378948433      0.1457580301E-04
   2.395199507      0.1514088683E-04
   2.411450581      0.1563664340E-04
   2.427701655      0.1604097484E-04
   2.443952729      0.1633367111E-04
   2.460203804      0.1649797052E-04
   2.476454878      0.1652199521E-04
   2.492705952      0.1639990742E-04
   2.508957026      0.1613265057E-04
   2.525208100      0.1572817681E-04
   2.541459174      0.1520111806E-04
   2.557710249      0.1457192121E-04
   2.573961323      0.1386553260E-04
   2.590212397      0.1310977204E-04
   2.606463471      0.1233357279E-04
   2.622714545      0.1156527701E-04
   2.638965619      0.1083116106E-04
   2.655216694      0.1015432617E-04
   2.671467768      0.9554031250E-05
   2.687718842      0.9045476505E-05
   2.703969916      0.8639979209E-05
   2.720220990      0.8345427924E-05
   2.736472064      0.8166867086E-05
   2.752723139      0.8107056139E-05
   2.768555520      0.8131427545E-05
   2.784387902      0.8204314364E-05
   2.800220284      0.8325023178E-05
   2.816052665      0.8492362270E-05
   2.831885047      0.8704592274E-05
   2.847717429      0.8959366070E-05
   2.863549810      0.9253665984E-05
   2.879382192      0.9583747466E-05
   2.895214573      0.9945098708E-05
   2.911046955      0.1033242521E-04
   2.926879337      0.1073966694E-04
   2.942711718      0.1116005384E-04
   2.958544100      0.1158620276E-04
   2.974376482      0.1201025609E-04
   2.990208863      0.1242405925E-04
   3.006041245      0.1281937114E-04
   3.021873627      0.1318809911E-04
   3.037706008      0.1352254775E-04
   3.053538390      0.1381566922E-04
   3.069370772      0.1406130253E-04
   3.085203153      0.1426170587E-04
   3.101035535      0.1478428125E-04
   3.116867917      0.1531339390E-04
   3.132700298      0.1584624861E-04
   3.148532680      0.1637996337E-04
   3.164365062      0.1691159399E-04
   3.180197443      0.1743815975E-04
   3.196029825      0.1795666943E-04
   3.211862206      0.1846414736E-04
   3.227694588      0.1895765879E-04
   3.243526970      0.1943433443E-04
   3.259359351      0.1989139363E-04
   3.275191733      0.2032616590E-04
   3.291024115      0.2073611073E-04
   3.306856496      0.2111883534E-04
   3.322688878      0.2147211053E-04
   3.338521260      0.2179388443E-04
   3.354353641      0.2208229437E-04
   3.370186023      0.2233567678E-04
   3.386018405      0.2255257550E-04
   3.401850786      0.2273174843E-04
   3.417683168      0.2287217281E-04
   3.433515550      0.2297304929E-04
   3.449347931      0.2303380492E-04
   3.465180313      0.2305409512E-04
   3.480923541      0.2295580649E-04
   3.496666769      0.2266512436E-04
   3.512409997      0.2219430570E-04
   3.528153225      0.2156282780E-04
   3.543896453      0.2079606327E-04
   3.559639681      0.1992361449E-04
   3.575382910      0.1897746762E-04
   3.591126138      0.1799013517E-04
   3.606869366      0.1699294451E-04
   3.622612594      0.1601460078E-04
   3.638355822      0.1508011067E-04
   3.654099050      0.1421010527E-04
   3.669842278      0.1342055227E-04
   3.685585506      0.1272280674E-04
   3.701328734      0.1212392068E-04
   3.717071962      0.1162711680E-04
   3.732815191      0.1123233295E-04
   3.748558419      0.1107830485E-04
   3.764301647      0.1116625082E-04
   3.780044875      0.1126187919E-04
   3.795788103      0.1136180745E-04
   3.811531331      0.1146255133E-04
   3.827274559      0.1156070859E-04
   3.843017787      0.1165313946E-04
   3.858761015      0.1173713209E-04
   3.874504243      0.1181054172E-04
   3.890247471      0.1187189335E-04
   3.905990700      0.1192044038E-04
   3.921733928      0.1195617502E-04
   3.937477156      0.1197979011E-04
   3.953220384      0.1199906987E-04
   3.968963612      0.1199639978E-04
   3.984706840      0.1199906987E-04
   4.000450068      0.1197979011E-04
   4.016193296      0.1195617502E-04
   4.031936524      0.1192044038E-04
   4.047679752      0.1187189335E-04
   4.063422981      0.1181054172E-04
   4.079166209      0.1173713209E-04
   4.094909437      0.1165313946E-04
   4.110652665      0.1156070859E-04
   4.126395893      0.1146255133E-04
   4.142139121      0.1136180745E-04
   4.157882349      0.1126187919E-04
   4.173625577      0.1116625082E-04
   4.189368805      0.1107830485E-04
   4.205112033      0.1123233295E-04
   4.220855262      0.1162711680E-04
   4.236598490      0.1212392068E-04
   4.252341718      0.1272280674E-04
   4.268084946      0.1342055227E-04
   4.283828174      0.1421010527E-04
   4.299571402      0.1508011067E-04
   4.315314630      0.1601460078E-04
   4.331057858      0.1699294451E-04
   4.346801086      0.1799013517E-04
   4.362544314      0.1897746762E-04
   4.378287543      0.1992361449E-04
   4.394030771      0.2079606327E-04
   4.409773999      0.2156282780E-04
   4.425517227      0.2219430570E-04
   4.441260455      0.2266512436E-04
   4.457003683      0.2295580649E-04
   4.472746911      0.2305409512E-04
   4.488939120      0.2294091945E-04
   4.505131328      0.2260693408E-04
   4.521323537      0.2206830182E-04
   4.537515745      0.2135047521E-04
   4.553707954      0.2048615223E-04
   4.569900162      0.1951275330E-04
   4.586092371      0.1846969701E-04
   4.602284579      0.1739575480E-04
   4.618476788      0.1632672922E-04
   4.634668996      0.1529363399E-04
   4.650861205      0.1432146947E-04
   4.667053413      0.1342859967E-04
   4.683245622      0.1262666108E-04
   4.699437830      0.1192088171E-04
   4.715630039      0.1131066681E-04
   4.731822247      0.1079031740E-04
   4.748014456      0.1034978226E-04
   4.764206664      0.9975394697E-05
   4.780398873      0.9650597450E-05
   4.796591081      0.9356701087E-05
   4.812783290      0.9073741658E-05
   4.828975498      0.8781497020E-05
   4.845167707      0.8460688330E-05
   4.861359915      0.8094340040E-05
   4.877552124      0.7669209555E-05
   4.893744332      0.7177140596E-05
   4.909936541      0.6616156223E-05
   4.926128749      0.5991099675E-05
   4.942320958      0.5313659730E-05
   4.958513166      0.4601681384E-05
   4.974705375      0.3877754724E-05
   4.990897583      0.3167181183E-05
   5.007089792      0.2495519528E-05
   5.023282000      0.1885995690E-05
   5.039474209      0.1357105081E-05
   5.055666417      0.9207330313E-06
   5.071858626      0.5810654162E-06
   5.088050834      0.3344630403E-06
   5.104243043      0.1703430398E-06
   5.120435251      0.7296768634E-07
   5.136627460      0.2390740827E-07
   5.152819668      0.4841837657E-08
   5.169011877      0.3071865981E-09
   5.185204085      0.1264001320E-34
   5.201441086      0.4821097482E-10
   5.217678086      0.7663981566E-09
   5.233915086      0.3838281140E-08
   5.250152087      0.1194929704E-07
   5.266389087      0.2861362577E-07
   5.282626087      0.5794777307E-07
   5.298863088      0.1044051290E-06
   5.315100088      0.1724882543E-06
   5.331337088      0.2664568312E-06
   5.347574088      0.3900491929E-06
   5.363811089      0.5462341272E-06
   5.380048089      0.7370073713E-06
   5.396285089      0.9632440377E-06
   5.412522090      0.1224614403E-05
   5.428759090      0.1519566323E-05
   5.444996090      0.1845373328E-05
   5.461233091      0.2198243468E-05
   5.477470091      0.2573480499E-05
   5.493707091      0.2965686279E-05
   5.509944092      0.3368991304E-05
   5.526181092      0.3777299436E-05
   5.542418092      0.4184532849E-05
   5.558655093      0.4584864164E-05
   5.574892093      0.4972924394E-05
   5.591129093      0.5343977599E-05
   5.607366093      0.5694055833E-05
   5.623603094      0.6020050750E-05
   5.639840094      0.6319761111E-05
   5.656077094      0.6591897973E-05
   5.672314095      0.6836051663E-05
   5.688551095      0.7052626577E-05
   5.704788095      0.7538920791E-05
   5.721025096      0.8011304952E-05
   5.737262096      0.8440427822E-05
   5.753499096      0.8820086056E-05
   5.769736097      0.9145800696E-05
   5.785973097      0.9415008957E-05
   5.802210097      0.9627162819E-05
   5.818447098      0.9783730908E-05
   5.834684098      0.9888107083E-05
   5.850921098      0.9945435609E-05
   5.867158099      0.9962368342E-05
   5.883395099      0.9946773428E-05
   5.899632099      0.9907417216E-05
   5.915869099      0.9853641297E-05
   5.932106100      0.9843415595E-05
   5.948343100      0.9923368004E-05
   5.964580100      0.9988315155E-05
   5.980817101      0.1004019477E-04
   5.997054101      0.1008087466E-04
   6.013291101      0.1011210318E-04
   6.029528102      0.1013547122E-04
   6.045765102      0.1015238848E-04
   6.062002102      0.1021692910E-04
   6.078239103      0.1048939441E-04
   6.094476103      0.1082756838E-04
   6.110713103      0.1123383702E-04
   6.126950104      0.1170931415E-04
   6.143187104      0.1225365316E-04
   6.159424104      0.1286484337E-04
   6.175661104      0.1353900916E-04
   6.191898105      0.1427023498E-04
   6.208135105      0.1505044111E-04
   6.224372105      0.1586933491E-04
   6.240609106      0.1671445959E-04
   6.256846106      0.1757135672E-04
   6.273083106      0.1842385170E-04
   6.289320107      0.1925446170E-04
   6.305557107      0.2004491621E-04
   6.321794107      0.2077677023E-04
   6.338031108      0.2143208138E-04
   6.354268108      0.2199411533E-04
   6.370505108      0.2244803927E-04
   6.386742109      0.2278156181E-04
   6.402979109      0.2298547956E-04
   6.419216109      0.2305409512E-04
     
