  0.6224342176      0.1668219699E-04   1.475955949    
  0.7151371862      0.1668125342E-04   1.475953967    
  0.8078401548      0.1667298676E-04   1.475952228    
  0.9005431233      0.1665326161E-04   1.475951091    
  0.9932460919      0.1661753206E-04   1.475950934    
   1.085949060      0.1656365948E-04   1.475952192    
   1.178652029      0.1648681055E-04   1.475955183    
   1.271354998      0.1638446997E-04   1.475960254    
   1.364057966      0.1625417387E-04   1.475967703    
   1.456760935      0.1609292387E-04   1.475977778    
   1.549463903      0.1589890021E-04   1.475990715    
   1.642166872      0.1566766499E-04   1.476006682    
   1.734869841      0.1539635526E-04   1.476025858    
   1.827572809      0.1508291185E-04   1.476048408    
   1.920275778      0.1472459410E-04   1.476074466    
   2.012978746      0.1431325581E-04   1.476104137    
   2.105681715      0.1384769407E-04   1.476137539    
   2.198384683      0.1331852766E-04   1.476174767    
   2.291087652      0.1271893476E-04   1.476215905    
   2.383790621      0.1203635659E-04   1.476261041    
   2.476493589      0.1125679729E-04   1.476310233    
   2.569196558      0.1035530284E-04   1.476363574    
   2.661899526      0.9297413177E-05   1.476421114    
   2.754602495      0.8022760654E-05   1.476482889    
   2.847305463      0.6405016811E-05   1.476548914    
   2.940008432      0.4043700361E-05   1.476619036    
   3.032711401      0.7220276616E-06   1.476664695    
   3.125414369      0.7135327389E-08   1.476666649    
   3.218117338      0.5629465734E-09   1.476667189    
   3.310820306      0.5570135527E-09   1.476667607    
   3.403523275      0.3130769783E-09   1.476668160    
   3.496226244      0.3078802692E-09   1.476668644    
   3.588929212      0.2194771197E-09   1.476669078    
   3.681632181      0.2145755732E-09   1.476669733    
   3.774335149      0.1706719493E-09   1.476670133    
   3.867038118      0.1659315901E-09   1.476670799    
   3.959741086      0.1379914878E-09   1.476671239    
   4.052444055      0.1334470976E-09   1.476671723    
   4.145147024      0.1287861034E-09   1.476672268    
   4.237849992      0.1063476101E-09   1.476672617    
