   0.000000000     -0.9390132722E-11
  0.1345846785E-01  0.2405445598E-04
  0.2691693569E-01  0.4816858207E-04
  0.4037540354E-01  0.7240116442E-04
  0.5383387139E-01  0.9680924185E-04
  0.6729233924E-01  0.1214472828E-03
  0.8075080708E-01  0.1463664199E-03
  0.9420927493E-01  0.1716137574E-03
  0.1076677428      0.1972317628E-03
  0.1211262106      0.2232577499E-03
  0.1345846785      0.2497234591E-03
  0.1480431463      0.2766547343E-03
  0.1615016142      0.3040712949E-03
  0.1749600820      0.3319865986E-03
  0.1884185499      0.3604077876E-03
  0.2018770177      0.3893357108E-03
  0.2153354856      0.4187650132E-03
  0.2287939534      0.4486842840E-03
  0.2422524213      0.4790762528E-03
  0.2557108891      0.5099180281E-03
  0.2691693569      0.5411813671E-03
  0.2826278248      0.5728329726E-03
  0.2960862926      0.6048348088E-03
  0.3095447605      0.6371444308E-03
  0.3230032283      0.6697153246E-03
  0.3364616962      0.7024972515E-03
  0.3499201640      0.7354365955E-03
  0.3633786319      0.7684767105E-03
  0.3768370997      0.8015582650E-03
  0.3902955676      0.8346195830E-03
  0.4037540354      0.8675969798E-03
  0.4172125033      0.8884453543E-03
  0.4306709711      0.8961608025E-03
  0.4441294390      0.9024239838E-03
  0.4575879068      0.9072699998E-03
  0.4710463747      0.9107405297E-03
  0.4845048425      0.9128839052E-03
  0.4979633104      0.9137551677E-03
  0.5114217782      0.9134161049E-03
  0.5248802460      0.9119352608E-03
  0.5383387139      0.9093879131E-03
  0.5517971817      0.9058560090E-03
  0.5652556496      0.9014280504E-03
  0.5787141174      0.8961989148E-03
  0.5921725853      0.8902695981E-03
  0.6056310531      0.8837468636E-03
  0.6190895210      0.8767427758E-03
  0.6325479888      0.8693741016E-03
  0.6460064567      0.8617615556E-03
  0.6594649245      0.8540288706E-03
  0.6729233924      0.8463016738E-03
  0.6863818602      0.8387061575E-03
  0.6998403281      0.8313675382E-03
  0.7132987959      0.8244083097E-03
  0.7267572638      0.8179463138E-03
  0.7402157316      0.8120926634E-03
  0.7536741994      0.8069495784E-03
  0.7671326673      0.8026082084E-03
  0.7805911351      0.7991465360E-03
  0.7940496030      0.7966274616E-03
  0.8075080708      0.7950971753E-03
  0.8209665387      0.7945839129E-03
  0.8346256212      0.7944482381E-03
  0.8482847037      0.7940412599E-03
  0.8619437862      0.7933631173E-03
  0.8756028687      0.7924140420E-03
  0.8892619512      0.7911943580E-03
  0.9029210337      0.7897044819E-03
  0.9165801162      0.7879449224E-03
  0.9302391988      0.7859162804E-03
  0.9438982813      0.7836192488E-03
  0.9575573638      0.7810546118E-03
  0.9712164463      0.7782232455E-03
  0.9848755288      0.7751261166E-03
  0.9985346113      0.7717642829E-03
   1.012193694      0.7681388924E-03
   1.025852776      0.7642511831E-03
   1.039511859      0.7601024828E-03
   1.053170941      0.7556942081E-03
   1.066830024      0.7510278646E-03
   1.080489106      0.7461050458E-03
   1.094148189      0.7409274327E-03
   1.107807271      0.7354967937E-03
   1.121466354      0.7298149831E-03
   1.135125436      0.7238839414E-03
   1.148784519      0.7177056940E-03
   1.162443601      0.7112823507E-03
   1.176102684      0.7046161052E-03
   1.189761766      0.6977092340E-03
   1.203420849      0.6905640956E-03
   1.217079931      0.6831831303E-03
   1.230739014      0.6755688585E-03
   1.244398096      0.6677238806E-03
   1.258057179      0.6596508756E-03
   1.271716261      0.6513526005E-03
   1.285375344      0.6428318890E-03
   1.299034427      0.6340916510E-03
   1.312693509      0.6251348713E-03
   1.326352592      0.6159646086E-03
   1.340011674      0.6065839946E-03
   1.353670757      0.5969962327E-03
   1.367329839      0.5872045971E-03
   1.380988922      0.5772124317E-03
   1.394648004      0.5670231488E-03
   1.408307087      0.5566402280E-03
   1.421966169      0.5460672150E-03
   1.435625252      0.5353077206E-03
   1.449284334      0.5243654192E-03
   1.462943417      0.5132440474E-03
   1.476602499      0.5019474032E-03
   1.490261582      0.4904793444E-03
   1.503920664      0.4788437874E-03
   1.517579747      0.4670447057E-03
   1.531238829      0.4550861287E-03
   1.544897912      0.4429721401E-03
   1.558556994      0.4307068770E-03
   1.572216077      0.4182945279E-03
   1.585875159      0.4057393315E-03
   1.599534242      0.3930455756E-03
   1.613193324      0.3802175950E-03
   1.626852407      0.3672597703E-03
   1.640511489      0.3541765269E-03
   1.654170572      0.3409723324E-03
   1.667829654      0.3276516963E-03
   1.681488737      0.3142191673E-03
   1.695147819      0.3006793328E-03
   1.708806902      0.2870368166E-03
   1.722465984      0.2732962776E-03
   1.736125067      0.2594624082E-03
   1.749784149      0.2455399325E-03
   1.763443232      0.2315336053E-03
   1.777102314      0.2174482095E-03
   1.790761397      0.2032885553E-03
   1.804420479      0.1890594783E-03
   1.818079562      0.1747658376E-03
   1.831738644      0.1604125146E-03
   1.845397727      0.1460044109E-03
   1.859056809      0.1315464467E-03
   1.872715892      0.1170435596E-03
   1.886374974      0.1025007022E-03
   1.900034057      0.8792284095E-04
   1.913693139      0.7331495410E-04
   1.927352222      0.5868203026E-04
   1.941011304      0.4402906656E-04
   1.954670387      0.2936106697E-04
   1.968329469      0.1468304061E-04
   1.981988552     -0.9390132722E-11
   1.995403229      0.1773440497E-04
   2.008817906      0.3545323333E-04
   2.022232583      0.5314092216E-04
   2.035647260      0.7078193589E-04
   2.049061937      0.8836077993E-04
   2.062476614      0.1058620143E-03
   2.075891291      0.1232702672E-03
   2.089305968      0.1405702486E-03
   2.102720644      0.1577467632E-03
   2.116135321      0.1747847247E-03
   2.129549998      0.1916691680E-03
   2.142964675      0.2083852631E-03
   2.156379352      0.2249183278E-03
   2.169794029      0.2412538406E-03
   2.183208706      0.2573774537E-03
   2.196623383      0.2732750053E-03
   2.210038060      0.2889325320E-03
   2.223452737      0.3043362815E-03
   2.236867414      0.3194727242E-03
   2.250282091      0.3343285654E-03
   2.263696768      0.3488907568E-03
   2.277111445      0.3631465081E-03
   2.290526122      0.3770832979E-03
   2.303940799      0.3906888854E-03
   2.317355476      0.4039513202E-03
   2.330770153      0.4168589537E-03
   2.344184830      0.4294004488E-03
   2.357599506      0.4415647898E-03
   2.371014183      0.4533412925E-03
   2.384428860      0.4647196134E-03
   2.397843537      0.4756897585E-03
   2.411258214      0.4862420925E-03
   2.424672891      0.4963673469E-03
   2.438087568      0.5060566284E-03
   2.451502245      0.5153014268E-03
   2.464916922      0.5240936220E-03
   2.478331599      0.5324254917E-03
   2.491746276      0.5402897176E-03
   2.505160953      0.5476793926E-03
   2.518575630      0.5545880259E-03
   2.531990307      0.5610095497E-03
   2.545404984      0.5669383236E-03
   2.558819661      0.5723691402E-03
   2.572234338      0.5772972297E-03
   2.585649015      0.5817182633E-03
   2.599063691      0.5856283582E-03
   2.612478368      0.5890240798E-03
   2.625893045      0.5919024457E-03
   2.639307722      0.5942609277E-03
   2.652722399      0.5960974543E-03
   2.666137076      0.5974104125E-03
   2.679551753      0.5981986489E-03
   2.692966430      0.5984614713E-03
     
   0.000000000     -0.9390132722E-11
  0.1345846785E-01  0.4065777710E-04
  0.2691693569E-01  0.8122821862E-04
  0.4037540354E-01  0.1216242578E-03
  0.5383387139E-01  0.1617593649E-03
  0.6729233924E-01  0.2015478145E-03
  0.8075080708E-01  0.2409049513E-03
  0.9420927493E-01  0.2797474537E-03
  0.1076677428      0.3179935950E-03
  0.1211262106      0.3555635019E-03
  0.1345846785      0.3923794089E-03
  0.1480431463      0.4283659096E-03
  0.1615016142      0.4634502032E-03
  0.1749600820      0.4975623369E-03
  0.1884185499      0.5306354423E-03
  0.2018770177      0.5626059678E-03
  0.2153354856      0.5934139044E-03
  0.2287939534      0.6230030059E-03
  0.2422524213      0.6513210031E-03
  0.2557108891      0.6783198118E-03
  0.2691693569      0.7039557340E-03
  0.2826278248      0.7281896529E-03
  0.2960862926      0.7509872211E-03
  0.3095447605      0.7723190425E-03
  0.3230032283      0.7921608468E-03
  0.3364616962      0.8104936577E-03
  0.3499201640      0.8273039550E-03
  0.3633786319      0.8425838286E-03
  0.3768370997      0.8563311273E-03
  0.3902955676      0.8685495995E-03
  0.4037540354      0.8792490275E-03
  0.4172125033      0.8884453543E-03
  0.4306709711      0.8961608025E-03
  0.4441294390      0.9024239838E-03
  0.4575879068      0.9072699998E-03
  0.4710463747      0.9107405297E-03
  0.4845048425      0.9128839052E-03
  0.4979633104      0.9137551677E-03
  0.5114217782      0.9134161049E-03
  0.5248802460      0.9119352608E-03
  0.5383387139      0.9093879131E-03
  0.5517971817      0.9058560090E-03
  0.5652556496      0.9014280504E-03
  0.5787141174      0.8961989148E-03
  0.5921725853      0.8902695981E-03
  0.6056310531      0.8837468636E-03
  0.6190895210      0.8767427758E-03
  0.6325479888      0.8693741016E-03
  0.6460064567      0.8617615556E-03
  0.6594649245      0.8540288706E-03
  0.6729233924      0.8463016738E-03
  0.6863818602      0.8387061575E-03
  0.6998403281      0.8313675382E-03
  0.7132987959      0.8244083097E-03
  0.7267572638      0.8179463138E-03
  0.7402157316      0.8120926634E-03
  0.7536741994      0.8069495784E-03
  0.7671326673      0.8026082084E-03
  0.7805911351      0.7991465360E-03
  0.7940496030      0.7966274616E-03
  0.8075080708      0.7950971753E-03
  0.8209665387      0.7945839129E-03
  0.8346256212      0.7944482381E-03
  0.8482847037      0.7940412599E-03
  0.8619437862      0.7933631173E-03
  0.8756028687      0.7924140420E-03
  0.8892619512      0.7911943580E-03
  0.9029210337      0.7897044819E-03
  0.9165801162      0.7879449224E-03
  0.9302391988      0.7859162804E-03
  0.9438982813      0.7836192488E-03
  0.9575573638      0.7810546118E-03
  0.9712164463      0.7782232455E-03
  0.9848755288      0.7751261166E-03
  0.9985346113      0.7717642829E-03
   1.012193694      0.7681388924E-03
   1.025852776      0.7642511831E-03
   1.039511859      0.7601024828E-03
   1.053170941      0.7556942081E-03
   1.066830024      0.7510278646E-03
   1.080489106      0.7461050458E-03
   1.094148189      0.7409274327E-03
   1.107807271      0.7354967937E-03
   1.121466354      0.7298149831E-03
   1.135125436      0.7238839414E-03
   1.148784519      0.7177056940E-03
   1.162443601      0.7112823507E-03
   1.176102684      0.7046161052E-03
   1.189761766      0.6977092340E-03
   1.203420849      0.6905640956E-03
   1.217079931      0.6831831303E-03
   1.230739014      0.6755688585E-03
   1.244398096      0.6677238806E-03
   1.258057179      0.6596508756E-03
   1.271716261      0.6513526005E-03
   1.285375344      0.6428318890E-03
   1.299034427      0.6340916510E-03
   1.312693509      0.6251348713E-03
   1.326352592      0.6159646086E-03
   1.340011674      0.6065839946E-03
   1.353670757      0.5969962327E-03
   1.367329839      0.5872045971E-03
   1.380988922      0.5772124317E-03
   1.394648004      0.5670231488E-03
   1.408307087      0.5566402280E-03
   1.421966169      0.5460672150E-03
   1.435625252      0.5353077206E-03
   1.449284334      0.5243654192E-03
   1.462943417      0.5132440474E-03
   1.476602499      0.5019474032E-03
   1.490261582      0.4904793444E-03
   1.503920664      0.4788437874E-03
   1.517579747      0.4670447057E-03
   1.531238829      0.4550861287E-03
   1.544897912      0.4429721401E-03
   1.558556994      0.4307068770E-03
   1.572216077      0.4182945279E-03
   1.585875159      0.4057393315E-03
   1.599534242      0.3930455756E-03
   1.613193324      0.3802175950E-03
   1.626852407      0.3672597703E-03
   1.640511489      0.3541765269E-03
   1.654170572      0.3409723324E-03
   1.667829654      0.3276516963E-03
   1.681488737      0.3142191673E-03
   1.695147819      0.3006793328E-03
   1.708806902      0.2870368166E-03
   1.722465984      0.2732962776E-03
   1.736125067      0.2594624082E-03
   1.749784149      0.2455399325E-03
   1.763443232      0.2315336053E-03
   1.777102314      0.2174482095E-03
   1.790761397      0.2032885553E-03
   1.804420479      0.1890594783E-03
   1.818079562      0.1747658376E-03
   1.831738644      0.1604125146E-03
   1.845397727      0.1460044109E-03
   1.859056809      0.1315464467E-03
   1.872715892      0.1170435596E-03
   1.886374974      0.1025007022E-03
   1.900034057      0.8792284095E-04
   1.913693139      0.7331495410E-04
   1.927352222      0.5868203026E-04
   1.941011304      0.4402906656E-04
   1.954670387      0.2936106697E-04
   1.968329469      0.1468304061E-04
   1.981988552     -0.9390132722E-11
   1.995403229      0.1773440497E-04
   2.008817906      0.3545323333E-04
   2.022232583      0.5314092216E-04
   2.035647260      0.7078193589E-04
   2.049061937      0.8836077993E-04
   2.062476614      0.1058620143E-03
   2.075891291      0.1232702672E-03
   2.089305968      0.1405702486E-03
   2.102720644      0.1577467632E-03
   2.116135321      0.1747847247E-03
   2.129549998      0.1916691680E-03
   2.142964675      0.2083852631E-03
   2.156379352      0.2249183278E-03
   2.169794029      0.2412538406E-03
   2.183208706      0.2573774537E-03
   2.196623383      0.2732750053E-03
   2.210038060      0.2889325320E-03
   2.223452737      0.3043362815E-03
   2.236867414      0.3194727242E-03
   2.250282091      0.3343285654E-03
   2.263696768      0.3488907568E-03
   2.277111445      0.3631465081E-03
   2.290526122      0.3770832979E-03
   2.303940799      0.3906888854E-03
   2.317355476      0.4039513202E-03
   2.330770153      0.4168589537E-03
   2.344184830      0.4294004488E-03
   2.357599506      0.4415647898E-03
   2.371014183      0.4533412925E-03
   2.384428860      0.4647196134E-03
   2.397843537      0.4756897585E-03
   2.411258214      0.4862420925E-03
   2.424672891      0.4963673469E-03
   2.438087568      0.5060566284E-03
   2.451502245      0.5153014268E-03
   2.464916922      0.5240936220E-03
   2.478331599      0.5324254917E-03
   2.491746276      0.5402897176E-03
   2.505160953      0.5476793926E-03
   2.518575630      0.5545880259E-03
   2.531990307      0.5610095497E-03
   2.545404984      0.5669383236E-03
   2.558819661      0.5723691402E-03
   2.572234338      0.5772972297E-03
   2.585649015      0.5817182633E-03
   2.599063691      0.5856283582E-03
   2.612478368      0.5890240798E-03
   2.625893045      0.5919024457E-03
   2.639307722      0.5942609277E-03
   2.652722399      0.5960974543E-03
   2.666137076      0.5974104125E-03
   2.679551753      0.5981986489E-03
   2.692966430      0.5984614713E-03
     
   0.000000000     -0.9390132722E-11
  0.1345846785E-01  0.4065777710E-04
  0.2691693569E-01  0.8122821862E-04
  0.4037540354E-01  0.1216242578E-03
  0.5383387139E-01  0.1617593649E-03
  0.6729233924E-01  0.2015478145E-03
  0.8075080708E-01  0.2409049513E-03
  0.9420927493E-01  0.2797474537E-03
  0.1076677428      0.3179935950E-03
  0.1211262106      0.3555635019E-03
  0.1345846785      0.3923794089E-03
  0.1480431463      0.4283659096E-03
  0.1615016142      0.4634502032E-03
  0.1749600820      0.4975623369E-03
  0.1884185499      0.5306354423E-03
  0.2018770177      0.5626059678E-03
  0.2153354856      0.5934139044E-03
  0.2287939534      0.6230030059E-03
  0.2422524213      0.6513210031E-03
  0.2557108891      0.6783198118E-03
  0.2691693569      0.7039557340E-03
  0.2826278248      0.7281896529E-03
  0.2960862926      0.7509872211E-03
  0.3095447605      0.7723190425E-03
  0.3230032283      0.7921608468E-03
  0.3364616962      0.8104936577E-03
  0.3499201640      0.8273039550E-03
  0.3633786319      0.8425838286E-03
  0.3768370997      0.8563311273E-03
  0.3902955676      0.8685495995E-03
  0.4037540354      0.8792490275E-03
  0.4172125033      0.9004250914E-03
  0.4306709711      0.9330371977E-03
  0.4441294390      0.9653655374E-03
  0.4575879068      0.9973416156E-03
  0.4710463747      0.1028896503E-02
  0.4845048425      0.1059961128E-02
  0.4979633104      0.1090466555E-02
  0.5114217782      0.1120344265E-02
  0.5248802460      0.1149526412E-02
  0.5383387139      0.1177946085E-02
  0.5517971817      0.1205537550E-02
  0.5652556496      0.1232236491E-02
  0.5787141174      0.1257980232E-02
  0.5921725853      0.1282707963E-02
  0.6056310531      0.1306360939E-02
  0.6190895210      0.1328882685E-02
  0.6325479888      0.1350219182E-02
  0.6460064567      0.1370319044E-02
  0.6594649245      0.1389133686E-02
  0.6729233924      0.1406617482E-02
  0.6863818602      0.1422727909E-02
  0.6998403281      0.1437425684E-02
  0.7132987959      0.1450674886E-02
  0.7267572638      0.1462443071E-02
  0.7402157316      0.1472701370E-02
  0.7536741994      0.1481424582E-02
  0.7671326673      0.1488591251E-02
  0.7805911351      0.1494183730E-02
  0.7940496030      0.1498188238E-02
  0.8075080708      0.1500594900E-02
  0.8209665387      0.1501397781E-02
  0.8346256212      0.1501141418E-02
  0.8482847037      0.1500372417E-02
  0.8619437862      0.1499091040E-02
  0.8756028687      0.1497297724E-02
  0.8892619512      0.1494993083E-02
  0.9029210337      0.1492177903E-02
  0.9165801162      0.1488853146E-02
  0.9302391988      0.1485019946E-02
  0.9438982813      0.1480679614E-02
  0.9575573638      0.1475833631E-02
  0.9712164463      0.1470483652E-02
  0.9848755288      0.1464631505E-02
  0.9985346113      0.1458279187E-02
   1.012193694      0.1451428867E-02
   1.025852776      0.1444082887E-02
   1.039511859      0.1436243753E-02
   1.053170941      0.1427914144E-02
   1.066830024      0.1419096903E-02
   1.080489106      0.1409795041E-02
   1.094148189      0.1400011737E-02
   1.107807271      0.1389750329E-02
   1.121466354      0.1379014323E-02
   1.135125436      0.1367807384E-02
   1.148784519      0.1356133341E-02
   1.162443601      0.1343996180E-02
   1.176102684      0.1331400045E-02
   1.189761766      0.1318349238E-02
   1.203420849      0.1304848216E-02
   1.217079931      0.1290901589E-02
   1.230739014      0.1276514121E-02
   1.244398096      0.1261690725E-02
   1.258057179      0.1246436462E-02
   1.271716261      0.1230756542E-02
   1.285375344      0.1214656321E-02
   1.299034427      0.1198141295E-02
   1.312693509      0.1181217105E-02
   1.326352592      0.1163889530E-02
   1.340011674      0.1146164488E-02
   1.353670757      0.1128048032E-02
   1.367329839      0.1109546349E-02
   1.380988922      0.1090665756E-02
   1.394648004      0.1071412703E-02
   1.408307087      0.1051793762E-02
   1.421966169      0.1031815636E-02
   1.435625252      0.1011485145E-02
   1.449284334      0.9908092326E-03
   1.462943417      0.9697949600E-03
   1.476602499      0.9484495033E-03
   1.490261582      0.9267801520E-03
   1.503920664      0.9047943061E-03
   1.517579747      0.8824994738E-03
   1.531238829      0.8599032687E-03
   1.544897912      0.8370134074E-03
   1.558556994      0.8138377068E-03
   1.572216077      0.7903840814E-03
   1.585875159      0.7666605406E-03
   1.599534242      0.7426751859E-03
   1.613193324      0.7184362083E-03
   1.626852407      0.6939518853E-03
   1.640511489      0.6692305785E-03
   1.654170572      0.6442807300E-03
   1.667829654      0.6191108602E-03
   1.681488737      0.5937295647E-03
   1.695147819      0.5681455110E-03
   1.708806902      0.5423674362E-03
   1.722465984      0.5164041434E-03
   1.736125067      0.4902644990E-03
   1.749784149      0.4639574298E-03
   1.763443232      0.4374919195E-03
   1.777102314      0.4108770062E-03
   1.790761397      0.3841217787E-03
   1.804420479      0.3572353740E-03
   1.818079562      0.3302269737E-03
   1.831738644      0.3031058012E-03
   1.845397727      0.2758811184E-03
   1.859056809      0.2485622224E-03
   1.872715892      0.2211584427E-03
   1.886374974      0.1936791375E-03
   1.900034057      0.1661336911E-03
   1.913693139      0.1385315102E-03
   1.927352222      0.1108820209E-03
   1.941011304      0.8319466551E-04
   1.954670387      0.5547889921E-04
   1.968329469      0.2774418691E-04
   1.981988552     -0.9390132722E-11
   1.995403229      0.3781281390E-04
   2.008817906      0.7559241578E-04
   2.022232583      0.1133056228E-03
   2.035647260      0.1509193104E-03
   2.049061937      0.1884004416E-03
   2.062476614      0.2257160955E-03
   2.075891291      0.2628334969E-03
   2.089305968      0.2997200446E-03
   2.102720644      0.3363433400E-03
   2.116135321      0.3726712160E-03
   2.129549998      0.4086717649E-03
   2.142964675      0.4443133663E-03
   2.156379352      0.4795647153E-03
   2.169794029      0.5143948496E-03
   2.183208706      0.5487731771E-03
   2.196623383      0.5826695023E-03
   2.210038060      0.6160540531E-03
   2.223452737      0.6488975071E-03
   2.236867414      0.6811710168E-03
   2.250282091      0.7128462357E-03
   2.263696768      0.7438953425E-03
   2.277111445      0.7742910659E-03
   2.290526122      0.8040067086E-03
   2.303940799      0.8330161705E-03
   2.317355476      0.8612939719E-03
   2.330770153      0.8888152755E-03
   2.344184830      0.9155559086E-03
   2.357599506      0.9414923843E-03
   2.371014183      0.9666019219E-03
   2.384428860      0.9908624668E-03
   2.397843537      0.1014252711E-02
   2.411258214      0.1036752109E-02
   2.424672891      0.1058340900E-02
   2.438087568      0.1079000121E-02
   2.451502245      0.1098711628E-02
   2.464916922      0.1117458106E-02
   2.478331599      0.1135223091E-02
   2.491746276      0.1151990979E-02
   2.505160953      0.1167747042E-02
   2.518575630      0.1182477441E-02
   2.531990307      0.1196169239E-02
   2.545404984      0.1208810409E-02
   2.558819661      0.1220389848E-02
   2.572234338      0.1230897385E-02
   2.585649015      0.1240323793E-02
   2.599063691      0.1248660790E-02
   2.612478368      0.1255901055E-02
   2.625893045      0.1262038228E-02
   2.639307722      0.1267066919E-02
   2.652722399      0.1270982711E-02
   2.666137076      0.1273782164E-02
   2.679551753      0.1275462821E-02
   2.692966430      0.1276023203E-02
     
