 -0.1651537560E-03   95.77851697    
 -0.1615203733E-03   125.5028843    
 -0.1578869907E-03   92.47580949    
 -0.1542536081E-03   99.08122445    
 -0.1506202254E-03   97.42987071    
 -0.1469868428E-03   113.9434081    
 -0.1433534602E-03   133.7596530    
 -0.1397200775E-03   100.7325782    
 -0.1360866949E-03   110.6407006    
 -0.1324533123E-03   104.0352857    
 -0.1288199297E-03   105.6866394    
 -0.1251865470E-03   90.82445575    
 -0.1215531644E-03   110.6407006    
 -0.1179197818E-03   107.3379932    
 -0.1142863991E-03   122.2001768    
 -0.1106530165E-03   108.9893469    
 -0.1070196339E-03   97.42987071    
 -0.1033862512E-03   100.7325782    
 -0.9975286860E-04   117.2461156    
 -0.9611948597E-04   77.61362582    
 -0.9248610334E-04   95.77851697    
 -0.8885272071E-04   69.35685712    
 -0.8521933808E-04   104.0352857    
 -0.8158595545E-04   85.87039453    
 -0.7795257281E-04   100.7325782    
 -0.7431919018E-04   89.17310201    
 -0.7068580755E-04   54.49467345    
 -0.6705242492E-04   97.42987071    
 -0.6341904229E-04   59.44873467    
 -0.5978565966E-04   75.96227208    
 -0.5615227703E-04   82.56768704    
 -0.5251889440E-04   74.31091834    
 -0.4888551176E-04   41.28384352    
 -0.4525212913E-04   64.40279589    
 -0.4161874650E-04   47.88925849    
 -0.3798536387E-04   33.02707482    
 -0.3435198124E-04   49.54061223    
 -0.3071859861E-04   34.67842856    
 -0.2708521598E-04   31.37572108    
 -0.2345183335E-04   42.93519726    
 -0.1981845072E-04   28.07301359    
 -0.1618506808E-04   14.86218367    
 -0.1255168545E-04   9.908122445    
 -0.8918302822E-05   11.55947619    
 -0.5284920191E-05   0.000000000    
 -0.1651537560E-05  0.8256768704    
  0.1981845072E-05   0.000000000    
  0.5615227703E-05   8.256768704    
  0.9248610334E-05   9.908122445    
  0.1288199297E-04   18.16489115    
  0.1651537560E-04   21.46759863    
  0.2014875823E-04   19.81624489    
  0.2378214086E-04   33.02707482    
  0.2741552349E-04   18.16489115    
  0.3104890612E-04   35.22887981    
  0.3468228875E-04   69.35685712    
  0.3831567138E-04   69.35685712    
  0.4194905401E-04   47.88925849    
  0.4558243665E-04   66.05414963    
  0.4921581928E-04   62.75144215    
  0.5284920191E-04   72.65956460    
  0.5648258454E-04   69.35685712    
  0.6011596717E-04   66.05414963    
  0.6374934980E-04   93.02626074    
  0.6738273243E-04   110.0902494    
  0.7101611506E-04   104.0352857    
  0.7464949769E-04   132.1082993    
  0.7828288033E-04   102.3839319    
  0.8191626296E-04   112.2920544    
  0.8554964559E-04   118.8974693    
  0.8918302822E-04   125.5028843    
  0.9281641085E-04   154.1263491    
  0.9644979348E-04   150.2731904    
  0.1000831761E-03   148.6218367    
  0.1037165587E-03   160.1813129    
  0.1073499414E-03   151.9245442    
  0.1109833240E-03   166.7867278    
  0.1146167066E-03   181.6489115    
  0.1182500893E-03   171.7407891    
  0.1218834719E-03   198.1624489    
  0.1255168545E-03   211.9237301    
  0.1291502372E-03   201.4651564    
  0.1327836198E-03   181.6489115    
  0.1364170024E-03   222.3823038    
  0.1400503851E-03   288.9869047    
  0.1436837677E-03   226.2354625    
  0.1473171503E-03   226.2354625    
  0.1509505329E-03   246.0517074    
  0.1545839156E-03   260.9138911    
  0.1582172982E-03   215.2264376    
  0.1618506808E-03   247.7030611    
  0.1654840635E-03   336.8761631    
  0.1691174461E-03   288.9869047    
  0.1727508287E-03   290.6382584    
  0.1763842114E-03   303.8490883    
  0.1800175940E-03   341.8302244    
  0.1836509766E-03   326.9680407    
  0.1872843593E-03   285.6841972    
  0.1909177419E-03   320.9130770    
  0.1945511245E-03   361.6464693    
  0.1981845072E-03   348.4356393    
  0.2018178898E-03   379.8113604    
  0.2054512724E-03   385.8663241    
  0.2090846550E-03   394.6735441    
  0.2127180377E-03   394.6735441    
  0.2163514203E-03   429.3519726    
  0.2199848029E-03   388.0681291    
  0.2236181856E-03   393.0221903    
  0.2272515682E-03   411.7375327    
  0.2308849508E-03   442.5628026    
  0.2345183335E-03   444.2141563    
  0.2381517161E-03   506.9655984    
  0.2417850987E-03   468.9844624    
  0.2454184814E-03   492.1034148    
  0.2490518640E-03   459.0763400    
  0.2526852466E-03   452.4709250    
  0.2563186293E-03   564.7629794    
  0.2599520119E-03   552.1026007    
  0.2635853945E-03   539.9926733    
  0.2672187771E-03   505.3142447    
  0.2708521598E-03   573.0197481    
  0.2744855424E-03   617.0558478    
  0.2781189250E-03   556.5062107    
  0.2817523077E-03   576.3224556    
  0.2853856903E-03   566.4143331    
  0.2890190729E-03   611.0008841    
  0.2926524556E-03   705.1280474    
  0.2962858382E-03   708.9812061    
  0.2999192208E-03   612.6522379    
  0.3035526035E-03   582.9278705    
  0.3071859861E-03   739.8064759    
  0.3108193687E-03   670.4496188    
  0.3144527514E-03   733.2010609    
  0.3180861340E-03   719.9902310    
  0.3217195166E-03   749.7145984    
  0.3253528992E-03   810.8146868    
  0.3289862819E-03   677.0550338    
  0.3326196645E-03   794.3011494    
  0.3362530471E-03   806.4110768    
  0.3398864298E-03   826.7777729    
  0.3435198124E-03   847.1444691    
  0.3471531950E-03   840.5390541    
  0.3507865777E-03   805.8606255    
  0.3544199603E-03   870.2634214    
  0.3580533429E-03   941.2716323    
  0.3616867256E-03   982.5554758    
  0.3653201082E-03   881.8228976    
  0.3689534908E-03   824.0255167    
  0.3725868735E-03   1024.389771    
  0.3762202561E-03   987.5095370    
  0.3798536387E-03   992.4635983    
  0.3834870213E-03   1071.728578    
  0.3871204040E-03   1023.839319    
  0.3907537866E-03   1035.398796    
  0.3943871692E-03   1017.233904    
  0.3980205519E-03   1119.617836    
  0.4016539345E-03   1132.828666    
  0.4052873171E-03   1104.205201    
  0.4089206998E-03   1175.763864    
  0.4125540824E-03   1139.984532    
  0.4161874650E-03   1108.058360    
  0.4198208477E-03   1271.542380    
  0.4234542303E-03   1319.431639    
  0.4270876129E-03   1190.626047    
  0.4307209955E-03   1278.147795    
  0.4343543782E-03   1231.909891    
  0.4379877608E-03   1448.237231    
  0.4416211434E-03   1349.156006    
  0.4452545261E-03   1357.412775    
  0.4488879087E-03   1270.441478    
  0.4525212913E-03   1548.969809    
  0.4561546740E-03   1461.448061    
  0.4597880566E-03   1439.980462    
  0.4634214392E-03   1509.337319    
  0.4670548219E-03   1608.418544    
  0.4706882045E-03   1543.465296    
  0.4743215871E-03   1578.694176    
  0.4779549698E-03   1715.756537    
  0.4815883524E-03   1643.096972    
  0.4852217350E-03   1697.591646    
  0.4888551176E-03   1681.628559    
  0.4924885003E-03   1768.599856    
  0.4961218829E-03   1877.589203    
  0.4997552655E-03   1819.791822    
  0.5033886482E-03   1938.689292    
  0.5070220308E-03   1897.405448    
  0.5106554134E-03   1854.470251    
  0.5142887961E-03   2133.549033    
  0.5179221787E-03   2017.954271    
  0.5215555613E-03   2064.192176    
  0.5251889440E-03   2166.576108    
  0.5288223266E-03   2192.997768    
  0.5324557092E-03   2217.768074    
  0.5360890919E-03   2353.179081    
  0.5397224745E-03   2399.416985    
  0.5433558571E-03   2298.684407    
  0.5469892397E-03   2599.230788    
  0.5506226224E-03   2556.295591    
  0.5542560050E-03   2658.679523    
  0.5578893876E-03   2655.376815    
  0.5615227703E-03   2782.531053    
  0.5651561529E-03   2830.420312    
  0.5687895355E-03   2894.823108    
  0.5724229182E-03   3197.571294    
  0.5760563008E-03   3193.718135    
  0.5796896834E-03   3190.415427    
  0.5833230661E-03   3436.467135    
  0.5869564487E-03   3880.681291    
  0.5905898313E-03   4027.651774    
  0.5942232140E-03   3857.011887    
  0.5978565966E-03   6287.254143    
  0.6014899792E-03   3812.425336    
  0.6051233618E-03   4422.325318    
  0.6087567445E-03   4397.555012    
  0.6123901271E-03   4036.458994    
  0.6160235097E-03   3741.417126    
  0.6196568924E-03   3883.983999    
  0.6232902750E-03   3880.681291    
  0.6269236576E-03   3730.408101    
  0.6305570403E-03   3636.280937    
  0.6341904229E-03   3669.308012    
  0.6378238055E-03   3817.379398    
  0.6414571882E-03   3599.951155    
  0.6450905708E-03   3469.494210    
  0.6487239534E-03   3616.464693    
  0.6523573361E-03   3678.115232    
  0.6559907187E-03   3569.676337    
  0.6596241013E-03   3457.934733    
  0.6632574839E-03   3533.897005    
  0.6668908666E-03   3619.216949    
  0.6705242492E-03   3457.934733    
  0.6741576318E-03   3423.256305    
  0.6777910145E-03   3608.207924    
  0.6814243971E-03   3456.283380    
  0.6850577797E-03   3449.677965    
  0.6886911624E-03   3613.161985    
  0.6923245450E-03   3423.806756    
  0.6959579276E-03   3378.669754    
  0.6995913103E-03   3414.449085    
  0.7032246929E-03   3573.529495    
  0.7068580755E-03   3515.732114    
  0.7104914581E-03   3446.375257    
  0.7141248408E-03   3356.651704    
  0.7177582234E-03   3651.143121    
  0.7213916060E-03   3332.431849    
  0.7250249887E-03   3433.164427    
  0.7286583713E-03   3474.448271    
  0.7322917539E-03   3552.612348    
  0.7359251366E-03   3429.861720    
  0.7395585192E-03   3269.129956    
  0.7431919018E-03   3515.732114    
  0.7468252845E-03   3515.732114    
  0.7504586671E-03   3596.648448    
  0.7540920497E-03   3315.918312    
  0.7577254324E-03   3532.245652    
  0.7613588150E-03   3479.402332    
  0.7649921976E-03   3466.191502    
  0.7686255802E-03   3312.065153    
  0.7722589629E-03   3613.712436    
  0.7758923455E-03   3573.529495    
  0.7795257281E-03   3513.530309    
  0.7831591108E-03   3367.110278    
  0.7867924934E-03   3299.404774    
  0.7904258760E-03   3611.510631    
  0.7940592587E-03   3765.086529    
  0.7976926413E-03   3253.166870    
  0.8013260239E-03   3486.007747    
  0.8049594066E-03   3588.391679    
  0.8085927892E-03   3641.234999    
  0.8122261718E-03   3729.307198    
  0.8158595545E-03   3538.851067    
  0.8194929371E-03   3599.951155    
  0.8231263197E-03   3676.463878    
  0.8267597023E-03   3552.061897    
  0.8303930850E-03   3578.483556    
  0.8340264676E-03   3659.399890    
  0.8376598502E-03   3865.819107    
  0.8412932329E-03   3715.545917    
  0.8449266155E-03   3647.840414    
  0.8485599981E-03   3656.647634    
  0.8521933808E-03   3695.729672    
  0.8558267634E-03   3882.332645    
  0.8594601460E-03   3649.491767    
  0.8630935287E-03   3897.194828    
  0.8667269113E-03   3710.041404    
  0.8703602939E-03   3628.024169    
  0.8739936766E-03   3795.911799    
  0.8776270592E-03   3710.591856    
  0.8812604418E-03   3948.386794    
  0.8848938244E-03   4128.934803    
  0.8885272071E-03   3306.010189    
  0.8921605897E-03   3170.599182    
  0.8957939723E-03   3451.329318    
  0.8994273550E-03   3183.810012    
  0.9030607376E-03   3119.407217    
  0.9066941202E-03   3142.526169    
  0.9103275029E-03   3054.453969    
  0.9139608855E-03   2827.117604    
  0.9175942681E-03   3028.582761    
  0.9212276508E-03   2952.620489    
  0.9248610334E-03   2853.539264    
  0.9284944160E-03   2802.347298    
  0.9321277987E-03   2693.357951    
  0.9357611813E-03   2787.485115    
  0.9393945639E-03   2706.568781    
  0.9430279465E-03   2630.606509    
  0.9466613292E-03   2627.303802    
  0.9502947118E-03   2584.368604    
  0.9539280944E-03   2661.982230    
  0.9575614771E-03   2597.579434    
  0.9611948597E-03   2425.838645    
  0.9648282423E-03   2420.884584    
  0.9684616250E-03   2492.993697    
  0.9720950076E-03   2534.827992    
  0.9757283902E-03   2216.116720    
  0.9793617729E-03   2435.746768    
  0.9829951555E-03   2287.124931    
  0.9866285381E-03   2221.621233    
  0.9902619207E-03   2377.949387    
  0.9938953034E-03   2121.439106    
  0.9975286860E-03   2204.557244    
  0.1001162069E-02   2067.494884    
  0.1004795451E-02   2161.622047    
  0.1008428834E-02   2188.043707    
  0.1012062217E-02   2162.722949    
  0.1015695599E-02   2064.742627    
  0.1019328982E-02   2093.916543    
  0.1022962364E-02   2166.576108    
  0.1026595747E-02   2179.786938    
  0.1030229130E-02   2129.695874    
  0.1033862512E-02   2169.878816    
  0.1037495895E-02   2186.392353    
  0.1041129278E-02   2295.381700    
  0.1044762660E-02   2238.134770    
  0.1048396043E-02   2276.666357    
  0.1052029425E-02   2315.197945    
  0.1055662808E-02   2453.911659    
  0.1059296191E-02   2424.187292    
  0.1062929573E-02   2617.395679    
  0.1066562956E-02   2793.540078    
  0.1070196339E-02   2805.650006    
  0.1073829721E-02   2827.668056    
  0.1077463104E-02   2858.493325    
  0.1081096487E-02   2668.587645    
  0.1084729869E-02   2927.299731    
  0.1088363252E-02   2777.576992    
  0.1091996634E-02   2893.171754    
  0.1095630017E-02   2821.062641    
  0.1099263400E-02   2653.175010    
  0.1102896782E-02   2908.033938    
  0.1106530165E-02   2837.025727    
  0.1110163548E-02   3018.674638    
  0.1113796930E-02   3008.766516    
  0.1117430313E-02   2909.134840    
  0.1121063695E-02   3039.041334    
  0.1124697078E-02   2950.969135    
  0.1128330461E-02   3074.820666    
  0.1131963843E-02   2950.418684    
  0.1135597226E-02   2993.904332    
  0.1139230609E-02   3088.031495    
  0.1142863991E-02   3081.976532    
  0.1146497374E-02   2945.464622    
  0.1150130757E-02   3104.545033    
  0.1153764139E-02   3157.388353    
  0.1157397522E-02   3170.048731    
  0.1161030904E-02   2935.006049    
  0.1164664287E-02   3109.499094    
  0.1168297670E-02   3234.451527    
  0.1171931052E-02   3220.139795    
  0.1175564435E-02   3150.782938    
  0.1179197818E-02   3119.407217    
  0.1182831200E-02   3319.221019    
  0.1186464583E-02   3140.874815    
  0.1190097965E-02   3397.935547    
  0.1193731348E-02   3243.809198    
  0.1197364731E-02   3384.724718    
  0.1200998113E-02   3519.034822    
  0.1204631496E-02   3287.294847    
  0.1208264879E-02   3567.474532    
  0.1211898261E-02   3581.235813    
  0.1215531644E-02   3751.325248    
  0.1219165027E-02   3770.591042    
  0.1222798409E-02   3726.554942    
  0.1226431792E-02   3799.764958    
  0.1230065174E-02   4051.321178    
  0.1233698557E-02   3908.754305    
  0.1237331940E-02   4305.079202    
  0.1240965322E-02   4265.997164    
  0.1244598705E-02   4227.465577    
  0.1248232088E-02   4612.781450    
  0.1251865470E-02   4665.074318    
  0.1255498853E-02   4490.581273    
  0.1259132235E-02   4356.821620    
  0.1262765618E-02   4384.344182    
  0.1266399001E-02   3694.628770    
  0.1270032383E-02   2960.326806    
  0.1273665766E-02   2691.156146    
  0.1277299149E-02   1884.194618    
  0.1280932531E-02   1786.764748    
  0.1284565914E-02   1657.959156    
  0.1288199297E-02   1712.453829    
  0.1291832679E-02   1535.758979    
  0.1295466062E-02   1529.153564    
  0.1299099444E-02   1591.905006    
  0.1302732827E-02   1410.256095    
  0.1306366210E-02   1494.475135    
  0.1309999592E-02   1439.980462    
  0.1313632975E-02   1309.523517    
  0.1317266358E-02   1332.642469    
  0.1320899740E-02   1367.320897    
  0.1324533123E-02   1268.239673    
  0.1328166505E-02   1231.909891    
  0.1331799888E-02   1269.891027    
  0.1335433271E-02   1210.442292    
  0.1339066653E-02   1116.315129    
  0.1342700036E-02   1205.488231    
  0.1346333419E-02   1116.315129    
  0.1349966801E-02   1079.985347    
  0.1353600184E-02   1121.269190    
  0.1357233566E-02   1055.215040    
  0.1360866949E-02   1063.471809    
  0.1364500332E-02   961.0878772    
  0.1368133714E-02   1017.233904    
  0.1371767097E-02   989.1608908    
  0.1375400480E-02   949.5284010    
  0.1379033862E-02   899.9877888    
  0.1382667245E-02   967.6932922    
  0.1386300628E-02   843.8417616    
  0.1389934010E-02   871.9147752    
  0.1393567393E-02   921.4553874    
  0.1397200775E-02   782.7416732    
  0.1400834158E-02   802.5579181    
  0.1404467541E-02   804.2092718    
  0.1408100923E-02   764.5767820    
  0.1411734306E-02   762.9254283    
  0.1415367689E-02   719.9902310    
  0.1419001071E-02   723.2929385    
  0.1422634454E-02   685.3118025    
  0.1426267836E-02   691.9172174    
  0.1429901219E-02   630.8171290    
  0.1433534602E-02   645.6793127    
  0.1437167984E-02   660.5414963    
  0.1440801367E-02   500.3601835    
  0.1444434750E-02   601.0927617    
  0.1448068132E-02   521.8277821    
  0.1451701515E-02   563.1116256    
  0.1455334898E-02   500.3601835    
  0.1458968280E-02   493.7547685    
  0.1462601663E-02   434.3060338    
  0.1466235045E-02   445.8655100    
  0.1469868428E-02   402.9303128    
  0.1473501811E-02   373.2059454    
  0.1477135193E-02   379.8113604    
  0.1480768576E-02   328.6193944    
  0.1484401959E-02   280.7301359    
  0.1488035341E-02   260.9138911    
  0.1491668724E-02   221.2814013    
  0.1495302106E-02   178.3462040    
  0.1498935489E-02   104.0352857    
  0.1502568872E-02   9.082445575    
  0.1506202254E-02   0.000000000    
  0.1509835637E-02   0.000000000    
  0.1513469020E-02   0.000000000    
  0.1517102402E-02   0.000000000    
  0.1520735785E-02   0.000000000    
  0.1524369168E-02   0.000000000    
  0.1528002550E-02   0.000000000    
  0.1531635933E-02   0.000000000    
  0.1535269315E-02   0.000000000    
  0.1538902698E-02   0.000000000    
  0.1542536081E-02   0.000000000    
  0.1546169463E-02   0.000000000    
  0.1549802846E-02   0.000000000    
  0.1553436229E-02   0.000000000    
  0.1557069611E-02   0.000000000    
  0.1560702994E-02   0.000000000    
  0.1564336376E-02   0.000000000    
  0.1567969759E-02   0.000000000    
  0.1571603142E-02   0.000000000    
  0.1575236524E-02   0.000000000    
  0.1578869907E-02   0.000000000    
  0.1582503290E-02   0.000000000    
  0.1586136672E-02   0.000000000    
  0.1589770055E-02   0.000000000    
  0.1593403438E-02   0.000000000    
  0.1597036820E-02   0.000000000    
  0.1600670203E-02   0.000000000    
  0.1604303585E-02   0.000000000    
  0.1607936968E-02   0.000000000    
  0.1611570351E-02   0.000000000    
  0.1615203733E-02   0.000000000    
  0.1618837116E-02   0.000000000    
  0.1622470499E-02   0.000000000    
  0.1626103881E-02   0.000000000    
  0.1629737264E-02   0.000000000    
  0.1633370646E-02   0.000000000    
  0.1637004029E-02   0.000000000    
  0.1640637412E-02   0.000000000    
  0.1644270794E-02   0.000000000    
  0.1647904177E-02   0.000000000    
