   0.000000000      0.5224419337E-38
  0.1345846785E-01  0.1039677312E-10
  0.2691693569E-01  0.1657243295E-09
  0.4037540354E-01  0.8337405665E-09
  0.5383387139E-01  0.2612026357E-08
  0.6729233924E-01  0.6305529275E-08
  0.8075080708E-01  0.1289623779E-07
  0.9420927493E-01  0.2350605002E-07
  0.1076677428      0.3935413724E-07
  0.1211262106      0.6171029151E-07
  0.1345846785      0.9184588159E-07
  0.1480431463      0.1309841179E-06
  0.1615016142      0.1802513430E-06
  0.1749600820      0.2406310175E-06
  0.1884185499      0.3129219686E-06
  0.2018770177      0.3977023071E-06
  0.2153354856      0.4953002130E-06
  0.2287939534      0.6057725427E-06
  0.2422524213      0.7288919304E-06
  0.2557108891      0.8641427616E-06
  0.2691693569      0.1010726088E-05
  0.2826278248      0.1167573246E-05
  0.2960862926      0.1333367664E-05
  0.3095447605      0.1506574044E-05
  0.3230032283      0.1685473921E-05
  0.3364616962      0.1868206360E-05
  0.3499201640      0.2052812434E-05
  0.3633786319      0.2237282033E-05
  0.3768370997      0.2419601500E-05
  0.3902955676      0.2597800616E-05
  0.4037540354      0.2769997526E-05
  0.4172125033      0.2893515039E-05
  0.4306709711      0.2958325570E-05
  0.4441294390      0.3001733354E-05
  0.4575879068      0.3023490318E-05
  0.4710463747      0.3023819787E-05
  0.4845048425      0.3003397465E-05
  0.4979633104      0.2963318858E-05
  0.5114217782      0.2905054747E-05
  0.5248802460      0.2830396729E-05
  0.5383387139      0.2741395169E-05
  0.5517971817      0.2640292147E-05
  0.5652556496      0.2529452069E-05
  0.5787141174      0.2411292635E-05
  0.5921725853      0.2288218729E-05
  0.6056310531      0.2162561576E-05
  0.6190895210      0.2036525219E-05
  0.6325479888      0.1912141944E-05
  0.6460064567      0.1791237872E-05
  0.6594649245      0.1675409399E-05
  0.6729233924      0.1566010709E-05
  0.6863818602      0.1464152021E-05
  0.6998403281      0.1370707822E-05
  0.7132987959      0.1286333851E-05
  0.7267572638      0.1211491268E-05
  0.7402157316      0.1146476170E-05
  0.7536741994      0.1091452394E-05
  0.7671326673      0.1046485509E-05
  0.7805911351      0.1011575869E-05
  0.7940496030      0.9866887600E-06
  0.8075080708      0.9717798574E-06
  0.8209665387      0.9668145259E-06
  0.8346256212      0.9661543625E-06
  0.8482847037      0.9641761255E-06
  0.8619437862      0.9608865649E-06
  0.8756028687      0.9562968955E-06
  0.8892619512      0.9504227449E-06
  0.9029210337      0.9432840817E-06
  0.9165801162      0.9349051223E-06
  0.9302391988      0.9253142189E-06
  0.9438982813      0.9145437289E-06
  0.9575573638      0.9026298649E-06
  0.9712164463      0.8896125284E-06
  0.9848755288      0.8755351257E-06
  0.9985346113      0.8604443692E-06
   1.012193694      0.8443900629E-06
   1.025852776      0.8274248753E-06
   1.039511859      0.8096040998E-06
   1.053170941      0.7909854030E-06
   1.066830024      0.7716285647E-06
   1.080489106      0.7515952082E-06
   1.094148189      0.7309485240E-06
   1.107807271      0.7097529880E-06
   1.121466354      0.6880740752E-06
   1.135125436      0.6659779708E-06
   1.148784519      0.6435312800E-06
   1.162443601      0.6208007381E-06
   1.176102684      0.5978529223E-06
   1.189761766      0.5747539669E-06
   1.203420849      0.5515692827E-06
   1.217079931      0.5283632828E-06
   1.230739014      0.5051991157E-06
   1.244398096      0.4821384077E-06
   1.258057179      0.4592410143E-06
   1.271716261      0.4365647840E-06
   1.285375344      0.4141653339E-06
   1.299034427      0.3920958396E-06
   1.312693509      0.3704068385E-06
   1.326352592      0.3491460501E-06
   1.340011674      0.3283582115E-06
   1.353670757      0.3080849309E-06
   1.367329839      0.2883645584E-06
   1.380988922      0.2692320754E-06
   1.394648004      0.2507190029E-06
   1.408307087      0.2328533291E-06
   1.421966169      0.2156594565E-06
   1.435625252      0.1991581682E-06
   1.449284334      0.1833666146E-06
   1.462943417      0.1682983192E-06
   1.476602499      0.1539632044E-06
   1.490261582      0.1403676357E-06
   1.503920664      0.1275144856E-06
   1.517579747      0.1154032150E-06
   1.531238829      0.1040299733E-06
   1.544897912      0.9338771435E-07
   1.558556994      0.8346633013E-07
   1.572216077      0.7425279862E-07
   1.585875159      0.6573134695E-07
   1.599534242      0.5788362776E-07
   1.613193324      0.5068890809E-07
   1.626852407      0.4412426941E-07
   1.640511489      0.3816481783E-07
   1.654170572      0.3278390299E-07
   1.667829654      0.2795334451E-07
   1.681488737      0.2364366449E-07
   1.695147819      0.1982432487E-07
   1.708806902      0.1646396802E-07
   1.722465984      0.1353065935E-07
   1.736125067      0.1099213043E-07
   1.749784149      0.8816021146E-08
   1.763443232      0.6970119624E-08
   1.777102314      0.5422598356E-08
   1.790761397      0.4142245287E-08
   1.804420479      0.3098688461E-08
   1.818079562      0.2262612936E-08
   1.831738644      0.1605968719E-08
   1.845397727      0.1102168512E-08
   1.859056809      0.7262741403E-09
   1.872715892      0.4551705763E-09
   1.886374974      0.2677265598E-09
   1.900034057      0.1449408969E-09
   1.913693139      0.7007358914E-10
   1.927352222      0.2876104214E-10
   1.941011304      0.9114692204E-11
   1.954670387      0.1802484044E-11
   1.968329469      0.1127322290E-12
   1.981988552      0.5224419337E-38
   1.995403229      0.9285299438E-12
   2.008817906      0.1483039859E-10
   2.022232583      0.7485930211E-10
   2.035647260      0.2356238097E-09
   2.049061937      0.5722260045E-09
   2.062476614      0.1178935489E-08
   2.075891291      0.2167518325E-08
   2.089305968      0.3665245581E-08
   2.102720644      0.5812610943E-08
   2.116135321      0.8760791142E-08
   2.129549998      0.1266888688E-07
   2.142964675      0.1770098516E-07
   2.156379352      0.2402308686E-07
   2.169794029      0.3179994516E-07
   2.183208706      0.4119186239E-07
   2.196623383      0.5235149318E-07
   2.210038060      0.6542070224E-07
   2.223452737      0.8052752430E-07
   2.236867414      0.9778327263E-07
   2.250282091      0.1172798406E-06
   2.263696768      0.1390872381E-06
   2.277111445      0.1632514012E-06
   2.290526122      0.1897923113E-06
   2.303940799      0.2187024523E-06
   2.317355476      0.2499456342E-06
   2.330770153      0.2834562024E-06
   2.344184830      0.3191386501E-06
   2.357599506      0.3568676412E-06
   2.371014183      0.3964884513E-06
   2.384428860      0.4378178225E-06
   2.397843537      0.4806452258E-06
   2.411258214      0.5247345188E-06
   2.424672891      0.5698259773E-06
   2.438087568      0.6156386804E-06
   2.451502245      0.6618732172E-06
   2.464916922      0.7082146824E-06
   2.478331599      0.7543359232E-06
   2.491746276      0.7999009964E-06
   2.505160953      0.8445687896E-06
   2.518575630      0.8879967616E-06
   2.531990307      0.9298447511E-06
   2.545404984      0.9697788058E-06
   2.558819661      0.1007474980E-05
   2.572234338      0.1042623049E-05
   2.585649015      0.1074930098E-05
   2.599063691      0.1104123929E-05
   2.612478368      0.1129956243E-05
   2.625893045      0.1152205558E-05
   2.639307722      0.1170679826E-05
   2.652722399      0.1185218704E-05
   2.666137076      0.1195695457E-05
   2.679551753      0.1202018465E-05
   2.692966430      0.1204132315E-05
     
   0.000000000      0.5224419337E-38
  0.1345846785E-01  0.1039677312E-10
  0.2691693569E-01  0.1657243295E-09
  0.4037540354E-01  0.8337405665E-09
  0.5383387139E-01  0.2612026357E-08
  0.6729233924E-01  0.6305529275E-08
  0.8075080708E-01  0.1289623779E-07
  0.9420927493E-01  0.2350605002E-07
  0.1076677428      0.3935413724E-07
  0.1211262106      0.6171029151E-07
  0.1345846785      0.9184588159E-07
  0.1480431463      0.1309841179E-06
  0.1615016142      0.1802513430E-06
  0.1749600820      0.2406310175E-06
  0.1884185499      0.3129219686E-06
  0.2018770177      0.3977023071E-06
  0.2153354856      0.4953002130E-06
  0.2287939534      0.6057725427E-06
  0.2422524213      0.7288919304E-06
  0.2557108891      0.8641427616E-06
  0.2691693569      0.1010726088E-05
  0.2826278248      0.1167573246E-05
  0.2960862926      0.1333367664E-05
  0.3095447605      0.1506574044E-05
  0.3230032283      0.1685473921E-05
  0.3364616962      0.1868206360E-05
  0.3499201640      0.2052812434E-05
  0.3633786319      0.2237282033E-05
  0.3768370997      0.2419601500E-05
  0.3902955676      0.2597800616E-05
  0.4037540354      0.2769997526E-05
  0.4172125033      0.2934440284E-05
  0.4306709711      0.3089543899E-05
  0.4441294390      0.3233921912E-05
  0.4575879068      0.3366411764E-05
  0.4710463747      0.3486093470E-05
  0.4845048425      0.3592301332E-05
  0.4979633104      0.3684628675E-05
  0.5114217782      0.3762925823E-05
  0.5248802460      0.3827291741E-05
  0.5383387139      0.3878059960E-05
  0.5517971817      0.3915779532E-05
  0.5652556496      0.3941191912E-05
  0.5787141174      0.3955204698E-05
  0.5921725853      0.3958863231E-05
  0.6056310531      0.3953321018E-05
  0.6190895210      0.3939809921E-05
  0.6325479888      0.3919610959E-05
  0.6460064567      0.3894026472E-05
  0.6594649245      0.3864354265E-05
  0.6729233924      0.3831864201E-05
  0.6863818602      0.3797777581E-05
  0.6998403281      0.3763249454E-05
  0.7132987959      0.3729353914E-05
  0.7267572638      0.3697072263E-05
  0.7402157316      0.3667283833E-05
  0.7536741994      0.3640759169E-05
  0.7671326673      0.3618155212E-05
  0.7805911351      0.3600012097E-05
  0.7940496030      0.3586751182E-05
  0.8075080708      0.3578673939E-05
  0.8209665387      0.3575961404E-05
  0.8346256212      0.3573519654E-05
  0.8482847037      0.3566202740E-05
  0.8619437862      0.3554035627E-05
  0.8756028687      0.3537059795E-05
  0.8892619512      0.3515333047E-05
  0.9029210337      0.3488929240E-05
  0.9165801162      0.3457937943E-05
  0.9302391988      0.3422464024E-05
  0.9438982813      0.3382627163E-05
  0.9575573638      0.3338561298E-05
  0.9712164463      0.3290414015E-05
  0.9848755288      0.3238345860E-05
  0.9985346113      0.3182529608E-05
   1.012193694      0.3123149470E-05
   1.025852776      0.3060400252E-05
   1.039511859      0.2994486466E-05
   1.053170941      0.2925621405E-05
   1.066830024      0.2854026177E-05
   1.080489106      0.2779928708E-05
   1.094148189      0.2703562720E-05
   1.107807271      0.2625166693E-05
   1.121466354      0.2544982797E-05
   1.135125436      0.2463255832E-05
   1.148784519      0.2380232152E-05
   1.162443601      0.2296158590E-05
   1.176102684      0.2211281397E-05
   1.189761766      0.2125845183E-05
   1.203420849      0.2040091883E-05
   1.217079931      0.1954259742E-05
   1.230739014      0.1868582330E-05
   1.244398096      0.1783287581E-05
   1.258057179      0.1698596885E-05
   1.271716261      0.1614724206E-05
   1.285375344      0.1531875256E-05
   1.299034427      0.1450246714E-05
   1.312693509      0.1370025504E-05
   1.326352592      0.1291388127E-05
   1.340011674      0.1214500051E-05
   1.353670757      0.1139515173E-05
   1.367329839      0.1066575339E-05
   1.380988922      0.9958099349E-06
   1.394648004      0.9273355472E-06
   1.408307087      0.8612556963E-06
   1.421966169      0.7976606393E-06
   1.435625252      0.7366272471E-06
   1.449284334      0.6782189539E-06
   1.462943417      0.6224857795E-06
   1.476602499      0.5694644234E-06
   1.490261582      0.5191784300E-06
   1.503920664      0.4716384236E-06
   1.517579747      0.4268424106E-06
   1.531238829      0.3847761481E-06
   1.544897912      0.3454135754E-06
   1.558556994      0.3087173052E-06
   1.572216077      0.2746391732E-06
   1.585875159      0.2431208400E-06
   1.599534242      0.2140944444E-06
   1.613193324      0.1874833012E-06
   1.626852407      0.1632026414E-06
   1.640511489      0.1411603900E-06
   1.654170572      0.1212579752E-06
   1.667829654      0.1033911659E-06
   1.681488737      0.8745093232E-07
   1.695147819      0.7332432302E-07
   1.708806902      0.6089535543E-07
   1.722465984      0.5004591296E-07
   1.736125067      0.4065664416E-07
   1.749784149      0.3260785860E-07
   1.763443232      0.2578041402E-07
   1.777102314      0.2005658987E-07
   1.790761397      0.1532094199E-07
   1.804420479      0.1146113349E-07
   1.818079562      0.8368737038E-08
   1.831738644      0.5940004003E-08
   1.845397727      0.4076595823E-08
   1.859056809      0.2686273556E-08
   1.872715892      0.1683541537E-08
   1.886374974      0.9902414773E-09
   1.900034057      0.5360935725E-09
   1.913693139      0.2591815115E-09
   1.927352222      0.1063786009E-09
   1.941011304      0.3371255464E-10
   1.954670387      0.6666856156E-11
   1.968329469      0.4169632219E-12
   1.981988552      0.5224419337E-38
   1.995403229      0.9285299438E-12
   2.008817906      0.1483039859E-10
   2.022232583      0.7485930211E-10
   2.035647260      0.2356238097E-09
   2.049061937      0.5722260045E-09
   2.062476614      0.1178935489E-08
   2.075891291      0.2167518325E-08
   2.089305968      0.3665245581E-08
   2.102720644      0.5812610943E-08
   2.116135321      0.8760791142E-08
   2.129549998      0.1266888688E-07
   2.142964675      0.1770098516E-07
   2.156379352      0.2402308686E-07
   2.169794029      0.3179994516E-07
   2.183208706      0.4119186239E-07
   2.196623383      0.5235149318E-07
   2.210038060      0.6542070224E-07
   2.223452737      0.8052752430E-07
   2.236867414      0.9778327263E-07
   2.250282091      0.1172798406E-06
   2.263696768      0.1390872381E-06
   2.277111445      0.1632514012E-06
   2.290526122      0.1897923113E-06
   2.303940799      0.2187024523E-06
   2.317355476      0.2499456342E-06
   2.330770153      0.2834562024E-06
   2.344184830      0.3191386501E-06
   2.357599506      0.3568676412E-06
   2.371014183      0.3964884513E-06
   2.384428860      0.4378178225E-06
   2.397843537      0.4806452258E-06
   2.411258214      0.5247345188E-06
   2.424672891      0.5698259773E-06
   2.438087568      0.6156386804E-06
   2.451502245      0.6618732172E-06
   2.464916922      0.7082146824E-06
   2.478331599      0.7543359232E-06
   2.491746276      0.7999009964E-06
   2.505160953      0.8445687896E-06
   2.518575630      0.8879967616E-06
   2.531990307      0.9298447511E-06
   2.545404984      0.9697788058E-06
   2.558819661      0.1007474980E-05
   2.572234338      0.1042623049E-05
   2.585649015      0.1074930098E-05
   2.599063691      0.1104123929E-05
   2.612478368      0.1129956243E-05
   2.625893045      0.1152205558E-05
   2.639307722      0.1170679826E-05
   2.652722399      0.1185218704E-05
   2.666137076      0.1195695457E-05
   2.679551753      0.1202018465E-05
   2.692966430      0.1204132315E-05
     
   0.000000000      0.5224419337E-38
  0.1345846785E-01  0.1463372280E-10
  0.2691693569E-01  0.2330584108E-09
  0.4037540354E-01  0.1170788832E-08
  0.5383387139E-01  0.3660490196E-08
  0.6729233924E-01  0.8813318865E-08
  0.8075080708E-01  0.1796701210E-07
  0.9420927493E-01  0.3262283213E-07
  0.1076677428      0.5437392289E-07
  0.1211262106      0.8482798760E-07
  0.1345846785      0.1255274286E-06
  0.1480431463      0.1778701976E-06
  0.1615016142      0.2430345815E-06
  0.1749600820      0.3219109957E-06
  0.1884185499      0.4150435844E-06
  0.2018770177      0.5225840383E-06
  0.2153354856      0.6442595621E-06
  0.2287939534      0.7793563661E-06
  0.2422524213      0.9267194470E-06
  0.2557108891      0.1084768787E-05
  0.2691693569      0.1251531457E-05
  0.2826278248      0.1424688501E-05
  0.2960862926      0.1601634898E-05
  0.3095447605      0.1779550417E-05
  0.3230032283      0.1955478750E-05
  0.3364616962      0.2126412032E-05
  0.3499201640      0.2289377657E-05
  0.3633786319      0.2441524231E-05
  0.3768370997      0.2580203582E-05
  0.3902955676      0.2703045927E-05
  0.4037540354      0.2808025587E-05
  0.4172125033      0.2934440284E-05
  0.4306709711      0.3089543899E-05
  0.4441294390      0.3233921912E-05
  0.4575879068      0.3366411764E-05
  0.4710463747      0.3486093470E-05
  0.4845048425      0.3592301332E-05
  0.4979633104      0.3684628675E-05
  0.5114217782      0.3762925823E-05
  0.5248802460      0.3827291741E-05
  0.5383387139      0.3878059960E-05
  0.5517971817      0.3915779532E-05
  0.5652556496      0.3941191912E-05
  0.5787141174      0.3955204698E-05
  0.5921725853      0.3958863231E-05
  0.6056310531      0.3953321018E-05
  0.6190895210      0.3939809921E-05
  0.6325479888      0.3919610959E-05
  0.6460064567      0.3894026472E-05
  0.6594649245      0.3864354265E-05
  0.6729233924      0.3831864201E-05
  0.6863818602      0.3797777581E-05
  0.6998403281      0.3763249454E-05
  0.7132987959      0.3729353914E-05
  0.7267572638      0.3697072263E-05
  0.7402157316      0.3667283833E-05
  0.7536741994      0.3640759169E-05
  0.7671326673      0.3618155212E-05
  0.7805911351      0.3600012097E-05
  0.7940496030      0.3586751182E-05
  0.8075080708      0.3578673939E-05
  0.8209665387      0.3575961404E-05
  0.8346256212      0.3573519654E-05
  0.8482847037      0.3566202740E-05
  0.8619437862      0.3554035627E-05
  0.8756028687      0.3537059795E-05
  0.8892619512      0.3515333047E-05
  0.9029210337      0.3488929240E-05
  0.9165801162      0.3457937943E-05
  0.9302391988      0.3422464024E-05
  0.9438982813      0.3382627163E-05
  0.9575573638      0.3338561298E-05
  0.9712164463      0.3290414015E-05
  0.9848755288      0.3238345860E-05
  0.9985346113      0.3182529608E-05
   1.012193694      0.3123149470E-05
   1.025852776      0.3060400252E-05
   1.039511859      0.2994486466E-05
   1.053170941      0.2925621405E-05
   1.066830024      0.2854026177E-05
   1.080489106      0.2779928708E-05
   1.094148189      0.2703562720E-05
   1.107807271      0.2625166693E-05
   1.121466354      0.2544982797E-05
   1.135125436      0.2463255832E-05
   1.148784519      0.2380232152E-05
   1.162443601      0.2296158590E-05
   1.176102684      0.2211281397E-05
   1.189761766      0.2125845183E-05
   1.203420849      0.2040091883E-05
   1.217079931      0.1954259742E-05
   1.230739014      0.1868582330E-05
   1.244398096      0.1783287581E-05
   1.258057179      0.1698596885E-05
   1.271716261      0.1614724206E-05
   1.285375344      0.1531875256E-05
   1.299034427      0.1450246714E-05
   1.312693509      0.1370025504E-05
   1.326352592      0.1291388127E-05
   1.340011674      0.1214500051E-05
   1.353670757      0.1139515173E-05
   1.367329839      0.1066575339E-05
   1.380988922      0.9958099349E-06
   1.394648004      0.9273355472E-06
   1.408307087      0.8612556963E-06
   1.421966169      0.7976606393E-06
   1.435625252      0.7366272471E-06
   1.449284334      0.6782189539E-06
   1.462943417      0.6224857795E-06
   1.476602499      0.5694644234E-06
   1.490261582      0.5191784300E-06
   1.503920664      0.4716384236E-06
   1.517579747      0.4268424106E-06
   1.531238829      0.3847761481E-06
   1.544897912      0.3454135754E-06
   1.558556994      0.3087173052E-06
   1.572216077      0.2746391732E-06
   1.585875159      0.2431208400E-06
   1.599534242      0.2140944444E-06
   1.613193324      0.1874833012E-06
   1.626852407      0.1632026414E-06
   1.640511489      0.1411603900E-06
   1.654170572      0.1212579752E-06
   1.667829654      0.1033911659E-06
   1.681488737      0.8745093232E-07
   1.695147819      0.7332432302E-07
   1.708806902      0.6089535543E-07
   1.722465984      0.5004591296E-07
   1.736125067      0.4065664416E-07
   1.749784149      0.3260785860E-07
   1.763443232      0.2578041402E-07
   1.777102314      0.2005658987E-07
   1.790761397      0.1532094199E-07
   1.804420479      0.1146113349E-07
   1.818079562      0.8368737038E-08
   1.831738644      0.5940004003E-08
   1.845397727      0.4076595823E-08
   1.859056809      0.2686273556E-08
   1.872715892      0.1683541537E-08
   1.886374974      0.9902414773E-09
   1.900034057      0.5360935725E-09
   1.913693139      0.2591815115E-09
   1.927352222      0.1063786009E-09
   1.941011304      0.3371255464E-10
   1.954670387      0.6666856156E-11
   1.968329469      0.4169632219E-12
   1.981988552      0.5224419337E-38
   1.995403229      0.6364244019E-11
   2.008817906      0.1016491457E-09
   2.022232583      0.5130937014E-09
   2.035647260      0.1614990913E-08
   2.049061937      0.3922098529E-08
   2.062476614      0.8080550538E-08
   2.075891291      0.1485640353E-07
   2.089305968      0.2512198710E-07
   2.102720644      0.3984026005E-07
   2.116135321      0.6004740397E-07
   2.129549998      0.8683391211E-07
   2.142964675      0.1213244546E-06
   2.156379352      0.1646568190E-06
   2.169794029      0.2179602415E-06
   2.183208706      0.2823334515E-06
   2.196623383      0.3588227602E-06
   2.210038060      0.4484005236E-06
   2.223452737      0.5519443054E-06
   2.236867414      0.6702170589E-06
   2.250282091      0.8038486310E-06
   2.263696768      0.9533188767E-06
   2.277111445      0.1118942648E-05
   2.290526122      0.1300856898E-05
   2.303940799      0.1499010111E-05
   2.317355476      0.1713154237E-05
   2.330770153      0.1942839273E-05
   2.344184830      0.2187410604E-05
   2.357599506      0.2446009164E-05
   2.371014183      0.2717574454E-05
   2.384428860      0.3000850405E-05
   2.397843537      0.3294394030E-05
   2.411258214      0.3596586782E-05
   2.424672891      0.3905648485E-05
   2.438087568      0.4219653675E-05
   2.451502245      0.4536550159E-05
   2.464916922      0.4854179541E-05
   2.478331599      0.5170299482E-05
   2.491746276      0.5482607391E-05
   2.505160953      0.5788765246E-05
   2.518575630      0.6086425233E-05
   2.531990307      0.6373255850E-05
   2.545404984      0.6646968153E-05
   2.558819661      0.6905341778E-05
   2.572234338      0.7146250422E-05
   2.585649015      0.7367686412E-05
   2.599063691      0.7567784067E-05
   2.612478368      0.7744841517E-05
   2.625893045      0.7897340714E-05
   2.639307722      0.8023965334E-05
   2.652722399      0.8123616367E-05
   2.666137076      0.8195425156E-05
   2.679551753      0.8238763731E-05
   2.692966430      0.8253252292E-05
     
