 -0.5000000000       4.942222222    
 -0.4950000000       4.942222222    
 -0.4900000000       4.426666667    
 -0.4850000000       5.398518519    
 -0.4800000000       6.868148148    
 -0.4750000000       8.758518519    
 -0.4700000000       9.374814815    
 -0.4650000000       8.983703704    
 -0.4600000000       9.007407407    
 -0.4550000000       10.13333333    
 -0.4500000000       11.80444444    
 -0.4450000000       12.40888889    
 -0.4400000000       11.66222222    
 -0.4350000000       10.19259259    
 -0.4300000000       9.647407407    
 -0.4250000000       9.149629630    
 -0.4200000000       8.948148148    
 -0.4150000000       8.580740741    
 -0.4100000000       8.320000000    
 -0.4050000000       8.023703704    
 -0.4000000000       7.928888889    
 -0.3950000000       7.798518519    
 -0.3900000000       8.568888889    
 -0.3850000000       9.185185185    
 -0.3800000000       9.777777778    
 -0.3750000000       9.931851852    
 -0.3700000000       10.09777778    
 -0.3650000000       10.20444444    
 -0.3600000000       10.10962963    
 -0.3550000000       9.979259259    
 -0.3500000000       10.31111111    
 -0.3450000000       10.33481481    
 -0.3400000000       10.71407407    
 -0.3350000000       10.83259259    
 -0.3300000000       10.76148148    
 -0.3250000000       10.73777778    
 -0.3200000000       10.66666667    
 -0.3150000000       11.34222222    
 -0.3100000000       10.97481481    
 -0.3050000000       11.60296296    
 -0.3000000000       11.47259259    
 -0.2950000000       12.20740741    
 -0.2900000000       12.18370370    
 -0.2850000000       14.38222222    
 -0.2800000000       17.44000000    
 -0.2750000000       19.76296296    
 -0.2700000000       20.74074074    
 -0.2650000000       20.88296296    
 -0.2600000000       21.99703704    
 -0.2550000000       23.15851852    
 -0.2500000000       25.73037037    
 -0.2450000000       28.75259259    
 -0.2400000000       27.71555556    
 -0.2350000000       24.40888889    
 -0.2300000000       23.35407407    
 -0.2250000000       25.12592593    
 -0.2200000000       25.49333333    
 -0.2150000000       22.11555556    
 -0.2100000000       19.79259259    
 -0.2050000000       18.38222222    
 -0.2000000000       18.64296296    
 -0.1950000000       18.13333333    
 -0.1900000000       18.95111111    
 -0.1850000000       17.83703704    
 -0.1800000000       17.76592593    
 -0.1750000000       16.82962963    
 -0.1700000000       16.77037037    
 -0.1650000000       16.10666667    
 -0.1600000000       15.81037037    
 -0.1550000000       15.73925926    
 -0.1500000000       15.62074074    
 -0.1450000000       15.59703704    
 -0.1400000000       15.54962963    
 -0.1350000000       15.30074074    
 -0.1300000000       15.19407407    
 -0.1250000000       15.14666667    
 -0.1200000000       15.18222222    
 -0.1150000000       13.66518519    
 -0.1100000000       11.75703704    
 -0.1050000000       10.20444444    
 -0.1000000000       11.03407407    
 -0.9500000000E-01   13.21481481    
 -0.9000000000E-01   14.53629630    
 -0.8500000000E-01   13.64740741    
 -0.8000000000E-01   10.99259259    
 -0.7500000000E-01   8.865185185    
 -0.7000000000E-01   7.834074074    
 -0.6500000000E-01   6.968888889    
 -0.6000000000E-01   5.902222222    
 -0.5500000000E-01   5.143703704    
 -0.5000000000E-01   4.515555556    
 -0.4500000000E-01   4.065185185    
 -0.4000000000E-01   3.496296296    
 -0.3500000000E-01   2.998518519    
 -0.3000000000E-01   2.524444444    
 -0.2500000000E-01   2.097777778    
 -0.2000000000E-01   1.600000000    
 -0.1500000000E-01   1.102222222    
 -0.1000000000E-01  0.6400000000    
 -0.5000000000E-02  0.3081481481    
   0.000000000      0.1777777778    
  0.5000000000E-02  0.3318518519    
  0.1000000000E-01  0.6637037037    
  0.1500000000E-01   1.114074074    
  0.2000000000E-01   1.813333333    
  0.2500000000E-01   2.287407407    
  0.3000000000E-01   2.939259259    
  0.3500000000E-01   3.650370370    
  0.4000000000E-01   4.515555556    
  0.4500000000E-01   5.368888889    
  0.5000000000E-01   7.087407407    
  0.5500000000E-01   11.78666667    
  0.6000000000E-01   14.97481481    
  0.6500000000E-01   15.63851852    
  0.7000000000E-01   12.74074074    
  0.7500000000E-01   10.61925926    
  0.8000000000E-01   9.576296296    
  0.8500000000E-01   8.924444444    
  0.9000000000E-01   8.391111111    
  0.9500000000E-01   8.023703704    
  0.1000000000       7.680000000    
  0.1050000000       7.525925926    
  0.1100000000       7.211851852    
  0.1150000000       8.965925926    
  0.1200000000       10.83851852    
  0.1250000000       12.55111111    
  0.1300000000       12.58666667    
  0.1350000000       12.24296296    
  0.1400000000       12.21925926    
  0.1450000000       11.74518519    
  0.1500000000       11.78074074    
  0.1550000000       11.62666667    
  0.1600000000       11.80444444    
  0.1650000000       11.54370370    
  0.1700000000       11.52000000    
  0.1750000000       11.35407407    
  0.1800000000       11.43703704    
  0.1850000000       11.25925926    
  0.1900000000       11.41333333    
  0.1950000000       11.40148148    
  0.2000000000       12.81185185    
  0.2050000000       14.13925926    
  0.2100000000       12.90074074    
  0.2150000000       10.26962963    
  0.2200000000       7.958518519    
  0.2250000000       10.74962963    
  0.2300000000       16.73481481    
  0.2350000000       19.99407407    
  0.2400000000       20.62222222    
  0.2450000000       17.83703704    
  0.2500000000       17.31555556    
  0.2550000000       17.39851852    
  0.2600000000       18.96296296    
  0.2650000000       20.12444444    
  0.2700000000       18.28148148    
  0.2750000000       18.81481481    
  0.2800000000       17.54666667    
  0.2850000000       25.33925926    
  0.2900000000       33.40444444    
  0.2950000000       42.75555556    
  0.3000000000       50.17481481    
  0.3050000000       52.87111111    
  0.3100000000       54.02074074    
  0.3150000000       48.02370370    
  0.3200000000       43.47259259    
  0.3250000000       40.32000000    
  0.3300000000       37.01333333    
  0.3350000000       35.50814815    
  0.3400000000       35.38962963    
  0.3450000000       38.36444444    
  0.3500000000       38.37629630    
  0.3550000000       35.89925926    
  0.3600000000       31.94074074    
  0.3650000000       30.40000000    
  0.3700000000       31.79851852    
  0.3750000000       34.74962963    
  0.3800000000       37.20296296    
  0.3850000000       39.41925926    
  0.3900000000       44.16000000    
  0.3950000000       47.56148148    
  0.4000000000       44.32000000    
  0.4050000000       38.73185185    
  0.4100000000       32.49777778    
  0.4150000000       31.62074074    
  0.4200000000       31.36592593    
  0.4250000000       33.27407407    
  0.4300000000       34.59555556    
  0.4350000000       32.17777778    
  0.4400000000       28.12444444    
  0.4450000000       25.38666667    
  0.4500000000       26.02666667    
  0.4550000000       27.85185185    
  0.4600000000       30.89777778    
  0.4650000000       30.85629630    
  0.4700000000       31.36000000    
  0.4750000000       31.32444444    
  0.4800000000       37.81333333    
  0.4850000000       37.29777778    
  0.4900000000       34.09777778    
  0.4950000000       24.81777778    
     
